[0.499s] Invoking command in '/home/josh/Igris_c_ros2_ws/build/interface': CMAKE_PREFIX_PATH=${CMAKE_PREFIX_PATH}:/home/josh/Igris_c_ros2_ws/install/teleoperator:/home/josh/Igris_c_ros2_ws/install/collect_data:/home/josh/Igris_c_ros2_ws/install/camera:/home/josh/Igris_c_ros2_ws/install/Igris:/opt/ros/jazzy DEBUGINFOD_URLS=https://debuginfod.ubuntu.com /usr/bin/cmake --build /home/josh/Igris_c_ros2_ws/build/interface -- -j16 -l16
[0.540s] [  2%] Built target interface__rosidl_generator_type_description
[0.548s] [  2%] Built target ament_cmake_python_copy_interface
[0.557s] [  5%] Built target interface__cpp
[0.558s] [ 20%] Built target interface__rosidl_generator_c
[0.578s] [ 70%] Built target interface__rosidl_typesupport_introspection_cpp
[0.578s] [ 70%] Built target interface__rosidl_typesupport_c
[0.578s] [ 70%] Built target interface__rosidl_typesupport_introspection_c
[0.578s] [ 70%] Built target interface__rosidl_typesupport_fastrtps_cpp
[0.578s] [ 70%] Built target interface__rosidl_typesupport_cpp
[0.578s] [ 73%] Built target interface__rosidl_typesupport_fastrtps_c
[0.596s] [ 73%] Built target interface
[0.614s] [ 76%] Built target interface__py
[0.633s] [ 82%] Built target interface__rosidl_generator_py
[0.651s] [ 88%] Built target interface_s__rosidl_typesupport_introspection_c
[0.651s] [ 94%] Built target interface_s__rosidl_typesupport_c
[0.652s] [100%] Built target interface_s__rosidl_typesupport_fastrtps_c
[0.722s] running egg_info
[0.741s] writing interface.egg-info/PKG-INFO
[0.741s] writing dependency_links to interface.egg-info/dependency_links.txt
[0.741s] writing top-level names to interface.egg-info/top_level.txt
[0.793s] reading manifest file 'interface.egg-info/SOURCES.txt'
[0.793s] writing manifest file 'interface.egg-info/SOURCES.txt'
[0.814s] [100%] Built target ament_cmake_python_build_interface_egg
[0.824s] Invoked command in '/home/josh/Igris_c_ros2_ws/build/interface' returned '0': CMAKE_PREFIX_PATH=${CMAKE_PREFIX_PATH}:/home/josh/Igris_c_ros2_ws/install/teleoperator:/home/josh/Igris_c_ros2_ws/install/collect_data:/home/josh/Igris_c_ros2_ws/install/camera:/home/josh/Igris_c_ros2_ws/install/Igris:/opt/ros/jazzy DEBUGINFOD_URLS=https://debuginfod.ubuntu.com /usr/bin/cmake --build /home/josh/Igris_c_ros2_ws/build/interface -- -j16 -l16
[0.825s] Invoking command in '/home/josh/Igris_c_ros2_ws/build/interface': CMAKE_PREFIX_PATH=${CMAKE_PREFIX_PATH}:/home/josh/Igris_c_ros2_ws/install/teleoperator:/home/josh/Igris_c_ros2_ws/install/collect_data:/home/josh/Igris_c_ros2_ws/install/camera:/home/josh/Igris_c_ros2_ws/install/Igris:/opt/ros/jazzy DEBUGINFOD_URLS=https://debuginfod.ubuntu.com /usr/bin/cmake --install /home/josh/Igris_c_ros2_ws/build/interface
[0.832s] -- Install configuration: ""
[0.832s] -- Up-to-date: /home/josh/Igris_c_ros2_ws/install/interface/share/ament_index/resource_index/rosidl_interfaces/interface
[0.832s] -- Up-to-date: /home/josh/Igris_c_ros2_ws/install/interface/share/interface/srv/MoveJoints.json
[0.832s] -- Up-to-date: /home/josh/Igris_c_ros2_ws/install/interface/include/interface/interface
[0.832s] -- Up-to-date: /home/josh/Igris_c_ros2_ws/install/interface/include/interface/interface/srv
[0.832s] -- Up-to-date: /home/josh/Igris_c_ros2_ws/install/interface/include/interface/interface/srv/detail
[0.832s] -- Up-to-date: /home/josh/Igris_c_ros2_ws/install/interface/include/interface/interface/srv/detail/move_joints__functions.h
[0.832s] -- Up-to-date: /home/josh/Igris_c_ros2_ws/install/interface/include/interface/interface/srv/detail/move_joints__description.c
[0.833s] -- Up-to-date: /home/josh/Igris_c_ros2_ws/install/interface/include/interface/interface/srv/detail/move_joints__struct.h
[0.833s] -- Up-to-date: /home/josh/Igris_c_ros2_ws/install/interface/include/interface/interface/srv/detail/move_joints__type_support.c
[0.833s] -- Up-to-date: /home/josh/Igris_c_ros2_ws/install/interface/include/interface/interface/srv/detail/move_joints__functions.c
[0.833s] -- Up-to-date: /home/josh/Igris_c_ros2_ws/install/interface/include/interface/interface/srv/detail/move_joints__type_support.h
[0.833s] -- Up-to-date: /home/josh/Igris_c_ros2_ws/install/interface/include/interface/interface/srv/move_joints.h
[0.833s] -- Up-to-date: /home/josh/Igris_c_ros2_ws/install/interface/include/interface/interface/msg
[0.833s] -- Up-to-date: /home/josh/Igris_c_ros2_ws/install/interface/include/interface/interface/msg/rosidl_generator_c__visibility_control.h
[0.833s] -- Up-to-date: /home/josh/Igris_c_ros2_ws/install/interface/share/interface/environment/library_path.sh
[0.833s] -- Up-to-date: /home/josh/Igris_c_ros2_ws/install/interface/share/interface/environment/library_path.dsv
[0.833s] -- Up-to-date: /home/josh/Igris_c_ros2_ws/install/interface/lib/libinterface__rosidl_generator_c.so
[0.834s] -- Up-to-date: /home/josh/Igris_c_ros2_ws/install/interface/include/interface/interface
[0.834s] -- Up-to-date: /home/josh/Igris_c_ros2_ws/install/interface/include/interface/interface/srv
[0.834s] -- Up-to-date: /home/josh/Igris_c_ros2_ws/install/interface/include/interface/interface/srv/detail
[0.834s] -- Up-to-date: /home/josh/Igris_c_ros2_ws/install/interface/include/interface/interface/srv/detail/move_joints__rosidl_typesupport_fastrtps_c.h
[0.834s] -- Up-to-date: /home/josh/Igris_c_ros2_ws/install/interface/include/interface/interface/msg
[0.834s] -- Up-to-date: /home/josh/Igris_c_ros2_ws/install/interface/include/interface/interface/msg/rosidl_typesupport_fastrtps_c__visibility_control.h
[0.834s] -- Up-to-date: /home/josh/Igris_c_ros2_ws/install/interface/lib/libinterface__rosidl_typesupport_fastrtps_c.so
[0.834s] -- Up-to-date: /home/josh/Igris_c_ros2_ws/install/interface/include/interface/interface
[0.834s] -- Up-to-date: /home/josh/Igris_c_ros2_ws/install/interface/include/interface/interface/srv
[0.834s] -- Up-to-date: /home/josh/Igris_c_ros2_ws/install/interface/include/interface/interface/srv/detail
[0.835s] -- Up-to-date: /home/josh/Igris_c_ros2_ws/install/interface/include/interface/interface/srv/detail/move_joints__builder.hpp
[0.835s] -- Up-to-date: /home/josh/Igris_c_ros2_ws/install/interface/include/interface/interface/srv/detail/move_joints__type_support.hpp
[0.835s] -- Up-to-date: /home/josh/Igris_c_ros2_ws/install/interface/include/interface/interface/srv/detail/move_joints__struct.hpp
[0.835s] -- Up-to-date: /home/josh/Igris_c_ros2_ws/install/interface/include/interface/interface/srv/detail/move_joints__traits.hpp
[0.835s] -- Up-to-date: /home/josh/Igris_c_ros2_ws/install/interface/include/interface/interface/srv/move_joints.hpp
[0.835s] -- Up-to-date: /home/josh/Igris_c_ros2_ws/install/interface/include/interface/interface/msg
[0.835s] -- Up-to-date: /home/josh/Igris_c_ros2_ws/install/interface/include/interface/interface/msg/rosidl_generator_cpp__visibility_control.hpp
[0.835s] -- Up-to-date: /home/josh/Igris_c_ros2_ws/install/interface/include/interface/interface
[0.835s] -- Up-to-date: /home/josh/Igris_c_ros2_ws/install/interface/include/interface/interface/srv
[0.835s] -- Up-to-date: /home/josh/Igris_c_ros2_ws/install/interface/include/interface/interface/srv/detail
[0.835s] -- Up-to-date: /home/josh/Igris_c_ros2_ws/install/interface/include/interface/interface/srv/detail/dds_fastrtps
[0.835s] -- Up-to-date: /home/josh/Igris_c_ros2_ws/install/interface/include/interface/interface/srv/detail/move_joints__rosidl_typesupport_fastrtps_cpp.hpp
[0.836s] -- Up-to-date: /home/josh/Igris_c_ros2_ws/install/interface/include/interface/interface/msg
[0.836s] -- Up-to-date: /home/josh/Igris_c_ros2_ws/install/interface/include/interface/interface/msg/rosidl_typesupport_fastrtps_cpp__visibility_control.h
[0.836s] -- Up-to-date: /home/josh/Igris_c_ros2_ws/install/interface/lib/libinterface__rosidl_typesupport_fastrtps_cpp.so
[0.836s] -- Up-to-date: /home/josh/Igris_c_ros2_ws/install/interface/include/interface/interface
[0.836s] -- Up-to-date: /home/josh/Igris_c_ros2_ws/install/interface/include/interface/interface/srv
[0.836s] -- Up-to-date: /home/josh/Igris_c_ros2_ws/install/interface/include/interface/interface/srv/detail
[0.836s] -- Up-to-date: /home/josh/Igris_c_ros2_ws/install/interface/include/interface/interface/srv/detail/move_joints__type_support.c
[0.836s] -- Up-to-date: /home/josh/Igris_c_ros2_ws/install/interface/include/interface/interface/srv/detail/move_joints__rosidl_typesupport_introspection_c.h
[0.836s] -- Up-to-date: /home/josh/Igris_c_ros2_ws/install/interface/include/interface/interface/msg
[0.836s] -- Up-to-date: /home/josh/Igris_c_ros2_ws/install/interface/include/interface/interface/msg/rosidl_typesupport_introspection_c__visibility_control.h
[0.836s] -- Up-to-date: /home/josh/Igris_c_ros2_ws/install/interface/lib/libinterface__rosidl_typesupport_introspection_c.so
[0.836s] -- Up-to-date: /home/josh/Igris_c_ros2_ws/install/interface/lib/libinterface__rosidl_typesupport_c.so
[0.837s] -- Up-to-date: /home/josh/Igris_c_ros2_ws/install/interface/include/interface/interface
[0.837s] -- Up-to-date: /home/josh/Igris_c_ros2_ws/install/interface/include/interface/interface/srv
[0.837s] -- Up-to-date: /home/josh/Igris_c_ros2_ws/install/interface/include/interface/interface/srv/detail
[0.837s] -- Up-to-date: /home/josh/Igris_c_ros2_ws/install/interface/include/interface/interface/srv/detail/move_joints__type_support.cpp
[0.837s] -- Up-to-date: /home/josh/Igris_c_ros2_ws/install/interface/include/interface/interface/srv/detail/move_joints__rosidl_typesupport_introspection_cpp.hpp
[0.837s] -- Up-to-date: /home/josh/Igris_c_ros2_ws/install/interface/lib/libinterface__rosidl_typesupport_introspection_cpp.so
[0.837s] -- Up-to-date: /home/josh/Igris_c_ros2_ws/install/interface/lib/libinterface__rosidl_typesupport_cpp.so
[0.837s] -- Up-to-date: /home/josh/Igris_c_ros2_ws/install/interface/share/interface/environment/pythonpath.sh
[0.837s] -- Up-to-date: /home/josh/Igris_c_ros2_ws/install/interface/share/interface/environment/pythonpath.dsv
[0.837s] -- Up-to-date: /home/josh/Igris_c_ros2_ws/install/interface/lib/python3.12/site-packages/interface-0.0.0-py3.12.egg-info
[0.837s] -- Installing: /home/josh/Igris_c_ros2_ws/install/interface/lib/python3.12/site-packages/interface-0.0.0-py3.12.egg-info/PKG-INFO
[0.837s] -- Installing: /home/josh/Igris_c_ros2_ws/install/interface/lib/python3.12/site-packages/interface-0.0.0-py3.12.egg-info/top_level.txt
[0.838s] -- Installing: /home/josh/Igris_c_ros2_ws/install/interface/lib/python3.12/site-packages/interface-0.0.0-py3.12.egg-info/dependency_links.txt
[0.838s] -- Installing: /home/josh/Igris_c_ros2_ws/install/interface/lib/python3.12/site-packages/interface-0.0.0-py3.12.egg-info/SOURCES.txt
[0.838s] -- Up-to-date: /home/josh/Igris_c_ros2_ws/install/interface/lib/python3.12/site-packages/interface
[0.838s] -- Up-to-date: /home/josh/Igris_c_ros2_ws/install/interface/lib/python3.12/site-packages/interface/interface_s__rosidl_typesupport_introspection_c.so
[0.838s] -- Up-to-date: /home/josh/Igris_c_ros2_ws/install/interface/lib/python3.12/site-packages/interface/interface_s__rosidl_typesupport_c.so
[0.838s] -- Up-to-date: /home/josh/Igris_c_ros2_ws/install/interface/lib/python3.12/site-packages/interface/_interface_s.ep.rosidl_typesupport_c.c
[0.838s] -- Up-to-date: /home/josh/Igris_c_ros2_ws/install/interface/lib/python3.12/site-packages/interface/srv
[0.838s] -- Up-to-date: /home/josh/Igris_c_ros2_ws/install/interface/lib/python3.12/site-packages/interface/srv/_move_joints_s.c
[0.838s] -- Up-to-date: /home/josh/Igris_c_ros2_ws/install/interface/lib/python3.12/site-packages/interface/srv/__init__.py
[0.838s] -- Up-to-date: /home/josh/Igris_c_ros2_ws/install/interface/lib/python3.12/site-packages/interface/srv/_move_joints.py
[0.838s] -- Up-to-date: /home/josh/Igris_c_ros2_ws/install/interface/lib/python3.12/site-packages/interface/__init__.py
[0.838s] -- Up-to-date: /home/josh/Igris_c_ros2_ws/install/interface/lib/python3.12/site-packages/interface/_interface_s.ep.rosidl_typesupport_fastrtps_c.c
[0.838s] -- Up-to-date: /home/josh/Igris_c_ros2_ws/install/interface/lib/python3.12/site-packages/interface/_interface_s.ep.rosidl_typesupport_introspection_c.c
[0.839s] -- Up-to-date: /home/josh/Igris_c_ros2_ws/install/interface/lib/python3.12/site-packages/interface/interface_s__rosidl_typesupport_fastrtps_c.so
[0.864s] Listing '/home/josh/Igris_c_ros2_ws/install/interface/lib/python3.12/site-packages/interface'...
[0.864s] Listing '/home/josh/Igris_c_ros2_ws/install/interface/lib/python3.12/site-packages/interface/srv'...
[0.867s] -- Up-to-date: /home/josh/Igris_c_ros2_ws/install/interface/lib/python3.12/site-packages/interface/interface_s__rosidl_typesupport_fastrtps_c.so
[0.868s] -- Up-to-date: /home/josh/Igris_c_ros2_ws/install/interface/lib/python3.12/site-packages/interface/interface_s__rosidl_typesupport_introspection_c.so
[0.868s] -- Up-to-date: /home/josh/Igris_c_ros2_ws/install/interface/lib/python3.12/site-packages/interface/interface_s__rosidl_typesupport_c.so
[0.868s] -- Up-to-date: /home/josh/Igris_c_ros2_ws/install/interface/lib/libinterface__rosidl_generator_py.so
[0.869s] -- Up-to-date: /home/josh/Igris_c_ros2_ws/install/interface/share/interface/srv/MoveJoints.idl
[0.869s] -- Up-to-date: /home/josh/Igris_c_ros2_ws/install/interface/share/interface/srv/MoveJoints.srv
[0.869s] -- Up-to-date: /home/josh/Igris_c_ros2_ws/install/interface/share/ament_index/resource_index/package_run_dependencies/interface
[0.869s] -- Up-to-date: /home/josh/Igris_c_ros2_ws/install/interface/share/ament_index/resource_index/parent_prefix_path/interface
[0.869s] -- Up-to-date: /home/josh/Igris_c_ros2_ws/install/interface/share/interface/environment/ament_prefix_path.sh
[0.869s] -- Up-to-date: /home/josh/Igris_c_ros2_ws/install/interface/share/interface/environment/ament_prefix_path.dsv
[0.869s] -- Up-to-date: /home/josh/Igris_c_ros2_ws/install/interface/share/interface/environment/path.sh
[0.869s] -- Up-to-date: /home/josh/Igris_c_ros2_ws/install/interface/share/interface/environment/path.dsv
[0.870s] -- Up-to-date: /home/josh/Igris_c_ros2_ws/install/interface/share/interface/local_setup.bash
[0.870s] -- Up-to-date: /home/josh/Igris_c_ros2_ws/install/interface/share/interface/local_setup.sh
[0.870s] -- Up-to-date: /home/josh/Igris_c_ros2_ws/install/interface/share/interface/local_setup.zsh
[0.870s] -- Up-to-date: /home/josh/Igris_c_ros2_ws/install/interface/share/interface/local_setup.dsv
[0.870s] -- Installing: /home/josh/Igris_c_ros2_ws/install/interface/share/interface/package.dsv
[0.871s] -- Up-to-date: /home/josh/Igris_c_ros2_ws/install/interface/share/ament_index/resource_index/packages/interface
[0.871s] -- Up-to-date: /home/josh/Igris_c_ros2_ws/install/interface/share/interface/cmake/export_interface__rosidl_generator_cExport.cmake
[0.871s] -- Up-to-date: /home/josh/Igris_c_ros2_ws/install/interface/share/interface/cmake/export_interface__rosidl_generator_cExport-noconfig.cmake
[0.871s] -- Up-to-date: /home/josh/Igris_c_ros2_ws/install/interface/share/interface/cmake/export_interface__rosidl_typesupport_fastrtps_cExport.cmake
[0.871s] -- Up-to-date: /home/josh/Igris_c_ros2_ws/install/interface/share/interface/cmake/export_interface__rosidl_typesupport_fastrtps_cExport-noconfig.cmake
[0.871s] -- Up-to-date: /home/josh/Igris_c_ros2_ws/install/interface/share/interface/cmake/export_interface__rosidl_generator_cppExport.cmake
[0.871s] -- Up-to-date: /home/josh/Igris_c_ros2_ws/install/interface/share/interface/cmake/export_interface__rosidl_typesupport_fastrtps_cppExport.cmake
[0.871s] -- Up-to-date: /home/josh/Igris_c_ros2_ws/install/interface/share/interface/cmake/export_interface__rosidl_typesupport_fastrtps_cppExport-noconfig.cmake
[0.871s] -- Up-to-date: /home/josh/Igris_c_ros2_ws/install/interface/share/interface/cmake/interface__rosidl_typesupport_introspection_cExport.cmake
[0.871s] -- Up-to-date: /home/josh/Igris_c_ros2_ws/install/interface/share/interface/cmake/interface__rosidl_typesupport_introspection_cExport-noconfig.cmake
[0.871s] -- Up-to-date: /home/josh/Igris_c_ros2_ws/install/interface/share/interface/cmake/interface__rosidl_typesupport_cExport.cmake
[0.872s] -- Up-to-date: /home/josh/Igris_c_ros2_ws/install/interface/share/interface/cmake/interface__rosidl_typesupport_cExport-noconfig.cmake
[0.872s] -- Up-to-date: /home/josh/Igris_c_ros2_ws/install/interface/share/interface/cmake/interface__rosidl_typesupport_introspection_cppExport.cmake
[0.872s] -- Up-to-date: /home/josh/Igris_c_ros2_ws/install/interface/share/interface/cmake/interface__rosidl_typesupport_introspection_cppExport-noconfig.cmake
[0.872s] -- Up-to-date: /home/josh/Igris_c_ros2_ws/install/interface/share/interface/cmake/interface__rosidl_typesupport_cppExport.cmake
[0.872s] -- Up-to-date: /home/josh/Igris_c_ros2_ws/install/interface/share/interface/cmake/interface__rosidl_typesupport_cppExport-noconfig.cmake
[0.872s] -- Up-to-date: /home/josh/Igris_c_ros2_ws/install/interface/share/interface/cmake/export_interface__rosidl_generator_pyExport.cmake
[0.872s] -- Up-to-date: /home/josh/Igris_c_ros2_ws/install/interface/share/interface/cmake/export_interface__rosidl_generator_pyExport-noconfig.cmake
[0.872s] -- Up-to-date: /home/josh/Igris_c_ros2_ws/install/interface/share/interface/cmake/rosidl_cmake-extras.cmake
[0.872s] -- Up-to-date: /home/josh/Igris_c_ros2_ws/install/interface/share/interface/cmake/ament_cmake_export_dependencies-extras.cmake
[0.872s] -- Up-to-date: /home/josh/Igris_c_ros2_ws/install/interface/share/interface/cmake/ament_cmake_export_include_directories-extras.cmake
[0.872s] -- Up-to-date: /home/josh/Igris_c_ros2_ws/install/interface/share/interface/cmake/ament_cmake_export_libraries-extras.cmake
[0.872s] -- Up-to-date: /home/josh/Igris_c_ros2_ws/install/interface/share/interface/cmake/ament_cmake_export_targets-extras.cmake
[0.872s] -- Up-to-date: /home/josh/Igris_c_ros2_ws/install/interface/share/interface/cmake/rosidl_cmake_export_typesupport_targets-extras.cmake
[0.872s] -- Up-to-date: /home/josh/Igris_c_ros2_ws/install/interface/share/interface/cmake/rosidl_cmake_export_typesupport_libraries-extras.cmake
[0.872s] -- Up-to-date: /home/josh/Igris_c_ros2_ws/install/interface/share/interface/cmake/interfaceConfig.cmake
[0.873s] -- Up-to-date: /home/josh/Igris_c_ros2_ws/install/interface/share/interface/cmake/interfaceConfig-version.cmake
[0.873s] -- Up-to-date: /home/josh/Igris_c_ros2_ws/install/interface/share/interface/package.xml
[0.873s] Invoked command in '/home/josh/Igris_c_ros2_ws/build/interface' returned '0': CMAKE_PREFIX_PATH=${CMAKE_PREFIX_PATH}:/home/josh/Igris_c_ros2_ws/install/teleoperator:/home/josh/Igris_c_ros2_ws/install/collect_data:/home/josh/Igris_c_ros2_ws/install/camera:/home/josh/Igris_c_ros2_ws/install/Igris:/opt/ros/jazzy DEBUGINFOD_URLS=https://debuginfod.ubuntu.com /usr/bin/cmake --install /home/josh/Igris_c_ros2_ws/build/interface
