[1.142s] Invoking command in '/home/josh/Igris_c_ros2_ws/src/teleoperator': DEBUGINFOD_URLS=https://debuginfod.ubuntu.com PYTHONPATH=/home/josh/Igris_c_ros2_ws/build/teleoperator/prefix_override:/usr/lib/python3/dist-packages/colcon_core/task/python/colcon_distutils_commands:/home/josh/Igris_c_ros2_ws/install/teleoperator/lib/python3.12/site-packages:${PYTHONPATH} /usr/bin/python3 -W ignore:setup.py install is deprecated -W ignore:easy_install command is deprecated setup.py egg_info --egg-base ../../build/teleoperator build --build-base /home/josh/Igris_c_ros2_ws/build/teleoperator/build install --record /home/josh/Igris_c_ros2_ws/build/teleoperator/install.log --single-version-externally-managed install_data
[1.344s] running egg_info
[1.359s] writing ../../build/teleoperator/teleoperator.egg-info/PKG-INFO
[1.367s] writing dependency_links to ../../build/teleoperator/teleoperator.egg-info/dependency_links.txt
[1.367s] writing entry points to ../../build/teleoperator/teleoperator.egg-info/entry_points.txt
[1.368s] writing requirements to ../../build/teleoperator/teleoperator.egg-info/requires.txt
[1.368s] writing top-level names to ../../build/teleoperator/teleoperator.egg-info/top_level.txt
[1.400s] reading manifest file '../../build/teleoperator/teleoperator.egg-info/SOURCES.txt'
[1.400s] adding license file 'LICENSE'
[1.400s] writing manifest file '../../build/teleoperator/teleoperator.egg-info/SOURCES.txt'
[1.400s] running build
[1.401s] running build_py
[1.401s] copying teleoperator/teleop.py -> /home/josh/Igris_c_ros2_ws/build/teleoperator/build/lib/teleoperator
[1.401s] running install
[1.405s] running install_lib
[1.421s] copying /home/josh/Igris_c_ros2_ws/build/teleoperator/build/lib/teleoperator/teleop.py -> /home/josh/Igris_c_ros2_ws/install/teleoperator/lib/python3.12/site-packages/teleoperator
[1.422s] byte-compiling /home/josh/Igris_c_ros2_ws/install/teleoperator/lib/python3.12/site-packages/teleoperator/teleop.py to teleop.cpython-312.pyc
[1.424s] running install_data
[1.424s] running install_egg_info
[1.441s] removing '/home/josh/Igris_c_ros2_ws/install/teleoperator/lib/python3.12/site-packages/teleoperator-0.0.0-py3.12.egg-info' (and everything under it)
[1.441s] Copying ../../build/teleoperator/teleoperator.egg-info to /home/josh/Igris_c_ros2_ws/install/teleoperator/lib/python3.12/site-packages/teleoperator-0.0.0-py3.12.egg-info
[1.442s] running install_scripts
[1.545s] Installing hand_bridge script to /home/josh/Igris_c_ros2_ws/install/teleoperator/lib/teleoperator
[1.545s] Installing joint script to /home/josh/Igris_c_ros2_ws/install/teleoperator/lib/teleoperator
[1.546s] writing list of installed files to '/home/josh/Igris_c_ros2_ws/build/teleoperator/install.log'
[1.572s] Invoked command in '/home/josh/Igris_c_ros2_ws/src/teleoperator' returned '0': DEBUGINFOD_URLS=https://debuginfod.ubuntu.com PYTHONPATH=/home/josh/Igris_c_ros2_ws/build/teleoperator/prefix_override:/usr/lib/python3/dist-packages/colcon_core/task/python/colcon_distutils_commands:/home/josh/Igris_c_ros2_ws/install/teleoperator/lib/python3.12/site-packages:${PYTHONPATH} /usr/bin/python3 -W ignore:setup.py install is deprecated -W ignore:easy_install command is deprecated setup.py egg_info --egg-base ../../build/teleoperator build --build-base /home/josh/Igris_c_ros2_ws/build/teleoperator/build install --record /home/josh/Igris_c_ros2_ws/build/teleoperator/install.log --single-version-externally-managed install_data
