[1.187s] Invoking command in '/home/josh/Igris_c_ros2_ws/src/camera': DEBUGINFOD_URLS=https://debuginfod.ubuntu.com PYTHONPATH=/home/josh/Igris_c_ros2_ws/build/camera/prefix_override:/usr/lib/python3/dist-packages/colcon_core/task/python/colcon_distutils_commands:/home/josh/Igris_c_ros2_ws/install/camera/lib/python3.12/site-packages:${PYTHONPATH} /usr/bin/python3 -W ignore:setup.py install is deprecated -W ignore:easy_install command is deprecated setup.py egg_info --egg-base ../../build/camera build --build-base /home/josh/Igris_c_ros2_ws/build/camera/build install --record /home/josh/Igris_c_ros2_ws/build/camera/install.log --single-version-externally-managed install_data
[1.402s] running egg_info
[1.419s] writing ../../build/camera/camera.egg-info/PKG-INFO
[1.419s] writing dependency_links to ../../build/camera/camera.egg-info/dependency_links.txt
[1.419s] writing requirements to ../../build/camera/camera.egg-info/requires.txt
[1.419s] writing top-level names to ../../build/camera/camera.egg-info/top_level.txt
[1.453s] reading manifest file '../../build/camera/camera.egg-info/SOURCES.txt'
[1.453s] adding license file 'LICENSE'
[1.454s] writing manifest file '../../build/camera/camera.egg-info/SOURCES.txt'
[1.454s] running build
[1.454s] running build_py
[1.454s] running install
[1.458s] running install_lib
[1.476s] running install_data
[1.476s] running install_egg_info
[1.493s] removing '/home/josh/Igris_c_ros2_ws/install/camera/lib/python3.12/site-packages/camera-0.0.0-py3.12.egg-info' (and everything under it)
[1.494s] Copying ../../build/camera/camera.egg-info to /home/josh/Igris_c_ros2_ws/install/camera/lib/python3.12/site-packages/camera-0.0.0-py3.12.egg-info
[1.494s] running install_scripts
[1.607s] writing list of installed files to '/home/josh/Igris_c_ros2_ws/build/camera/install.log'
[1.632s] Invoked command in '/home/josh/Igris_c_ros2_ws/src/camera' returned '0': DEBUGINFOD_URLS=https://debuginfod.ubuntu.com PYTHONPATH=/home/josh/Igris_c_ros2_ws/build/camera/prefix_override:/usr/lib/python3/dist-packages/colcon_core/task/python/colcon_distutils_commands:/home/josh/Igris_c_ros2_ws/install/camera/lib/python3.12/site-packages:${PYTHONPATH} /usr/bin/python3 -W ignore:setup.py install is deprecated -W ignore:easy_install command is deprecated setup.py egg_info --egg-base ../../build/camera build --build-base /home/josh/Igris_c_ros2_ws/build/camera/build install --record /home/josh/Igris_c_ros2_ws/build/camera/install.log --single-version-externally-managed install_data
