-- Install configuration: ""
-- Up-to-date: /home/josh/Igris_c_ros2_ws/install/urdf_igris/share/urdf_igris/urdf
-- Up-to-date: /home/josh/Igris_c_ros2_ws/install/urdf_igris/share/urdf_igris/urdf/igris_c_v2_parallel.urdf
-- Up-to-date: /home/josh/Igris_c_ros2_ws/install/urdf_igris/share/urdf_igris/urdf/igris_c_v2.urdf
-- Up-to-date: /home/josh/Igris_c_ros2_ws/install/urdf_igris/share/urdf_igris/urdf/right_hand_igris_c.urdf
-- Up-to-date: /home/josh/Igris_c_ros2_ws/install/urdf_igris/share/urdf_igris/urdf/meshes
-- Up-to-date: /home/josh/Igris_c_ros2_ws/install/urdf_igris/share/urdf_igris/urdf/meshes/igris_c_v2
-- Up-to-date: /home/josh/Igris_c_ros2_ws/install/urdf_igris/share/urdf_igris/urdf/meshes/igris_c_v2/Ankle_Pitch_Right.stl
-- Up-to-date: /home/josh/Igris_c_ros2_ws/install/urdf_igris/share/urdf_igris/urdf/meshes/igris_c_v2/Wrist_Pitch_Right.stl
-- Up-to-date: /home/josh/Igris_c_ros2_ws/install/urdf_igris/share/urdf_igris/urdf/meshes/igris_c_v2/Wrist_Motor_Output_Front_Right.stl
-- Up-to-date: /home/josh/Igris_c_ros2_ws/install/urdf_igris/share/urdf_igris/urdf/meshes/igris_c_v2/Wrist_Parallel_Front_Left.stl
-- Up-to-date: /home/josh/Igris_c_ros2_ws/install/urdf_igris/share/urdf_igris/urdf/meshes/igris_c_v2/Waist_Roll_B.stl
-- Up-to-date: /home/josh/Igris_c_ros2_ws/install/urdf_igris/share/urdf_igris/urdf/meshes/igris_c_v2/Wrist_Flange_Back_Right.stl
-- Up-to-date: /home/josh/Igris_c_ros2_ws/install/urdf_igris/share/urdf_igris/urdf/meshes/igris_c_v2/Hip_Yaw_Right.stl
-- Up-to-date: /home/josh/Igris_c_ros2_ws/install/urdf_igris/share/urdf_igris/urdf/meshes/igris_c_v2/Hip_Roll_Left.stl
-- Up-to-date: /home/josh/Igris_c_ros2_ws/install/urdf_igris/share/urdf_igris/urdf/meshes/igris_c_v2/Wrist_Flange_Back_Left.stl
-- Up-to-date: /home/josh/Igris_c_ros2_ws/install/urdf_igris/share/urdf_igris/urdf/meshes/igris_c_v2/Wrist_Parallel_Back_Left.stl
-- Up-to-date: /home/josh/Igris_c_ros2_ws/install/urdf_igris/share/urdf_igris/urdf/meshes/igris_c_v2/Wrist_Coupler_Front_Left.stl
-- Up-to-date: /home/josh/Igris_c_ros2_ws/install/urdf_igris/share/urdf_igris/urdf/meshes/igris_c_v2/Hip_Yaw_Left.stl
-- Up-to-date: /home/josh/Igris_c_ros2_ws/install/urdf_igris/share/urdf_igris/urdf/meshes/igris_c_v2/Ankle_Parallel_Out_Left.stl
-- Up-to-date: /home/josh/Igris_c_ros2_ws/install/urdf_igris/share/urdf_igris/urdf/meshes/igris_c_v2/Waist_Flange_Right.stl
-- Up-to-date: /home/josh/Igris_c_ros2_ws/install/urdf_igris/share/urdf_igris/urdf/meshes/igris_c_v2/Wrist_Roll_Left.stl
-- Up-to-date: /home/josh/Igris_c_ros2_ws/install/urdf_igris/share/urdf_igris/urdf/meshes/igris_c_v2/Ankle_Flange_Out_Left.stl
-- Up-to-date: /home/josh/Igris_c_ros2_ws/install/urdf_igris/share/urdf_igris/urdf/meshes/igris_c_v2/Hip_Roll_Right.stl
-- Up-to-date: /home/josh/Igris_c_ros2_ws/install/urdf_igris/share/urdf_igris/urdf/meshes/igris_c_v2/Airforce_R_v1.stl
-- Up-to-date: /home/josh/Igris_c_ros2_ws/install/urdf_igris/share/urdf_igris/urdf/meshes/igris_c_v2/Ankle_Parallel_Out_Right.stl
-- Up-to-date: /home/josh/Igris_c_ros2_ws/install/urdf_igris/share/urdf_igris/urdf/meshes/igris_c_v2/Wrist_Roll_Right.stl
-- Up-to-date: /home/josh/Igris_c_ros2_ws/install/urdf_igris/share/urdf_igris/urdf/meshes/igris_c_v2/Shoulder_Pitch_Left.stl
-- Up-to-date: /home/josh/Igris_c_ros2_ws/install/urdf_igris/share/urdf_igris/urdf/meshes/igris_c_v2/Wrist_Motor_Output_Front_Left.stl
-- Up-to-date: /home/josh/Igris_c_ros2_ws/install/urdf_igris/share/urdf_igris/urdf/meshes/igris_c_v2/Wrist_Universal_Back_Left.stl
-- Up-to-date: /home/josh/Igris_c_ros2_ws/install/urdf_igris/share/urdf_igris/urdf/meshes/igris_c_v2/Ankle_Flange_Out_Right.stl
-- Up-to-date: /home/josh/Igris_c_ros2_ws/install/urdf_igris/share/urdf_igris/urdf/meshes/igris_c_v2/Ankle_Flange_In_Right.stl
-- Up-to-date: /home/josh/Igris_c_ros2_ws/install/urdf_igris/share/urdf_igris/urdf/meshes/igris_c_v2/Neck_Pitch.stl
-- Up-to-date: /home/josh/Igris_c_ros2_ws/install/urdf_igris/share/urdf_igris/urdf/meshes/igris_c_v2/Ankle_Parallel_In_Right.stl
-- Up-to-date: /home/josh/Igris_c_ros2_ws/install/urdf_igris/share/urdf_igris/urdf/meshes/igris_c_v2/Wrist_Universal_Front_Right.stl
-- Up-to-date: /home/josh/Igris_c_ros2_ws/install/urdf_igris/share/urdf_igris/urdf/meshes/igris_c_v2/Wrist_Coupler_Back_Left.stl
-- Up-to-date: /home/josh/Igris_c_ros2_ws/install/urdf_igris/share/urdf_igris/urdf/meshes/igris_c_v2/Elbow_Pitch_Right.stl
-- Up-to-date: /home/josh/Igris_c_ros2_ws/install/urdf_igris/share/urdf_igris/urdf/meshes/igris_c_v2/Shoulder_Yaw_Left.stl
-- Up-to-date: /home/josh/Igris_c_ros2_ws/install/urdf_igris/share/urdf_igris/urdf/meshes/igris_c_v2/Waist_Roll.stl
-- Up-to-date: /home/josh/Igris_c_ros2_ws/install/urdf_igris/share/urdf_igris/urdf/meshes/igris_c_v2/Waist_Parallel_Left.stl
-- Up-to-date: /home/josh/Igris_c_ros2_ws/install/urdf_igris/share/urdf_igris/urdf/meshes/igris_c_v2/Waist_Yaw_B.stl
-- Up-to-date: /home/josh/Igris_c_ros2_ws/install/urdf_igris/share/urdf_igris/urdf/meshes/igris_c_v2/Ankle_Roll_Shoe_v4.stl
-- Up-to-date: /home/josh/Igris_c_ros2_ws/install/urdf_igris/share/urdf_igris/urdf/meshes/igris_c_v2/Hand_Left.stl
-- Up-to-date: /home/josh/Igris_c_ros2_ws/install/urdf_igris/share/urdf_igris/urdf/meshes/igris_c_v2/Waist_Flange_Left.stl
-- Up-to-date: /home/josh/Igris_c_ros2_ws/install/urdf_igris/share/urdf_igris/urdf/meshes/igris_c_v2/Knee_Pitch_Right.stl
-- Up-to-date: /home/josh/Igris_c_ros2_ws/install/urdf_igris/share/urdf_igris/urdf/meshes/igris_c_v2/Ankle_Roll_Shoe_v5.stl
-- Up-to-date: /home/josh/Igris_c_ros2_ws/install/urdf_igris/share/urdf_igris/urdf/meshes/igris_c_v2/Wrist_Parallel_Front_Right.stl
-- Up-to-date: /home/josh/Igris_c_ros2_ws/install/urdf_igris/share/urdf_igris/urdf/meshes/igris_c_v2/Hip_Pitch_Right.stl
-- Up-to-date: /home/josh/Igris_c_ros2_ws/install/urdf_igris/share/urdf_igris/urdf/meshes/igris_c_v2/Hip_Pitch_Left.stl
-- Up-to-date: /home/josh/Igris_c_ros2_ws/install/urdf_igris/share/urdf_igris/urdf/meshes/igris_c_v2/Wrist_Universal_Back_Right.stl
-- Up-to-date: /home/josh/Igris_c_ros2_ws/install/urdf_igris/share/urdf_igris/urdf/meshes/igris_c_v2/Waist_Pitch.stl
-- Up-to-date: /home/josh/Igris_c_ros2_ws/install/urdf_igris/share/urdf_igris/urdf/meshes/igris_c_v2/Hip_Yaw_CirCut.stl
-- Up-to-date: /home/josh/Igris_c_ros2_ws/install/urdf_igris/share/urdf_igris/urdf/meshes/igris_c_v2/Wrist_Flange_Front_Right.stl
-- Up-to-date: /home/josh/Igris_c_ros2_ws/install/urdf_igris/share/urdf_igris/urdf/meshes/igris_c_v2/Wrist_Parallel_Back_Right.stl
-- Up-to-date: /home/josh/Igris_c_ros2_ws/install/urdf_igris/share/urdf_igris/urdf/meshes/igris_c_v2/Shoulder_Roll_Left.stl
-- Up-to-date: /home/josh/Igris_c_ros2_ws/install/urdf_igris/share/urdf_igris/urdf/meshes/igris_c_v2/Wrist_Motor_Output_Back_Left.stl
-- Up-to-date: /home/josh/Igris_c_ros2_ws/install/urdf_igris/share/urdf_igris/urdf/meshes/igris_c_v2/Wrist_Yaw_Right.stl
-- Up-to-date: /home/josh/Igris_c_ros2_ws/install/urdf_igris/share/urdf_igris/urdf/meshes/igris_c_v2/Wrist_Flange_Front_Left.stl
-- Up-to-date: /home/josh/Igris_c_ros2_ws/install/urdf_igris/share/urdf_igris/urdf/meshes/igris_c_v2/Shoulder_Roll_Right.stl
-- Up-to-date: /home/josh/Igris_c_ros2_ws/install/urdf_igris/share/urdf_igris/urdf/meshes/igris_c_v2/Elbow_Pitch_Left.stl
-- Up-to-date: /home/josh/Igris_c_ros2_ws/install/urdf_igris/share/urdf_igris/urdf/meshes/igris_c_v2/Hand_Right.stl
-- Up-to-date: /home/josh/Igris_c_ros2_ws/install/urdf_igris/share/urdf_igris/urdf/meshes/igris_c_v2/Waist_Pitch_B.stl
-- Up-to-date: /home/josh/Igris_c_ros2_ws/install/urdf_igris/share/urdf_igris/urdf/meshes/igris_c_v2/Airforce_L_v1.stl
-- Up-to-date: /home/josh/Igris_c_ros2_ws/install/urdf_igris/share/urdf_igris/urdf/meshes/igris_c_v2/Ankle_Flange_In_Left.stl
-- Up-to-date: /home/josh/Igris_c_ros2_ws/install/urdf_igris/share/urdf_igris/urdf/meshes/igris_c_v2/Wrist_Yaw_Left.stl
-- Up-to-date: /home/josh/Igris_c_ros2_ws/install/urdf_igris/share/urdf_igris/urdf/meshes/igris_c_v2/Wrist_Coupler_Front_Right.stl
-- Up-to-date: /home/josh/Igris_c_ros2_ws/install/urdf_igris/share/urdf_igris/urdf/meshes/igris_c_v2/Wrist_Motor_Output_Back_Right.stl
-- Up-to-date: /home/josh/Igris_c_ros2_ws/install/urdf_igris/share/urdf_igris/urdf/meshes/igris_c_v2/Neck_Yaw.stl
-- Up-to-date: /home/josh/Igris_c_ros2_ws/install/urdf_igris/share/urdf_igris/urdf/meshes/igris_c_v2/Ankle_Roll_Right.stl
-- Up-to-date: /home/josh/Igris_c_ros2_ws/install/urdf_igris/share/urdf_igris/urdf/meshes/igris_c_v2/Wrist_Universal_Front_Left.stl
-- Up-to-date: /home/josh/Igris_c_ros2_ws/install/urdf_igris/share/urdf_igris/urdf/meshes/igris_c_v2/Hip_Yaw_RecCut.stl
-- Up-to-date: /home/josh/Igris_c_ros2_ws/install/urdf_igris/share/urdf_igris/urdf/meshes/igris_c_v2/Shoulder_Yaw_Right.stl
-- Up-to-date: /home/josh/Igris_c_ros2_ws/install/urdf_igris/share/urdf_igris/urdf/meshes/igris_c_v2/Wrist_Coupler_Back_Right.stl
-- Up-to-date: /home/josh/Igris_c_ros2_ws/install/urdf_igris/share/urdf_igris/urdf/meshes/igris_c_v2/Ankle_Roll_Shoe_v3_visual.stl
-- Up-to-date: /home/josh/Igris_c_ros2_ws/install/urdf_igris/share/urdf_igris/urdf/meshes/igris_c_v2/Ankle_Parallel_In_Left.stl
-- Up-to-date: /home/josh/Igris_c_ros2_ws/install/urdf_igris/share/urdf_igris/urdf/meshes/igris_c_v2/Waist_Yaw.stl
-- Up-to-date: /home/josh/Igris_c_ros2_ws/install/urdf_igris/share/urdf_igris/urdf/meshes/igris_c_v2/Shoulder_Pitch_Right.stl
-- Up-to-date: /home/josh/Igris_c_ros2_ws/install/urdf_igris/share/urdf_igris/urdf/meshes/igris_c_v2/Wrist_Pitch_Left.stl
-- Up-to-date: /home/josh/Igris_c_ros2_ws/install/urdf_igris/share/urdf_igris/urdf/meshes/igris_c_v2/Ankle_Roll_Left.stl
-- Up-to-date: /home/josh/Igris_c_ros2_ws/install/urdf_igris/share/urdf_igris/urdf/meshes/igris_c_v2/Pelvis.stl
-- Up-to-date: /home/josh/Igris_c_ros2_ws/install/urdf_igris/share/urdf_igris/urdf/meshes/igris_c_v2/Waist_Parallel_Right.stl
-- Up-to-date: /home/josh/Igris_c_ros2_ws/install/urdf_igris/share/urdf_igris/urdf/meshes/igris_c_v2/Knee_Pitch_Left.stl
-- Up-to-date: /home/josh/Igris_c_ros2_ws/install/urdf_igris/share/urdf_igris/urdf/meshes/igris_c_v2/Ankle_Pitch_Left.stl
-- Up-to-date: /home/josh/Igris_c_ros2_ws/install/urdf_igris/share/urdf_igris/urdf/meshes/igris_c_v2/Ankle_Roll_Shoe_v3_collision.stl
-- Up-to-date: /home/josh/Igris_c_ros2_ws/install/urdf_igris/share/urdf_igris/urdf/meshes/igris_c_hand
-- Up-to-date: /home/josh/Igris_c_ros2_ws/install/urdf_igris/share/urdf_igris/urdf/meshes/igris_c_hand/Thumb_Proximal_Right.stl
-- Up-to-date: /home/josh/Igris_c_ros2_ws/install/urdf_igris/share/urdf_igris/urdf/meshes/igris_c_hand/Finger_Middle.stl
-- Up-to-date: /home/josh/Igris_c_ros2_ws/install/urdf_igris/share/urdf_igris/urdf/meshes/igris_c_hand/Thumb_Distal_Left.stl
-- Up-to-date: /home/josh/Igris_c_ros2_ws/install/urdf_igris/share/urdf_igris/urdf/meshes/igris_c_hand/Thumb_Proximal_Left.stl
-- Up-to-date: /home/josh/Igris_c_ros2_ws/install/urdf_igris/share/urdf_igris/urdf/meshes/igris_c_hand/Thumb_Middle_Right.stl
-- Up-to-date: /home/josh/Igris_c_ros2_ws/install/urdf_igris/share/urdf_igris/urdf/meshes/igris_c_hand/Palm_Right.stl
-- Up-to-date: /home/josh/Igris_c_ros2_ws/install/urdf_igris/share/urdf_igris/urdf/meshes/igris_c_hand/Palm_Left.stl
-- Up-to-date: /home/josh/Igris_c_ros2_ws/install/urdf_igris/share/urdf_igris/urdf/meshes/igris_c_hand/Finger_Distal.stl
-- Up-to-date: /home/josh/Igris_c_ros2_ws/install/urdf_igris/share/urdf_igris/urdf/meshes/igris_c_hand/Thumb_Middle_Left.stl
-- Up-to-date: /home/josh/Igris_c_ros2_ws/install/urdf_igris/share/urdf_igris/urdf/meshes/igris_c_hand/Thumb_Distal_Right.stl
-- Up-to-date: /home/josh/Igris_c_ros2_ws/install/urdf_igris/share/urdf_igris/urdf/left_hand_igris_c.urdf
-- Up-to-date: /home/josh/Igris_c_ros2_ws/install/urdf_igris/share/ament_index/resource_index/package_run_dependencies/urdf_igris
-- Up-to-date: /home/josh/Igris_c_ros2_ws/install/urdf_igris/share/ament_index/resource_index/parent_prefix_path/urdf_igris
-- Up-to-date: /home/josh/Igris_c_ros2_ws/install/urdf_igris/share/urdf_igris/environment/ament_prefix_path.sh
-- Up-to-date: /home/josh/Igris_c_ros2_ws/install/urdf_igris/share/urdf_igris/environment/ament_prefix_path.dsv
-- Up-to-date: /home/josh/Igris_c_ros2_ws/install/urdf_igris/share/urdf_igris/environment/path.sh
-- Up-to-date: /home/josh/Igris_c_ros2_ws/install/urdf_igris/share/urdf_igris/environment/path.dsv
-- Up-to-date: /home/josh/Igris_c_ros2_ws/install/urdf_igris/share/urdf_igris/local_setup.bash
-- Up-to-date: /home/josh/Igris_c_ros2_ws/install/urdf_igris/share/urdf_igris/local_setup.sh
-- Up-to-date: /home/josh/Igris_c_ros2_ws/install/urdf_igris/share/urdf_igris/local_setup.zsh
-- Up-to-date: /home/josh/Igris_c_ros2_ws/install/urdf_igris/share/urdf_igris/local_setup.dsv
-- Installing: /home/josh/Igris_c_ros2_ws/install/urdf_igris/share/urdf_igris/package.dsv
-- Up-to-date: /home/josh/Igris_c_ros2_ws/install/urdf_igris/share/ament_index/resource_index/packages/urdf_igris
-- Up-to-date: /home/josh/Igris_c_ros2_ws/install/urdf_igris/share/urdf_igris/cmake/urdf_igrisConfig.cmake
-- Up-to-date: /home/josh/Igris_c_ros2_ws/install/urdf_igris/share/urdf_igris/cmake/urdf_igrisConfig-version.cmake
-- Up-to-date: /home/josh/Igris_c_ros2_ws/install/urdf_igris/share/urdf_igris/package.xml
