[0.029s] Invoking command in '/home/josh/Igris_c_ros2_ws/build/urdf_igris': CMAKE_PREFIX_PATH=${CMAKE_PREFIX_PATH}:/home/josh/Igris_c_ros2_ws/install/teleoperator:/home/josh/Igris_c_ros2_ws/install/collect_data:/home/josh/Igris_c_ros2_ws/install/camera:/home/josh/Igris_c_ros2_ws/install/Igris:/opt/ros/jazzy DEBUGINFOD_URLS=https://debuginfod.ubuntu.com /usr/bin/cmake --build /home/josh/Igris_c_ros2_ws/build/urdf_igris -- -j16 -l16
[0.526s] Invoked command in '/home/josh/Igris_c_ros2_ws/build/urdf_igris' returned '0': CMAKE_PREFIX_PATH=${CMAKE_PREFIX_PATH}:/home/josh/Igris_c_ros2_ws/install/teleoperator:/home/josh/Igris_c_ros2_ws/install/collect_data:/home/josh/Igris_c_ros2_ws/install/camera:/home/josh/Igris_c_ros2_ws/install/Igris:/opt/ros/jazzy DEBUGINFOD_URLS=https://debuginfod.ubuntu.com /usr/bin/cmake --build /home/josh/Igris_c_ros2_ws/build/urdf_igris -- -j16 -l16
[0.535s] Invoking command in '/home/josh/Igris_c_ros2_ws/build/urdf_igris': CMAKE_PREFIX_PATH=${CMAKE_PREFIX_PATH}:/home/josh/Igris_c_ros2_ws/install/teleoperator:/home/josh/Igris_c_ros2_ws/install/collect_data:/home/josh/Igris_c_ros2_ws/install/camera:/home/josh/Igris_c_ros2_ws/install/Igris:/opt/ros/jazzy DEBUGINFOD_URLS=https://debuginfod.ubuntu.com /usr/bin/cmake --install /home/josh/Igris_c_ros2_ws/build/urdf_igris
[0.706s] -- Install configuration: ""
[0.706s] -- Up-to-date: /home/josh/Igris_c_ros2_ws/install/urdf_igris/share/urdf_igris/urdf
[0.706s] -- Up-to-date: /home/josh/Igris_c_ros2_ws/install/urdf_igris/share/urdf_igris/urdf/igris_c_v2_parallel.urdf
[0.706s] -- Up-to-date: /home/josh/Igris_c_ros2_ws/install/urdf_igris/share/urdf_igris/urdf/igris_c_v2.urdf
[0.706s] -- Up-to-date: /home/josh/Igris_c_ros2_ws/install/urdf_igris/share/urdf_igris/urdf/right_hand_igris_c.urdf
[0.706s] -- Up-to-date: /home/josh/Igris_c_ros2_ws/install/urdf_igris/share/urdf_igris/urdf/meshes
[0.706s] -- Up-to-date: /home/josh/Igris_c_ros2_ws/install/urdf_igris/share/urdf_igris/urdf/meshes/igris_c_v2
[0.706s] -- Up-to-date: /home/josh/Igris_c_ros2_ws/install/urdf_igris/share/urdf_igris/urdf/meshes/igris_c_v2/Ankle_Pitch_Right.stl
[0.706s] -- Up-to-date: /home/josh/Igris_c_ros2_ws/install/urdf_igris/share/urdf_igris/urdf/meshes/igris_c_v2/Wrist_Pitch_Right.stl
[0.706s] -- Up-to-date: /home/josh/Igris_c_ros2_ws/install/urdf_igris/share/urdf_igris/urdf/meshes/igris_c_v2/Wrist_Motor_Output_Front_Right.stl
[0.707s] -- Up-to-date: /home/josh/Igris_c_ros2_ws/install/urdf_igris/share/urdf_igris/urdf/meshes/igris_c_v2/Wrist_Parallel_Front_Left.stl
[0.707s] -- Up-to-date: /home/josh/Igris_c_ros2_ws/install/urdf_igris/share/urdf_igris/urdf/meshes/igris_c_v2/Waist_Roll_B.stl
[0.707s] -- Up-to-date: /home/josh/Igris_c_ros2_ws/install/urdf_igris/share/urdf_igris/urdf/meshes/igris_c_v2/Wrist_Flange_Back_Right.stl
[0.707s] -- Up-to-date: /home/josh/Igris_c_ros2_ws/install/urdf_igris/share/urdf_igris/urdf/meshes/igris_c_v2/Hip_Yaw_Right.stl
[0.707s] -- Up-to-date: /home/josh/Igris_c_ros2_ws/install/urdf_igris/share/urdf_igris/urdf/meshes/igris_c_v2/Hip_Roll_Left.stl
[0.707s] -- Up-to-date: /home/josh/Igris_c_ros2_ws/install/urdf_igris/share/urdf_igris/urdf/meshes/igris_c_v2/Wrist_Flange_Back_Left.stl
[0.707s] -- Up-to-date: /home/josh/Igris_c_ros2_ws/install/urdf_igris/share/urdf_igris/urdf/meshes/igris_c_v2/Wrist_Parallel_Back_Left.stl
[0.707s] -- Up-to-date: /home/josh/Igris_c_ros2_ws/install/urdf_igris/share/urdf_igris/urdf/meshes/igris_c_v2/Wrist_Coupler_Front_Left.stl
[0.708s] -- Up-to-date: /home/josh/Igris_c_ros2_ws/install/urdf_igris/share/urdf_igris/urdf/meshes/igris_c_v2/Hip_Yaw_Left.stl
[0.708s] -- Up-to-date: /home/josh/Igris_c_ros2_ws/install/urdf_igris/share/urdf_igris/urdf/meshes/igris_c_v2/Ankle_Parallel_Out_Left.stl
[0.708s] -- Up-to-date: /home/josh/Igris_c_ros2_ws/install/urdf_igris/share/urdf_igris/urdf/meshes/igris_c_v2/Waist_Flange_Right.stl
[0.708s] -- Up-to-date: /home/josh/Igris_c_ros2_ws/install/urdf_igris/share/urdf_igris/urdf/meshes/igris_c_v2/Wrist_Roll_Left.stl
[0.708s] -- Up-to-date: /home/josh/Igris_c_ros2_ws/install/urdf_igris/share/urdf_igris/urdf/meshes/igris_c_v2/Ankle_Flange_Out_Left.stl
[0.708s] -- Up-to-date: /home/josh/Igris_c_ros2_ws/install/urdf_igris/share/urdf_igris/urdf/meshes/igris_c_v2/Hip_Roll_Right.stl
[0.708s] -- Up-to-date: /home/josh/Igris_c_ros2_ws/install/urdf_igris/share/urdf_igris/urdf/meshes/igris_c_v2/Airforce_R_v1.stl
[0.708s] -- Up-to-date: /home/josh/Igris_c_ros2_ws/install/urdf_igris/share/urdf_igris/urdf/meshes/igris_c_v2/Ankle_Parallel_Out_Right.stl
[0.708s] -- Up-to-date: /home/josh/Igris_c_ros2_ws/install/urdf_igris/share/urdf_igris/urdf/meshes/igris_c_v2/Wrist_Roll_Right.stl
[0.708s] -- Up-to-date: /home/josh/Igris_c_ros2_ws/install/urdf_igris/share/urdf_igris/urdf/meshes/igris_c_v2/Shoulder_Pitch_Left.stl
[0.708s] -- Up-to-date: /home/josh/Igris_c_ros2_ws/install/urdf_igris/share/urdf_igris/urdf/meshes/igris_c_v2/Wrist_Motor_Output_Front_Left.stl
[0.708s] -- Up-to-date: /home/josh/Igris_c_ros2_ws/install/urdf_igris/share/urdf_igris/urdf/meshes/igris_c_v2/Wrist_Universal_Back_Left.stl
[0.708s] -- Up-to-date: /home/josh/Igris_c_ros2_ws/install/urdf_igris/share/urdf_igris/urdf/meshes/igris_c_v2/Ankle_Flange_Out_Right.stl
[0.709s] -- Up-to-date: /home/josh/Igris_c_ros2_ws/install/urdf_igris/share/urdf_igris/urdf/meshes/igris_c_v2/Ankle_Flange_In_Right.stl
[0.709s] -- Up-to-date: /home/josh/Igris_c_ros2_ws/install/urdf_igris/share/urdf_igris/urdf/meshes/igris_c_v2/Neck_Pitch.stl
[0.709s] -- Up-to-date: /home/josh/Igris_c_ros2_ws/install/urdf_igris/share/urdf_igris/urdf/meshes/igris_c_v2/Ankle_Parallel_In_Right.stl
[0.709s] -- Up-to-date: /home/josh/Igris_c_ros2_ws/install/urdf_igris/share/urdf_igris/urdf/meshes/igris_c_v2/Wrist_Universal_Front_Right.stl
[0.709s] -- Up-to-date: /home/josh/Igris_c_ros2_ws/install/urdf_igris/share/urdf_igris/urdf/meshes/igris_c_v2/Wrist_Coupler_Back_Left.stl
[0.709s] -- Up-to-date: /home/josh/Igris_c_ros2_ws/install/urdf_igris/share/urdf_igris/urdf/meshes/igris_c_v2/Elbow_Pitch_Right.stl
[0.709s] -- Up-to-date: /home/josh/Igris_c_ros2_ws/install/urdf_igris/share/urdf_igris/urdf/meshes/igris_c_v2/Shoulder_Yaw_Left.stl
[0.709s] -- Up-to-date: /home/josh/Igris_c_ros2_ws/install/urdf_igris/share/urdf_igris/urdf/meshes/igris_c_v2/Waist_Roll.stl
[0.709s] -- Up-to-date: /home/josh/Igris_c_ros2_ws/install/urdf_igris/share/urdf_igris/urdf/meshes/igris_c_v2/Waist_Parallel_Left.stl
[0.709s] -- Up-to-date: /home/josh/Igris_c_ros2_ws/install/urdf_igris/share/urdf_igris/urdf/meshes/igris_c_v2/Waist_Yaw_B.stl
[0.709s] -- Up-to-date: /home/josh/Igris_c_ros2_ws/install/urdf_igris/share/urdf_igris/urdf/meshes/igris_c_v2/Ankle_Roll_Shoe_v4.stl
[0.710s] -- Up-to-date: /home/josh/Igris_c_ros2_ws/install/urdf_igris/share/urdf_igris/urdf/meshes/igris_c_v2/Hand_Left.stl
[0.710s] -- Up-to-date: /home/josh/Igris_c_ros2_ws/install/urdf_igris/share/urdf_igris/urdf/meshes/igris_c_v2/Waist_Flange_Left.stl
[0.710s] -- Up-to-date: /home/josh/Igris_c_ros2_ws/install/urdf_igris/share/urdf_igris/urdf/meshes/igris_c_v2/Knee_Pitch_Right.stl
[0.710s] -- Up-to-date: /home/josh/Igris_c_ros2_ws/install/urdf_igris/share/urdf_igris/urdf/meshes/igris_c_v2/Ankle_Roll_Shoe_v5.stl
[0.710s] -- Up-to-date: /home/josh/Igris_c_ros2_ws/install/urdf_igris/share/urdf_igris/urdf/meshes/igris_c_v2/Wrist_Parallel_Front_Right.stl
[0.710s] -- Up-to-date: /home/josh/Igris_c_ros2_ws/install/urdf_igris/share/urdf_igris/urdf/meshes/igris_c_v2/Hip_Pitch_Right.stl
[0.710s] -- Up-to-date: /home/josh/Igris_c_ros2_ws/install/urdf_igris/share/urdf_igris/urdf/meshes/igris_c_v2/Hip_Pitch_Left.stl
[0.710s] -- Up-to-date: /home/josh/Igris_c_ros2_ws/install/urdf_igris/share/urdf_igris/urdf/meshes/igris_c_v2/Wrist_Universal_Back_Right.stl
[0.710s] -- Up-to-date: /home/josh/Igris_c_ros2_ws/install/urdf_igris/share/urdf_igris/urdf/meshes/igris_c_v2/Waist_Pitch.stl
[0.710s] -- Up-to-date: /home/josh/Igris_c_ros2_ws/install/urdf_igris/share/urdf_igris/urdf/meshes/igris_c_v2/Hip_Yaw_CirCut.stl
[0.710s] -- Up-to-date: /home/josh/Igris_c_ros2_ws/install/urdf_igris/share/urdf_igris/urdf/meshes/igris_c_v2/Wrist_Flange_Front_Right.stl
[0.710s] -- Up-to-date: /home/josh/Igris_c_ros2_ws/install/urdf_igris/share/urdf_igris/urdf/meshes/igris_c_v2/Wrist_Parallel_Back_Right.stl
[0.710s] -- Up-to-date: /home/josh/Igris_c_ros2_ws/install/urdf_igris/share/urdf_igris/urdf/meshes/igris_c_v2/Shoulder_Roll_Left.stl
[0.710s] -- Up-to-date: /home/josh/Igris_c_ros2_ws/install/urdf_igris/share/urdf_igris/urdf/meshes/igris_c_v2/Wrist_Motor_Output_Back_Left.stl
[0.711s] -- Up-to-date: /home/josh/Igris_c_ros2_ws/install/urdf_igris/share/urdf_igris/urdf/meshes/igris_c_v2/Wrist_Yaw_Right.stl
[0.711s] -- Up-to-date: /home/josh/Igris_c_ros2_ws/install/urdf_igris/share/urdf_igris/urdf/meshes/igris_c_v2/Wrist_Flange_Front_Left.stl
[0.711s] -- Up-to-date: /home/josh/Igris_c_ros2_ws/install/urdf_igris/share/urdf_igris/urdf/meshes/igris_c_v2/Shoulder_Roll_Right.stl
[0.711s] -- Up-to-date: /home/josh/Igris_c_ros2_ws/install/urdf_igris/share/urdf_igris/urdf/meshes/igris_c_v2/Elbow_Pitch_Left.stl
[0.711s] -- Up-to-date: /home/josh/Igris_c_ros2_ws/install/urdf_igris/share/urdf_igris/urdf/meshes/igris_c_v2/Hand_Right.stl
[0.711s] -- Up-to-date: /home/josh/Igris_c_ros2_ws/install/urdf_igris/share/urdf_igris/urdf/meshes/igris_c_v2/Waist_Pitch_B.stl
[0.711s] -- Up-to-date: /home/josh/Igris_c_ros2_ws/install/urdf_igris/share/urdf_igris/urdf/meshes/igris_c_v2/Airforce_L_v1.stl
[0.711s] -- Up-to-date: /home/josh/Igris_c_ros2_ws/install/urdf_igris/share/urdf_igris/urdf/meshes/igris_c_v2/Ankle_Flange_In_Left.stl
[0.712s] -- Up-to-date: /home/josh/Igris_c_ros2_ws/install/urdf_igris/share/urdf_igris/urdf/meshes/igris_c_v2/Wrist_Yaw_Left.stl
[0.712s] -- Up-to-date: /home/josh/Igris_c_ros2_ws/install/urdf_igris/share/urdf_igris/urdf/meshes/igris_c_v2/Wrist_Coupler_Front_Right.stl
[0.712s] -- Up-to-date: /home/josh/Igris_c_ros2_ws/install/urdf_igris/share/urdf_igris/urdf/meshes/igris_c_v2/Wrist_Motor_Output_Back_Right.stl
[0.712s] -- Up-to-date: /home/josh/Igris_c_ros2_ws/install/urdf_igris/share/urdf_igris/urdf/meshes/igris_c_v2/Neck_Yaw.stl
[0.712s] -- Up-to-date: /home/josh/Igris_c_ros2_ws/install/urdf_igris/share/urdf_igris/urdf/meshes/igris_c_v2/Ankle_Roll_Right.stl
[0.712s] -- Up-to-date: /home/josh/Igris_c_ros2_ws/install/urdf_igris/share/urdf_igris/urdf/meshes/igris_c_v2/Wrist_Universal_Front_Left.stl
[0.712s] -- Up-to-date: /home/josh/Igris_c_ros2_ws/install/urdf_igris/share/urdf_igris/urdf/meshes/igris_c_v2/Hip_Yaw_RecCut.stl
[0.712s] -- Up-to-date: /home/josh/Igris_c_ros2_ws/install/urdf_igris/share/urdf_igris/urdf/meshes/igris_c_v2/Shoulder_Yaw_Right.stl
[0.712s] -- Up-to-date: /home/josh/Igris_c_ros2_ws/install/urdf_igris/share/urdf_igris/urdf/meshes/igris_c_v2/Wrist_Coupler_Back_Right.stl
[0.713s] -- Up-to-date: /home/josh/Igris_c_ros2_ws/install/urdf_igris/share/urdf_igris/urdf/meshes/igris_c_v2/Ankle_Roll_Shoe_v3_visual.stl
[0.713s] -- Up-to-date: /home/josh/Igris_c_ros2_ws/install/urdf_igris/share/urdf_igris/urdf/meshes/igris_c_v2/Ankle_Parallel_In_Left.stl
[0.713s] -- Up-to-date: /home/josh/Igris_c_ros2_ws/install/urdf_igris/share/urdf_igris/urdf/meshes/igris_c_v2/Waist_Yaw.stl
[0.713s] -- Up-to-date: /home/josh/Igris_c_ros2_ws/install/urdf_igris/share/urdf_igris/urdf/meshes/igris_c_v2/Shoulder_Pitch_Right.stl
[0.713s] -- Up-to-date: /home/josh/Igris_c_ros2_ws/install/urdf_igris/share/urdf_igris/urdf/meshes/igris_c_v2/Wrist_Pitch_Left.stl
[0.713s] -- Up-to-date: /home/josh/Igris_c_ros2_ws/install/urdf_igris/share/urdf_igris/urdf/meshes/igris_c_v2/Ankle_Roll_Left.stl
[0.713s] -- Up-to-date: /home/josh/Igris_c_ros2_ws/install/urdf_igris/share/urdf_igris/urdf/meshes/igris_c_v2/Pelvis.stl
[0.713s] -- Up-to-date: /home/josh/Igris_c_ros2_ws/install/urdf_igris/share/urdf_igris/urdf/meshes/igris_c_v2/Waist_Parallel_Right.stl
[0.713s] -- Up-to-date: /home/josh/Igris_c_ros2_ws/install/urdf_igris/share/urdf_igris/urdf/meshes/igris_c_v2/Knee_Pitch_Left.stl
[0.713s] -- Up-to-date: /home/josh/Igris_c_ros2_ws/install/urdf_igris/share/urdf_igris/urdf/meshes/igris_c_v2/Ankle_Pitch_Left.stl
[0.713s] -- Up-to-date: /home/josh/Igris_c_ros2_ws/install/urdf_igris/share/urdf_igris/urdf/meshes/igris_c_v2/Ankle_Roll_Shoe_v3_collision.stl
[0.713s] -- Up-to-date: /home/josh/Igris_c_ros2_ws/install/urdf_igris/share/urdf_igris/urdf/meshes/igris_c_hand
[0.714s] -- Up-to-date: /home/josh/Igris_c_ros2_ws/install/urdf_igris/share/urdf_igris/urdf/meshes/igris_c_hand/Thumb_Proximal_Right.stl
[0.714s] -- Up-to-date: /home/josh/Igris_c_ros2_ws/install/urdf_igris/share/urdf_igris/urdf/meshes/igris_c_hand/Finger_Middle.stl
[0.714s] -- Up-to-date: /home/josh/Igris_c_ros2_ws/install/urdf_igris/share/urdf_igris/urdf/meshes/igris_c_hand/Thumb_Distal_Left.stl
[0.714s] -- Up-to-date: /home/josh/Igris_c_ros2_ws/install/urdf_igris/share/urdf_igris/urdf/meshes/igris_c_hand/Thumb_Proximal_Left.stl
[0.714s] -- Up-to-date: /home/josh/Igris_c_ros2_ws/install/urdf_igris/share/urdf_igris/urdf/meshes/igris_c_hand/Thumb_Middle_Right.stl
[0.714s] -- Up-to-date: /home/josh/Igris_c_ros2_ws/install/urdf_igris/share/urdf_igris/urdf/meshes/igris_c_hand/Palm_Right.stl
[0.714s] -- Up-to-date: /home/josh/Igris_c_ros2_ws/install/urdf_igris/share/urdf_igris/urdf/meshes/igris_c_hand/Palm_Left.stl
[0.714s] -- Up-to-date: /home/josh/Igris_c_ros2_ws/install/urdf_igris/share/urdf_igris/urdf/meshes/igris_c_hand/Finger_Distal.stl
[0.714s] -- Up-to-date: /home/josh/Igris_c_ros2_ws/install/urdf_igris/share/urdf_igris/urdf/meshes/igris_c_hand/Thumb_Middle_Left.stl
[0.714s] -- Up-to-date: /home/josh/Igris_c_ros2_ws/install/urdf_igris/share/urdf_igris/urdf/meshes/igris_c_hand/Thumb_Distal_Right.stl
[0.714s] -- Up-to-date: /home/josh/Igris_c_ros2_ws/install/urdf_igris/share/urdf_igris/urdf/left_hand_igris_c.urdf
[0.714s] -- Up-to-date: /home/josh/Igris_c_ros2_ws/install/urdf_igris/share/ament_index/resource_index/package_run_dependencies/urdf_igris
[0.714s] -- Up-to-date: /home/josh/Igris_c_ros2_ws/install/urdf_igris/share/ament_index/resource_index/parent_prefix_path/urdf_igris
[0.715s] -- Up-to-date: /home/josh/Igris_c_ros2_ws/install/urdf_igris/share/urdf_igris/environment/ament_prefix_path.sh
[0.715s] -- Up-to-date: /home/josh/Igris_c_ros2_ws/install/urdf_igris/share/urdf_igris/environment/ament_prefix_path.dsv
[0.715s] -- Up-to-date: /home/josh/Igris_c_ros2_ws/install/urdf_igris/share/urdf_igris/environment/path.sh
[0.715s] -- Up-to-date: /home/josh/Igris_c_ros2_ws/install/urdf_igris/share/urdf_igris/environment/path.dsv
[0.715s] -- Up-to-date: /home/josh/Igris_c_ros2_ws/install/urdf_igris/share/urdf_igris/local_setup.bash
[0.715s] -- Up-to-date: /home/josh/Igris_c_ros2_ws/install/urdf_igris/share/urdf_igris/local_setup.sh
[0.715s] -- Up-to-date: /home/josh/Igris_c_ros2_ws/install/urdf_igris/share/urdf_igris/local_setup.zsh
[0.715s] -- Up-to-date: /home/josh/Igris_c_ros2_ws/install/urdf_igris/share/urdf_igris/local_setup.dsv
[0.716s] -- Installing: /home/josh/Igris_c_ros2_ws/install/urdf_igris/share/urdf_igris/package.dsv
[0.716s] -- Up-to-date: /home/josh/Igris_c_ros2_ws/install/urdf_igris/share/ament_index/resource_index/packages/urdf_igris
[0.716s] -- Up-to-date: /home/josh/Igris_c_ros2_ws/install/urdf_igris/share/urdf_igris/cmake/urdf_igrisConfig.cmake
[0.716s] -- Up-to-date: /home/josh/Igris_c_ros2_ws/install/urdf_igris/share/urdf_igris/cmake/urdf_igrisConfig-version.cmake
[0.716s] -- Up-to-date: /home/josh/Igris_c_ros2_ws/install/urdf_igris/share/urdf_igris/package.xml
[0.718s] Invoked command in '/home/josh/Igris_c_ros2_ws/build/urdf_igris' returned '0': CMAKE_PREFIX_PATH=${CMAKE_PREFIX_PATH}:/home/josh/Igris_c_ros2_ws/install/teleoperator:/home/josh/Igris_c_ros2_ws/install/collect_data:/home/josh/Igris_c_ros2_ws/install/camera:/home/josh/Igris_c_ros2_ws/install/Igris:/opt/ros/jazzy DEBUGINFOD_URLS=https://debuginfod.ubuntu.com /usr/bin/cmake --install /home/josh/Igris_c_ros2_ws/build/urdf_igris
