[0.482s] Invoking command in '/home/josh/Igris_c_ros2_ws/build/interface': CMAKE_PREFIX_PATH=${CMAKE_PREFIX_PATH}:/home/josh/Igris_c_ros2_ws/install/teleoperator:/home/josh/Igris_c_ros2_ws/install/collect_data:/home/josh/Igris_c_ros2_ws/install/camera:/home/josh/Igris_c_ros2_ws/install/Igris:/opt/ros/jazzy DEBUGINFOD_URLS=https://debuginfod.ubuntu.com /usr/bin/cmake /home/josh/Igris_c_ros2_ws/src/interface -DCMAKE_INSTALL_PREFIX=/home/josh/Igris_c_ros2_ws/install/interface
[0.524s] -- The C compiler identification is GNU 13.3.0
[0.569s] -- The CXX compiler identification is GNU 13.3.0
[0.582s] -- Detecting C compiler ABI info
[0.655s] -- Detecting C compiler ABI info - done
[0.662s] -- Check for working C compiler: /usr/bin/cc - skipped
[0.662s] -- Detecting C compile features
[0.663s] -- Detecting C compile features - done
[0.670s] -- Detecting CXX compiler ABI info
[0.753s] -- Detecting CXX compiler ABI info - done
[0.764s] -- Check for working CXX compiler: /usr/bin/c++ - skipped
[0.764s] -- Detecting CXX compile features
[0.764s] -- Detecting CXX compile features - done
[0.768s] -- Found ament_cmake: 2.5.4 (/opt/ros/jazzy/share/ament_cmake/cmake)
[0.895s] -- Found Python3: /usr/bin/python3 (found version "3.12.3") found components: Interpreter 
[0.994s] -- Found geometry_msgs: 5.3.6 (/opt/ros/jazzy/share/geometry_msgs/cmake)
[1.034s] -- Found rosidl_generator_c: 4.6.6 (/opt/ros/jazzy/share/rosidl_generator_c/cmake)
[1.047s] -- Found rosidl_generator_cpp: 4.6.6 (/opt/ros/jazzy/share/rosidl_generator_cpp/cmake)
[1.061s] -- Using all available rosidl_typesupport_c: rosidl_typesupport_fastrtps_c;rosidl_typesupport_introspection_c
[1.077s] -- Using all available rosidl_typesupport_cpp: rosidl_typesupport_fastrtps_cpp;rosidl_typesupport_introspection_cpp
[1.118s] -- Found rosidl_default_generators: 1.6.0 (/opt/ros/jazzy/share/rosidl_default_generators/cmake)
[1.132s] -- Found rosidl_adapter: 4.6.6 (/opt/ros/jazzy/share/rosidl_adapter/cmake)
[1.671s] -- Found ament_cmake_ros: 0.12.0 (/opt/ros/jazzy/share/ament_cmake_ros/cmake)
[2.345s] -- Using all available rosidl_typesupport_c: rosidl_typesupport_fastrtps_c;rosidl_typesupport_introspection_c
[2.606s] -- Using all available rosidl_typesupport_cpp: rosidl_typesupport_fastrtps_cpp;rosidl_typesupport_introspection_cpp
[2.610s] -- Found python_cmake_module: 0.11.1 (/opt/ros/jazzy/share/python_cmake_module/cmake)
[2.713s] -- Found PythonExtra: /usr/bin/python3  
[3.062s] -- Found Python3: /usr/bin/python3 (found version "3.12.3") found components: Interpreter Development NumPy Development.Module Development.Embed 
[3.110s] -- Found ament_lint_auto: 0.17.3 (/opt/ros/jazzy/share/ament_lint_auto/cmake)
[3.130s] -- Added test 'lint_cmake' to check CMake code style
[3.131s] -- Added test 'xmllint' to check XML markup files
[3.133s] -- Configuring done (2.6s)
[3.162s] -- Generating done (0.0s)
[3.170s] -- Build files have been written to: /home/josh/Igris_c_ros2_ws/build/interface
[3.178s] Invoked command in '/home/josh/Igris_c_ros2_ws/build/interface' returned '0': CMAKE_PREFIX_PATH=${CMAKE_PREFIX_PATH}:/home/josh/Igris_c_ros2_ws/install/teleoperator:/home/josh/Igris_c_ros2_ws/install/collect_data:/home/josh/Igris_c_ros2_ws/install/camera:/home/josh/Igris_c_ros2_ws/install/Igris:/opt/ros/jazzy DEBUGINFOD_URLS=https://debuginfod.ubuntu.com /usr/bin/cmake /home/josh/Igris_c_ros2_ws/src/interface -DCMAKE_INSTALL_PREFIX=/home/josh/Igris_c_ros2_ws/install/interface
[3.178s] Invoking command in '/home/josh/Igris_c_ros2_ws/build/interface': CMAKE_PREFIX_PATH=${CMAKE_PREFIX_PATH}:/home/josh/Igris_c_ros2_ws/install/teleoperator:/home/josh/Igris_c_ros2_ws/install/collect_data:/home/josh/Igris_c_ros2_ws/install/camera:/home/josh/Igris_c_ros2_ws/install/Igris:/opt/ros/jazzy DEBUGINFOD_URLS=https://debuginfod.ubuntu.com /usr/bin/cmake --build /home/josh/Igris_c_ros2_ws/build/interface -- -j16 -l16
[3.223s] [  2%] [34m[1mGenerating type hashes for ROS interfaces[0m
[3.229s] [  2%] Built target ament_cmake_python_copy_interface
[3.377s] [  2%] Built target interface__rosidl_generator_type_description
[3.386s] [  5%] [34m[1mGenerating C code for ROS interfaces[0m
[3.396s] [  8%] [34m[1mGenerating C++ code for ROS interfaces[0m
[3.421s] running egg_info
[3.421s] creating interface.egg-info
[3.439s] writing interface.egg-info/PKG-INFO
[3.439s] writing dependency_links to interface.egg-info/dependency_links.txt
[3.439s] writing top-level names to interface.egg-info/top_level.txt
[3.439s] writing manifest file 'interface.egg-info/SOURCES.txt'
[3.490s] reading manifest file 'interface.egg-info/SOURCES.txt'
[3.490s] writing manifest file 'interface.egg-info/SOURCES.txt'
[3.512s] [  8%] Built target ament_cmake_python_build_interface_egg
[3.618s] [  8%] Built target interface__cpp
[3.624s] [ 17%] [32mBuilding C object CMakeFiles/interface__rosidl_generator_c.dir/rosidl_generator_c/interface/srv/detail/move_joints__type_support.c.o[0m
[3.624s] [ 17%] [32mBuilding C object CMakeFiles/interface__rosidl_generator_c.dir/rosidl_generator_c/interface/srv/detail/move_joints__description.c.o[0m
[3.624s] [ 17%] [32mBuilding C object CMakeFiles/interface__rosidl_generator_c.dir/rosidl_generator_c/interface/srv/detail/move_joints__functions.c.o[0m
[3.681s] [ 20%] [32m[1mLinking C shared library libinterface__rosidl_generator_c.so[0m
[3.714s] [ 20%] Built target interface__rosidl_generator_c
[3.723s] [ 32%] [34m[1mGenerating C introspection for ROS interfaces[0m
[3.723s] [ 32%] [34m[1mGenerating C++ type support for eProsima Fast-RTPS[0m
[3.724s] [ 32%] [34m[1mGenerating C type support for eProsima Fast-RTPS[0m
[3.724s] [ 32%] [34m[1mGenerating C++ introspection for ROS interfaces[0m
[3.724s] [ 35%] [34m[1mGenerating C type support dispatch for ROS interfaces[0m
[3.724s] [ 38%] [34m[1mGenerating C++ type support dispatch for ROS interfaces[0m
[3.916s] [ 44%] [32mBuilding CXX object CMakeFiles/interface__rosidl_typesupport_c.dir/rosidl_typesupport_c/interface/srv/move_joints__type_support.cpp.o[0m
[3.916s] [ 44%] [32mBuilding CXX object CMakeFiles/interface__rosidl_typesupport_cpp.dir/rosidl_typesupport_cpp/interface/srv/move_joints__type_support.cpp.o[0m
[3.934s] [ 47%] [32mBuilding CXX object CMakeFiles/interface__rosidl_typesupport_introspection_cpp.dir/rosidl_typesupport_introspection_cpp/interface/srv/detail/move_joints__type_support.cpp.o[0m
[3.944s] [ 50%] [32mBuilding C object CMakeFiles/interface__rosidl_typesupport_introspection_c.dir/rosidl_typesupport_introspection_c/interface/srv/detail/move_joints__type_support.c.o[0m
[3.959s] [ 52%] [32m[1mLinking CXX shared library libinterface__rosidl_typesupport_c.so[0m
[3.960s] [ 55%] [32mBuilding CXX object CMakeFiles/interface__rosidl_typesupport_fastrtps_cpp.dir/rosidl_typesupport_fastrtps_cpp/interface/srv/detail/dds_fastrtps/move_joints__type_support.cpp.o[0m
[3.974s] [ 58%] [32mBuilding CXX object CMakeFiles/interface__rosidl_typesupport_fastrtps_c.dir/rosidl_typesupport_fastrtps_c/interface/srv/detail/move_joints__type_support_c.cpp.o[0m
[3.987s] [ 61%] [32m[1mLinking C shared library libinterface__rosidl_typesupport_introspection_c.so[0m
[3.993s] [ 61%] Built target interface__rosidl_typesupport_c
[4.014s] [ 61%] Built target interface__rosidl_typesupport_introspection_c
[4.239s] [ 64%] [32m[1mLinking CXX shared library libinterface__rosidl_typesupport_cpp.so[0m
[4.297s] [ 64%] Built target interface__rosidl_typesupport_cpp
[4.329s] [ 67%] [32m[1mLinking CXX shared library libinterface__rosidl_typesupport_introspection_cpp.so[0m
[4.347s] [ 70%] [32m[1mLinking CXX shared library libinterface__rosidl_typesupport_fastrtps_c.so[0m
[4.390s] [ 70%] Built target interface__rosidl_typesupport_introspection_cpp
[4.404s] [ 70%] Built target interface__rosidl_typesupport_fastrtps_c
[4.465s] [ 73%] [32m[1mLinking CXX shared library libinterface__rosidl_typesupport_fastrtps_cpp.so[0m
[4.523s] [ 73%] Built target interface__rosidl_typesupport_fastrtps_cpp
[4.540s] [ 73%] Built target interface
[4.558s] [ 76%] [34m[1mGenerating Python code for ROS interfaces[0m
[4.838s] [ 76%] Built target interface__py
[4.856s] [ 79%] [32mBuilding C object CMakeFiles/interface__rosidl_generator_py.dir/rosidl_generator_py/interface/srv/_move_joints_s.c.o[0m
[4.976s] [ 82%] [32m[1mLinking C shared library libinterface__rosidl_generator_py.so[0m
[5.015s] [ 82%] Built target interface__rosidl_generator_py
[5.032s] [ 88%] [32mBuilding C object CMakeFiles/interface_s__rosidl_typesupport_c.dir/rosidl_generator_py/interface/_interface_s.ep.rosidl_typesupport_c.c.o[0m
[5.032s] [ 88%] [32mBuilding C object CMakeFiles/interface_s__rosidl_typesupport_introspection_c.dir/rosidl_generator_py/interface/_interface_s.ep.rosidl_typesupport_introspection_c.c.o[0m
[5.032s] [ 91%] [32mBuilding C object CMakeFiles/interface_s__rosidl_typesupport_fastrtps_c.dir/rosidl_generator_py/interface/_interface_s.ep.rosidl_typesupport_fastrtps_c.c.o[0m
[5.112s] [ 94%] [32m[1mLinking C shared module rosidl_generator_py/interface/interface_s__rosidl_typesupport_c.so[0m
[5.112s] [ 97%] [32m[1mLinking C shared module rosidl_generator_py/interface/interface_s__rosidl_typesupport_introspection_c.so[0m
[5.119s] [100%] [32m[1mLinking C shared module rosidl_generator_py/interface/interface_s__rosidl_typesupport_fastrtps_c.so[0m
[5.139s] [100%] Built target interface_s__rosidl_typesupport_c
[5.140s] [100%] Built target interface_s__rosidl_typesupport_introspection_c
[5.149s] [100%] Built target interface_s__rosidl_typesupport_fastrtps_c
[5.159s] Invoked command in '/home/josh/Igris_c_ros2_ws/build/interface' returned '0': CMAKE_PREFIX_PATH=${CMAKE_PREFIX_PATH}:/home/josh/Igris_c_ros2_ws/install/teleoperator:/home/josh/Igris_c_ros2_ws/install/collect_data:/home/josh/Igris_c_ros2_ws/install/camera:/home/josh/Igris_c_ros2_ws/install/Igris:/opt/ros/jazzy DEBUGINFOD_URLS=https://debuginfod.ubuntu.com /usr/bin/cmake --build /home/josh/Igris_c_ros2_ws/build/interface -- -j16 -l16
[5.160s] Invoking command in '/home/josh/Igris_c_ros2_ws/build/interface': CMAKE_PREFIX_PATH=${CMAKE_PREFIX_PATH}:/home/josh/Igris_c_ros2_ws/install/teleoperator:/home/josh/Igris_c_ros2_ws/install/collect_data:/home/josh/Igris_c_ros2_ws/install/camera:/home/josh/Igris_c_ros2_ws/install/Igris:/opt/ros/jazzy DEBUGINFOD_URLS=https://debuginfod.ubuntu.com /usr/bin/cmake --install /home/josh/Igris_c_ros2_ws/build/interface
[5.168s] -- Install configuration: ""
[5.168s] -- Installing: /home/josh/Igris_c_ros2_ws/install/interface/share/ament_index/resource_index/rosidl_interfaces/interface
[5.168s] -- Installing: /home/josh/Igris_c_ros2_ws/install/interface/share/interface/srv/MoveJoints.json
[5.168s] -- Installing: /home/josh/Igris_c_ros2_ws/install/interface/include/interface/interface
[5.168s] -- Installing: /home/josh/Igris_c_ros2_ws/install/interface/include/interface/interface/srv
[5.168s] -- Installing: /home/josh/Igris_c_ros2_ws/install/interface/include/interface/interface/srv/detail
[5.168s] -- Installing: /home/josh/Igris_c_ros2_ws/install/interface/include/interface/interface/srv/detail/move_joints__functions.h
[5.168s] -- Installing: /home/josh/Igris_c_ros2_ws/install/interface/include/interface/interface/srv/detail/move_joints__description.c
[5.169s] -- Installing: /home/josh/Igris_c_ros2_ws/install/interface/include/interface/interface/srv/detail/move_joints__struct.h
[5.169s] -- Installing: /home/josh/Igris_c_ros2_ws/install/interface/include/interface/interface/srv/detail/move_joints__type_support.c
[5.169s] -- Installing: /home/josh/Igris_c_ros2_ws/install/interface/include/interface/interface/srv/detail/move_joints__functions.c
[5.169s] -- Installing: /home/josh/Igris_c_ros2_ws/install/interface/include/interface/interface/srv/detail/move_joints__type_support.h
[5.169s] -- Installing: /home/josh/Igris_c_ros2_ws/install/interface/include/interface/interface/srv/move_joints.h
[5.169s] -- Installing: /home/josh/Igris_c_ros2_ws/install/interface/include/interface/interface/msg
[5.169s] -- Installing: /home/josh/Igris_c_ros2_ws/install/interface/include/interface/interface/msg/rosidl_generator_c__visibility_control.h
[5.169s] -- Installing: /home/josh/Igris_c_ros2_ws/install/interface/share/interface/environment/library_path.sh
[5.169s] -- Installing: /home/josh/Igris_c_ros2_ws/install/interface/share/interface/environment/library_path.dsv
[5.169s] -- Installing: /home/josh/Igris_c_ros2_ws/install/interface/lib/libinterface__rosidl_generator_c.so
[5.170s] -- Set non-toolchain portion of runtime path of "/home/josh/Igris_c_ros2_ws/install/interface/lib/libinterface__rosidl_generator_c.so" to ""
[5.170s] -- Up-to-date: /home/josh/Igris_c_ros2_ws/install/interface/include/interface/interface
[5.170s] -- Up-to-date: /home/josh/Igris_c_ros2_ws/install/interface/include/interface/interface/srv
[5.170s] -- Up-to-date: /home/josh/Igris_c_ros2_ws/install/interface/include/interface/interface/srv/detail
[5.170s] -- Installing: /home/josh/Igris_c_ros2_ws/install/interface/include/interface/interface/srv/detail/move_joints__rosidl_typesupport_fastrtps_c.h
[5.170s] -- Up-to-date: /home/josh/Igris_c_ros2_ws/install/interface/include/interface/interface/msg
[5.170s] -- Installing: /home/josh/Igris_c_ros2_ws/install/interface/include/interface/interface/msg/rosidl_typesupport_fastrtps_c__visibility_control.h
[5.170s] -- Installing: /home/josh/Igris_c_ros2_ws/install/interface/lib/libinterface__rosidl_typesupport_fastrtps_c.so
[5.171s] -- Set non-toolchain portion of runtime path of "/home/josh/Igris_c_ros2_ws/install/interface/lib/libinterface__rosidl_typesupport_fastrtps_c.so" to ""
[5.171s] -- Up-to-date: /home/josh/Igris_c_ros2_ws/install/interface/include/interface/interface
[5.171s] -- Up-to-date: /home/josh/Igris_c_ros2_ws/install/interface/include/interface/interface/srv
[5.171s] -- Up-to-date: /home/josh/Igris_c_ros2_ws/install/interface/include/interface/interface/srv/detail
[5.171s] -- Installing: /home/josh/Igris_c_ros2_ws/install/interface/include/interface/interface/srv/detail/move_joints__builder.hpp
[5.171s] -- Installing: /home/josh/Igris_c_ros2_ws/install/interface/include/interface/interface/srv/detail/move_joints__type_support.hpp
[5.171s] -- Installing: /home/josh/Igris_c_ros2_ws/install/interface/include/interface/interface/srv/detail/move_joints__struct.hpp
[5.171s] -- Installing: /home/josh/Igris_c_ros2_ws/install/interface/include/interface/interface/srv/detail/move_joints__traits.hpp
[5.171s] -- Installing: /home/josh/Igris_c_ros2_ws/install/interface/include/interface/interface/srv/move_joints.hpp
[5.171s] -- Up-to-date: /home/josh/Igris_c_ros2_ws/install/interface/include/interface/interface/msg
[5.171s] -- Installing: /home/josh/Igris_c_ros2_ws/install/interface/include/interface/interface/msg/rosidl_generator_cpp__visibility_control.hpp
[5.171s] -- Up-to-date: /home/josh/Igris_c_ros2_ws/install/interface/include/interface/interface
[5.171s] -- Up-to-date: /home/josh/Igris_c_ros2_ws/install/interface/include/interface/interface/srv
[5.172s] -- Up-to-date: /home/josh/Igris_c_ros2_ws/install/interface/include/interface/interface/srv/detail
[5.172s] -- Installing: /home/josh/Igris_c_ros2_ws/install/interface/include/interface/interface/srv/detail/dds_fastrtps
[5.172s] -- Installing: /home/josh/Igris_c_ros2_ws/install/interface/include/interface/interface/srv/detail/move_joints__rosidl_typesupport_fastrtps_cpp.hpp
[5.172s] -- Up-to-date: /home/josh/Igris_c_ros2_ws/install/interface/include/interface/interface/msg
[5.172s] -- Installing: /home/josh/Igris_c_ros2_ws/install/interface/include/interface/interface/msg/rosidl_typesupport_fastrtps_cpp__visibility_control.h
[5.172s] -- Installing: /home/josh/Igris_c_ros2_ws/install/interface/lib/libinterface__rosidl_typesupport_fastrtps_cpp.so
[5.172s] -- Set non-toolchain portion of runtime path of "/home/josh/Igris_c_ros2_ws/install/interface/lib/libinterface__rosidl_typesupport_fastrtps_cpp.so" to ""
[5.173s] -- Up-to-date: /home/josh/Igris_c_ros2_ws/install/interface/include/interface/interface
[5.173s] -- Up-to-date: /home/josh/Igris_c_ros2_ws/install/interface/include/interface/interface/srv
[5.173s] -- Up-to-date: /home/josh/Igris_c_ros2_ws/install/interface/include/interface/interface/srv/detail
[5.173s] -- Up-to-date: /home/josh/Igris_c_ros2_ws/install/interface/include/interface/interface/srv/detail/move_joints__type_support.c
[5.173s] -- Installing: /home/josh/Igris_c_ros2_ws/install/interface/include/interface/interface/srv/detail/move_joints__rosidl_typesupport_introspection_c.h
[5.173s] -- Up-to-date: /home/josh/Igris_c_ros2_ws/install/interface/include/interface/interface/msg
[5.173s] -- Installing: /home/josh/Igris_c_ros2_ws/install/interface/include/interface/interface/msg/rosidl_typesupport_introspection_c__visibility_control.h
[5.173s] -- Installing: /home/josh/Igris_c_ros2_ws/install/interface/lib/libinterface__rosidl_typesupport_introspection_c.so
[5.173s] -- Set non-toolchain portion of runtime path of "/home/josh/Igris_c_ros2_ws/install/interface/lib/libinterface__rosidl_typesupport_introspection_c.so" to ""
[5.173s] -- Installing: /home/josh/Igris_c_ros2_ws/install/interface/lib/libinterface__rosidl_typesupport_c.so
[5.174s] -- Set non-toolchain portion of runtime path of "/home/josh/Igris_c_ros2_ws/install/interface/lib/libinterface__rosidl_typesupport_c.so" to ""
[5.174s] -- Up-to-date: /home/josh/Igris_c_ros2_ws/install/interface/include/interface/interface
[5.174s] -- Up-to-date: /home/josh/Igris_c_ros2_ws/install/interface/include/interface/interface/srv
[5.174s] -- Up-to-date: /home/josh/Igris_c_ros2_ws/install/interface/include/interface/interface/srv/detail
[5.174s] -- Installing: /home/josh/Igris_c_ros2_ws/install/interface/include/interface/interface/srv/detail/move_joints__type_support.cpp
[5.174s] -- Installing: /home/josh/Igris_c_ros2_ws/install/interface/include/interface/interface/srv/detail/move_joints__rosidl_typesupport_introspection_cpp.hpp
[5.174s] -- Installing: /home/josh/Igris_c_ros2_ws/install/interface/lib/libinterface__rosidl_typesupport_introspection_cpp.so
[5.175s] -- Set non-toolchain portion of runtime path of "/home/josh/Igris_c_ros2_ws/install/interface/lib/libinterface__rosidl_typesupport_introspection_cpp.so" to ""
[5.175s] -- Installing: /home/josh/Igris_c_ros2_ws/install/interface/lib/libinterface__rosidl_typesupport_cpp.so
[5.175s] -- Set non-toolchain portion of runtime path of "/home/josh/Igris_c_ros2_ws/install/interface/lib/libinterface__rosidl_typesupport_cpp.so" to ""
[5.175s] -- Installing: /home/josh/Igris_c_ros2_ws/install/interface/share/interface/environment/pythonpath.sh
[5.175s] -- Installing: /home/josh/Igris_c_ros2_ws/install/interface/share/interface/environment/pythonpath.dsv
[5.175s] -- Installing: /home/josh/Igris_c_ros2_ws/install/interface/lib/python3.12/site-packages/interface-0.0.0-py3.12.egg-info
[5.175s] -- Installing: /home/josh/Igris_c_ros2_ws/install/interface/lib/python3.12/site-packages/interface-0.0.0-py3.12.egg-info/PKG-INFO
[5.176s] -- Installing: /home/josh/Igris_c_ros2_ws/install/interface/lib/python3.12/site-packages/interface-0.0.0-py3.12.egg-info/top_level.txt
[5.176s] -- Installing: /home/josh/Igris_c_ros2_ws/install/interface/lib/python3.12/site-packages/interface-0.0.0-py3.12.egg-info/dependency_links.txt
[5.176s] -- Installing: /home/josh/Igris_c_ros2_ws/install/interface/lib/python3.12/site-packages/interface-0.0.0-py3.12.egg-info/SOURCES.txt
[5.176s] -- Installing: /home/josh/Igris_c_ros2_ws/install/interface/lib/python3.12/site-packages/interface
[5.176s] -- Installing: /home/josh/Igris_c_ros2_ws/install/interface/lib/python3.12/site-packages/interface/interface_s__rosidl_typesupport_introspection_c.so
[5.176s] -- Installing: /home/josh/Igris_c_ros2_ws/install/interface/lib/python3.12/site-packages/interface/interface_s__rosidl_typesupport_c.so
[5.176s] -- Installing: /home/josh/Igris_c_ros2_ws/install/interface/lib/python3.12/site-packages/interface/_interface_s.ep.rosidl_typesupport_c.c
[5.176s] -- Installing: /home/josh/Igris_c_ros2_ws/install/interface/lib/python3.12/site-packages/interface/srv
[5.177s] -- Installing: /home/josh/Igris_c_ros2_ws/install/interface/lib/python3.12/site-packages/interface/srv/_move_joints_s.c
[5.177s] -- Installing: /home/josh/Igris_c_ros2_ws/install/interface/lib/python3.12/site-packages/interface/srv/__init__.py
[5.177s] -- Installing: /home/josh/Igris_c_ros2_ws/install/interface/lib/python3.12/site-packages/interface/srv/_move_joints.py
[5.177s] -- Installing: /home/josh/Igris_c_ros2_ws/install/interface/lib/python3.12/site-packages/interface/__init__.py
[5.177s] -- Installing: /home/josh/Igris_c_ros2_ws/install/interface/lib/python3.12/site-packages/interface/_interface_s.ep.rosidl_typesupport_fastrtps_c.c
[5.177s] -- Installing: /home/josh/Igris_c_ros2_ws/install/interface/lib/python3.12/site-packages/interface/_interface_s.ep.rosidl_typesupport_introspection_c.c
[5.177s] -- Installing: /home/josh/Igris_c_ros2_ws/install/interface/lib/python3.12/site-packages/interface/interface_s__rosidl_typesupport_fastrtps_c.so
[5.208s] Listing '/home/josh/Igris_c_ros2_ws/install/interface/lib/python3.12/site-packages/interface'...
[5.208s] Compiling '/home/josh/Igris_c_ros2_ws/install/interface/lib/python3.12/site-packages/interface/__init__.py'...
[5.208s] Listing '/home/josh/Igris_c_ros2_ws/install/interface/lib/python3.12/site-packages/interface/srv'...
[5.208s] Compiling '/home/josh/Igris_c_ros2_ws/install/interface/lib/python3.12/site-packages/interface/srv/__init__.py'...
[5.208s] Compiling '/home/josh/Igris_c_ros2_ws/install/interface/lib/python3.12/site-packages/interface/srv/_move_joints.py'...
[5.212s] -- Installing: /home/josh/Igris_c_ros2_ws/install/interface/lib/python3.12/site-packages/interface/interface_s__rosidl_typesupport_fastrtps_c.so
[5.212s] -- Set non-toolchain portion of runtime path of "/home/josh/Igris_c_ros2_ws/install/interface/lib/python3.12/site-packages/interface/interface_s__rosidl_typesupport_fastrtps_c.so" to ""
[5.213s] -- Installing: /home/josh/Igris_c_ros2_ws/install/interface/lib/python3.12/site-packages/interface/interface_s__rosidl_typesupport_introspection_c.so
[5.213s] -- Set non-toolchain portion of runtime path of "/home/josh/Igris_c_ros2_ws/install/interface/lib/python3.12/site-packages/interface/interface_s__rosidl_typesupport_introspection_c.so" to ""
[5.213s] -- Installing: /home/josh/Igris_c_ros2_ws/install/interface/lib/python3.12/site-packages/interface/interface_s__rosidl_typesupport_c.so
[5.213s] -- Set non-toolchain portion of runtime path of "/home/josh/Igris_c_ros2_ws/install/interface/lib/python3.12/site-packages/interface/interface_s__rosidl_typesupport_c.so" to ""
[5.214s] -- Installing: /home/josh/Igris_c_ros2_ws/install/interface/lib/libinterface__rosidl_generator_py.so
[5.214s] -- Set non-toolchain portion of runtime path of "/home/josh/Igris_c_ros2_ws/install/interface/lib/libinterface__rosidl_generator_py.so" to ""
[5.214s] -- Installing: /home/josh/Igris_c_ros2_ws/install/interface/share/interface/srv/MoveJoints.idl
[5.214s] -- Installing: /home/josh/Igris_c_ros2_ws/install/interface/share/interface/srv/MoveJoints.srv
[5.214s] -- Installing: /home/josh/Igris_c_ros2_ws/install/interface/share/ament_index/resource_index/package_run_dependencies/interface
[5.214s] -- Installing: /home/josh/Igris_c_ros2_ws/install/interface/share/ament_index/resource_index/parent_prefix_path/interface
[5.214s] -- Installing: /home/josh/Igris_c_ros2_ws/install/interface/share/interface/environment/ament_prefix_path.sh
[5.215s] -- Installing: /home/josh/Igris_c_ros2_ws/install/interface/share/interface/environment/ament_prefix_path.dsv
[5.215s] -- Installing: /home/josh/Igris_c_ros2_ws/install/interface/share/interface/environment/path.sh
[5.215s] -- Installing: /home/josh/Igris_c_ros2_ws/install/interface/share/interface/environment/path.dsv
[5.215s] -- Installing: /home/josh/Igris_c_ros2_ws/install/interface/share/interface/local_setup.bash
[5.215s] -- Installing: /home/josh/Igris_c_ros2_ws/install/interface/share/interface/local_setup.sh
[5.215s] -- Installing: /home/josh/Igris_c_ros2_ws/install/interface/share/interface/local_setup.zsh
[5.215s] -- Installing: /home/josh/Igris_c_ros2_ws/install/interface/share/interface/local_setup.dsv
[5.216s] -- Installing: /home/josh/Igris_c_ros2_ws/install/interface/share/interface/package.dsv
[5.216s] -- Installing: /home/josh/Igris_c_ros2_ws/install/interface/share/ament_index/resource_index/packages/interface
[5.216s] -- Installing: /home/josh/Igris_c_ros2_ws/install/interface/share/interface/cmake/export_interface__rosidl_generator_cExport.cmake
[5.216s] -- Installing: /home/josh/Igris_c_ros2_ws/install/interface/share/interface/cmake/export_interface__rosidl_generator_cExport-noconfig.cmake
[5.216s] -- Installing: /home/josh/Igris_c_ros2_ws/install/interface/share/interface/cmake/export_interface__rosidl_typesupport_fastrtps_cExport.cmake
[5.216s] -- Installing: /home/josh/Igris_c_ros2_ws/install/interface/share/interface/cmake/export_interface__rosidl_typesupport_fastrtps_cExport-noconfig.cmake
[5.216s] -- Installing: /home/josh/Igris_c_ros2_ws/install/interface/share/interface/cmake/export_interface__rosidl_generator_cppExport.cmake
[5.217s] -- Installing: /home/josh/Igris_c_ros2_ws/install/interface/share/interface/cmake/export_interface__rosidl_typesupport_fastrtps_cppExport.cmake
[5.217s] -- Installing: /home/josh/Igris_c_ros2_ws/install/interface/share/interface/cmake/export_interface__rosidl_typesupport_fastrtps_cppExport-noconfig.cmake
[5.217s] -- Installing: /home/josh/Igris_c_ros2_ws/install/interface/share/interface/cmake/interface__rosidl_typesupport_introspection_cExport.cmake
[5.217s] -- Installing: /home/josh/Igris_c_ros2_ws/install/interface/share/interface/cmake/interface__rosidl_typesupport_introspection_cExport-noconfig.cmake
[5.217s] -- Installing: /home/josh/Igris_c_ros2_ws/install/interface/share/interface/cmake/interface__rosidl_typesupport_cExport.cmake
[5.217s] -- Installing: /home/josh/Igris_c_ros2_ws/install/interface/share/interface/cmake/interface__rosidl_typesupport_cExport-noconfig.cmake
[5.218s] -- Installing: /home/josh/Igris_c_ros2_ws/install/interface/share/interface/cmake/interface__rosidl_typesupport_introspection_cppExport.cmake
[5.218s] -- Installing: /home/josh/Igris_c_ros2_ws/install/interface/share/interface/cmake/interface__rosidl_typesupport_introspection_cppExport-noconfig.cmake
[5.218s] -- Installing: /home/josh/Igris_c_ros2_ws/install/interface/share/interface/cmake/interface__rosidl_typesupport_cppExport.cmake
[5.218s] -- Installing: /home/josh/Igris_c_ros2_ws/install/interface/share/interface/cmake/interface__rosidl_typesupport_cppExport-noconfig.cmake
[5.218s] -- Installing: /home/josh/Igris_c_ros2_ws/install/interface/share/interface/cmake/export_interface__rosidl_generator_pyExport.cmake
[5.218s] -- Installing: /home/josh/Igris_c_ros2_ws/install/interface/share/interface/cmake/export_interface__rosidl_generator_pyExport-noconfig.cmake
[5.218s] -- Installing: /home/josh/Igris_c_ros2_ws/install/interface/share/interface/cmake/rosidl_cmake-extras.cmake
[5.218s] -- Installing: /home/josh/Igris_c_ros2_ws/install/interface/share/interface/cmake/ament_cmake_export_dependencies-extras.cmake
[5.218s] -- Installing: /home/josh/Igris_c_ros2_ws/install/interface/share/interface/cmake/ament_cmake_export_include_directories-extras.cmake
[5.219s] -- Installing: /home/josh/Igris_c_ros2_ws/install/interface/share/interface/cmake/ament_cmake_export_libraries-extras.cmake
[5.219s] -- Installing: /home/josh/Igris_c_ros2_ws/install/interface/share/interface/cmake/ament_cmake_export_targets-extras.cmake
[5.219s] -- Installing: /home/josh/Igris_c_ros2_ws/install/interface/share/interface/cmake/rosidl_cmake_export_typesupport_targets-extras.cmake
[5.219s] -- Installing: /home/josh/Igris_c_ros2_ws/install/interface/share/interface/cmake/rosidl_cmake_export_typesupport_libraries-extras.cmake
[5.219s] -- Installing: /home/josh/Igris_c_ros2_ws/install/interface/share/interface/cmake/interfaceConfig.cmake
[5.219s] -- Installing: /home/josh/Igris_c_ros2_ws/install/interface/share/interface/cmake/interfaceConfig-version.cmake
[5.219s] -- Installing: /home/josh/Igris_c_ros2_ws/install/interface/share/interface/package.xml
[5.221s] Invoked command in '/home/josh/Igris_c_ros2_ws/build/interface' returned '0': CMAKE_PREFIX_PATH=${CMAKE_PREFIX_PATH}:/home/josh/Igris_c_ros2_ws/install/teleoperator:/home/josh/Igris_c_ros2_ws/install/collect_data:/home/josh/Igris_c_ros2_ws/install/camera:/home/josh/Igris_c_ros2_ws/install/Igris:/opt/ros/jazzy DEBUGINFOD_URLS=https://debuginfod.ubuntu.com /usr/bin/cmake --install /home/josh/Igris_c_ros2_ws/build/interface
