running egg_info
writing ../../build/teleoperator/teleoperator.egg-info/PKG-INFO
writing dependency_links to ../../build/teleoperator/teleoperator.egg-info/dependency_links.txt
writing entry points to ../../build/teleoperator/teleoperator.egg-info/entry_points.txt
writing requirements to ../../build/teleoperator/teleoperator.egg-info/requires.txt
writing top-level names to ../../build/teleoperator/teleoperator.egg-info/top_level.txt
reading manifest file '../../build/teleoperator/teleoperator.egg-info/SOURCES.txt'
adding license file 'LICENSE'
writing manifest file '../../build/teleoperator/teleoperator.egg-info/SOURCES.txt'
running build
running build_py
running install
running install_lib
running install_data
running install_egg_info
removing '/home/josh/Igris_c_ros2_ws/install/teleoperator/lib/python3.12/site-packages/teleoperator-0.0.0-py3.12.egg-info' (and everything under it)
Copying ../../build/teleoperator/teleoperator.egg-info to /home/josh/Igris_c_ros2_ws/install/teleoperator/lib/python3.12/site-packages/teleoperator-0.0.0-py3.12.egg-info
running install_scripts
Installing hand_bridge script to /home/josh/Igris_c_ros2_ws/install/teleoperator/lib/teleoperator
Installing joint script to /home/josh/Igris_c_ros2_ws/install/teleoperator/lib/teleoperator
writing list of installed files to '/home/josh/Igris_c_ros2_ws/build/teleoperator/install.log'
