[1.171s] Invoking command in '/home/josh/Igris_c_ros2_ws/src/teleoperator': DEBUGINFOD_URLS=https://debuginfod.ubuntu.com PYTHONPATH=/home/josh/Igris_c_ros2_ws/build/teleoperator/prefix_override:/usr/lib/python3/dist-packages/colcon_core/task/python/colcon_distutils_commands:/home/josh/Igris_c_ros2_ws/install/teleoperator/lib/python3.12/site-packages:${PYTHONPATH} /usr/bin/python3 -W ignore:setup.py install is deprecated -W ignore:easy_install command is deprecated setup.py egg_info --egg-base ../../build/teleoperator build --build-base /home/josh/Igris_c_ros2_ws/build/teleoperator/build install --record /home/josh/Igris_c_ros2_ws/build/teleoperator/install.log --single-version-externally-managed install_data
[1.399s] running egg_info
[1.399s] creating ../../build/teleoperator/teleoperator.egg-info
[1.419s] writing ../../build/teleoperator/teleoperator.egg-info/PKG-INFO
[1.419s] writing dependency_links to ../../build/teleoperator/teleoperator.egg-info/dependency_links.txt
[1.419s] writing entry points to ../../build/teleoperator/teleoperator.egg-info/entry_points.txt
[1.419s] writing requirements to ../../build/teleoperator/teleoperator.egg-info/requires.txt
[1.419s] writing top-level names to ../../build/teleoperator/teleoperator.egg-info/top_level.txt
[1.420s] writing manifest file '../../build/teleoperator/teleoperator.egg-info/SOURCES.txt'
[1.455s] reading manifest file '../../build/teleoperator/teleoperator.egg-info/SOURCES.txt'
[1.456s] adding license file 'LICENSE'
[1.456s] writing manifest file '../../build/teleoperator/teleoperator.egg-info/SOURCES.txt'
[1.456s] running build
[1.456s] running build_py
[1.457s] creating /home/josh/Igris_c_ros2_ws/build/teleoperator/build
[1.457s] creating /home/josh/Igris_c_ros2_ws/build/teleoperator/build/lib
[1.457s] creating /home/josh/Igris_c_ros2_ws/build/teleoperator/build/lib/teleoperator
[1.457s] copying teleoperator/teleop.py -> /home/josh/Igris_c_ros2_ws/build/teleoperator/build/lib/teleoperator
[1.457s] copying teleoperator/__init__.py -> /home/josh/Igris_c_ros2_ws/build/teleoperator/build/lib/teleoperator
[1.457s] copying teleoperator/hand_bridge.py -> /home/josh/Igris_c_ros2_ws/build/teleoperator/build/lib/teleoperator
[1.458s] running install
[1.462s] running install_lib
[1.479s] creating /home/josh/Igris_c_ros2_ws/install/teleoperator/lib/python3.12/site-packages/teleoperator
[1.479s] copying /home/josh/Igris_c_ros2_ws/build/teleoperator/build/lib/teleoperator/teleop.py -> /home/josh/Igris_c_ros2_ws/install/teleoperator/lib/python3.12/site-packages/teleoperator
[1.479s] copying /home/josh/Igris_c_ros2_ws/build/teleoperator/build/lib/teleoperator/__init__.py -> /home/josh/Igris_c_ros2_ws/install/teleoperator/lib/python3.12/site-packages/teleoperator
[1.479s] copying /home/josh/Igris_c_ros2_ws/build/teleoperator/build/lib/teleoperator/hand_bridge.py -> /home/josh/Igris_c_ros2_ws/install/teleoperator/lib/python3.12/site-packages/teleoperator
[1.480s] byte-compiling /home/josh/Igris_c_ros2_ws/install/teleoperator/lib/python3.12/site-packages/teleoperator/teleop.py to teleop.cpython-312.pyc
[1.483s] byte-compiling /home/josh/Igris_c_ros2_ws/install/teleoperator/lib/python3.12/site-packages/teleoperator/__init__.py to __init__.cpython-312.pyc
[1.483s] byte-compiling /home/josh/Igris_c_ros2_ws/install/teleoperator/lib/python3.12/site-packages/teleoperator/hand_bridge.py to hand_bridge.cpython-312.pyc
[1.483s] running install_data
[1.484s] creating /home/josh/Igris_c_ros2_ws/install/teleoperator/share/ament_index
[1.484s] creating /home/josh/Igris_c_ros2_ws/install/teleoperator/share/ament_index/resource_index
[1.484s] creating /home/josh/Igris_c_ros2_ws/install/teleoperator/share/ament_index/resource_index/packages
[1.484s] copying resource/teleoperator -> /home/josh/Igris_c_ros2_ws/install/teleoperator/share/ament_index/resource_index/packages
[1.484s] copying package.xml -> /home/josh/Igris_c_ros2_ws/install/teleoperator/share/teleoperator
[1.484s] running install_egg_info
[1.503s] Copying ../../build/teleoperator/teleoperator.egg-info to /home/josh/Igris_c_ros2_ws/install/teleoperator/lib/python3.12/site-packages/teleoperator-0.0.0-py3.12.egg-info
[1.504s] running install_scripts
[1.619s] Installing hand_bridge script to /home/josh/Igris_c_ros2_ws/install/teleoperator/lib/teleoperator
[1.619s] Installing joint script to /home/josh/Igris_c_ros2_ws/install/teleoperator/lib/teleoperator
[1.619s] writing list of installed files to '/home/josh/Igris_c_ros2_ws/build/teleoperator/install.log'
[1.650s] Invoked command in '/home/josh/Igris_c_ros2_ws/src/teleoperator' returned '0': DEBUGINFOD_URLS=https://debuginfod.ubuntu.com PYTHONPATH=/home/josh/Igris_c_ros2_ws/build/teleoperator/prefix_override:/usr/lib/python3/dist-packages/colcon_core/task/python/colcon_distutils_commands:/home/josh/Igris_c_ros2_ws/install/teleoperator/lib/python3.12/site-packages:${PYTHONPATH} /usr/bin/python3 -W ignore:setup.py install is deprecated -W ignore:easy_install command is deprecated setup.py egg_info --egg-base ../../build/teleoperator build --build-base /home/josh/Igris_c_ros2_ws/build/teleoperator/build install --record /home/josh/Igris_c_ros2_ws/build/teleoperator/install.log --single-version-externally-managed install_data
