-- Install configuration: ""
-- Up-to-date: /home/josh/Igris_c_ros2_ws/install/moveit_igris/share/ament_index/resource_index/package_run_dependencies/moveit_igris
-- Up-to-date: /home/josh/Igris_c_ros2_ws/install/moveit_igris/share/ament_index/resource_index/parent_prefix_path/moveit_igris
-- Up-to-date: /home/josh/Igris_c_ros2_ws/install/moveit_igris/share/moveit_igris/environment/ament_prefix_path.sh
-- Up-to-date: /home/josh/Igris_c_ros2_ws/install/moveit_igris/share/moveit_igris/environment/ament_prefix_path.dsv
-- Up-to-date: /home/josh/Igris_c_ros2_ws/install/moveit_igris/share/moveit_igris/environment/path.sh
-- Up-to-date: /home/josh/Igris_c_ros2_ws/install/moveit_igris/share/moveit_igris/environment/path.dsv
-- Up-to-date: /home/josh/Igris_c_ros2_ws/install/moveit_igris/share/moveit_igris/local_setup.bash
-- Up-to-date: /home/josh/Igris_c_ros2_ws/install/moveit_igris/share/moveit_igris/local_setup.sh
-- Up-to-date: /home/josh/Igris_c_ros2_ws/install/moveit_igris/share/moveit_igris/local_setup.zsh
-- Up-to-date: /home/josh/Igris_c_ros2_ws/install/moveit_igris/share/moveit_igris/local_setup.dsv
-- Up-to-date: /home/josh/Igris_c_ros2_ws/install/moveit_igris/share/moveit_igris/package.dsv
-- Up-to-date: /home/josh/Igris_c_ros2_ws/install/moveit_igris/share/ament_index/resource_index/packages/moveit_igris
-- Up-to-date: /home/josh/Igris_c_ros2_ws/install/moveit_igris/share/moveit_igris/cmake/moveit_igrisConfig.cmake
-- Up-to-date: /home/josh/Igris_c_ros2_ws/install/moveit_igris/share/moveit_igris/cmake/moveit_igrisConfig-version.cmake
-- Up-to-date: /home/josh/Igris_c_ros2_ws/install/moveit_igris/share/moveit_igris/package.xml
-- Up-to-date: /home/josh/Igris_c_ros2_ws/install/moveit_igris/share/moveit_igris/launch
-- Up-to-date: /home/josh/Igris_c_ros2_ws/install/moveit_igris/share/moveit_igris/launch/setup_assistant.launch.py
-- Up-to-date: /home/josh/Igris_c_ros2_ws/install/moveit_igris/share/moveit_igris/launch/move_group.launch.py
-- Up-to-date: /home/josh/Igris_c_ros2_ws/install/moveit_igris/share/moveit_igris/launch/static_virtual_joint_tfs.launch.py
-- Up-to-date: /home/josh/Igris_c_ros2_ws/install/moveit_igris/share/moveit_igris/launch/moveit_rviz.launch.py
-- Up-to-date: /home/josh/Igris_c_ros2_ws/install/moveit_igris/share/moveit_igris/launch/warehouse_db.launch.py
-- Up-to-date: /home/josh/Igris_c_ros2_ws/install/moveit_igris/share/moveit_igris/launch/rsp.launch.py
-- Up-to-date: /home/josh/Igris_c_ros2_ws/install/moveit_igris/share/moveit_igris/launch/demo.launch.py
-- Up-to-date: /home/josh/Igris_c_ros2_ws/install/moveit_igris/share/moveit_igris/launch/spawn_controllers.launch.py
-- Up-to-date: /home/josh/Igris_c_ros2_ws/install/moveit_igris/share/moveit_igris/config
-- Up-to-date: /home/josh/Igris_c_ros2_ws/install/moveit_igris/share/moveit_igris/config/pilz_cartesian_limits.yaml
-- Up-to-date: /home/josh/Igris_c_ros2_ws/install/moveit_igris/share/moveit_igris/config/moveit.rviz
-- Up-to-date: /home/josh/Igris_c_ros2_ws/install/moveit_igris/share/moveit_igris/config/joint_limits.yaml
-- Up-to-date: /home/josh/Igris_c_ros2_ws/install/moveit_igris/share/moveit_igris/config/IGRIS_C.ros2_control.xacro
-- Up-to-date: /home/josh/Igris_c_ros2_ws/install/moveit_igris/share/moveit_igris/config/kinematics.yaml
-- Up-to-date: /home/josh/Igris_c_ros2_ws/install/moveit_igris/share/moveit_igris/config/ros2_controllers.yaml
-- Up-to-date: /home/josh/Igris_c_ros2_ws/install/moveit_igris/share/moveit_igris/config/IGRIS_C.urdf.xacro
-- Up-to-date: /home/josh/Igris_c_ros2_ws/install/moveit_igris/share/moveit_igris/config/initial_positions.yaml
-- Up-to-date: /home/josh/Igris_c_ros2_ws/install/moveit_igris/share/moveit_igris/config/IGRIS_C.srdf
-- Up-to-date: /home/josh/Igris_c_ros2_ws/install/moveit_igris/share/moveit_igris/config/moveit_controllers.yaml
-- Up-to-date: /home/josh/Igris_c_ros2_ws/install/moveit_igris/share/moveit_igris/config/sensors_3d.yaml
-- Up-to-date: /home/josh/Igris_c_ros2_ws/install/moveit_igris/share/moveit_igris/.setup_assistant
