running develop
/usr/lib/python3/dist-packages/setuptools/command/easy_install.py:363: UserWarning: Unbuilt egg for pytest-repeat [unknown version] (/usr/lib/python3/dist-packages)
  self.local_index = Environment(self.shadow_path + sys.path)
Removing /home/josh/Igris_c_ros2_ws/install/collect_data/lib/python3.12/site-packages/collect-data.egg-link (link to .)
running egg_info
writing ../../build/collect_data/collect_data.egg-info/PKG-INFO
writing dependency_links to ../../build/collect_data/collect_data.egg-info/dependency_links.txt
writing entry points to ../../build/collect_data/collect_data.egg-info/entry_points.txt
writing requirements to ../../build/collect_data/collect_data.egg-info/requires.txt
writing top-level names to ../../build/collect_data/collect_data.egg-info/top_level.txt
reading manifest file '../../build/collect_data/collect_data.egg-info/SOURCES.txt'
adding license file 'LICENSE'
writing manifest file '../../build/collect_data/collect_data.egg-info/SOURCES.txt'
running build
running build_py
copying collect_data/data_collector.py -> /home/josh/Igris_c_ros2_ws/build/collect_data/build/lib/collect_data
running install
running install_lib
creating /home/josh/Igris_c_ros2_ws/install/collect_data/lib/python3.12/site-packages/collect_data
copying /home/josh/Igris_c_ros2_ws/build/collect_data/build/lib/collect_data/data_collector.py -> /home/josh/Igris_c_ros2_ws/install/collect_data/lib/python3.12/site-packages/collect_data
copying /home/josh/Igris_c_ros2_ws/build/collect_data/build/lib/collect_data/__init__.py -> /home/josh/Igris_c_ros2_ws/install/collect_data/lib/python3.12/site-packages/collect_data
byte-compiling /home/josh/Igris_c_ros2_ws/install/collect_data/lib/python3.12/site-packages/collect_data/data_collector.py to data_collector.cpython-312.pyc
byte-compiling /home/josh/Igris_c_ros2_ws/install/collect_data/lib/python3.12/site-packages/collect_data/__init__.py to __init__.cpython-312.pyc
running install_data
copying resource/collect_data -> /home/josh/Igris_c_ros2_ws/install/collect_data/share/ament_index/resource_index/packages
copying package.xml -> /home/josh/Igris_c_ros2_ws/install/collect_data/share/collect_data
running install_egg_info
Copying ../../build/collect_data/collect_data.egg-info to /home/josh/Igris_c_ros2_ws/install/collect_data/lib/python3.12/site-packages/collect_data-0.0.0-py3.12.egg-info
running install_scripts
Installing data_collector script to /home/josh/Igris_c_ros2_ws/install/collect_data/lib/collect_data
writing list of installed files to '/home/josh/Igris_c_ros2_ws/build/collect_data/install.log'
