[1.153s] Invoking command in '/home/josh/Igris_c_ros2_ws/src/collect_data': DEBUGINFOD_URLS=https://debuginfod.ubuntu.com PYTHONPATH=/home/josh/Igris_c_ros2_ws/build/collect_data/prefix_override:/usr/lib/python3/dist-packages/colcon_core/task/python/colcon_distutils_commands:/home/josh/Igris_c_ros2_ws/install/collect_data/lib/python3.12/site-packages:${PYTHONPATH} /usr/bin/python3 -W ignore:setup.py install is deprecated -W ignore:easy_install command is deprecated setup.py egg_info --egg-base ../../build/collect_data build --build-base /home/josh/Igris_c_ros2_ws/build/collect_data/build install --record /home/josh/Igris_c_ros2_ws/build/collect_data/install.log --single-version-externally-managed install_data
[1.357s] running egg_info
[1.373s] writing ../../build/collect_data/collect_data.egg-info/PKG-INFO
[1.377s] writing dependency_links to ../../build/collect_data/collect_data.egg-info/dependency_links.txt
[1.377s] writing entry points to ../../build/collect_data/collect_data.egg-info/entry_points.txt
[1.377s] writing requirements to ../../build/collect_data/collect_data.egg-info/requires.txt
[1.377s] writing top-level names to ../../build/collect_data/collect_data.egg-info/top_level.txt
[1.410s] reading manifest file '../../build/collect_data/collect_data.egg-info/SOURCES.txt'
[1.410s] adding license file 'LICENSE'
[1.410s] writing manifest file '../../build/collect_data/collect_data.egg-info/SOURCES.txt'
[1.410s] running build
[1.411s] running build_py
[1.411s] running install
[1.415s] running install_lib
[1.432s] running install_data
[1.432s] running install_egg_info
[1.448s] removing '/home/josh/Igris_c_ros2_ws/install/collect_data/lib/python3.12/site-packages/collect_data-0.0.0-py3.12.egg-info' (and everything under it)
[1.449s] Copying ../../build/collect_data/collect_data.egg-info to /home/josh/Igris_c_ros2_ws/install/collect_data/lib/python3.12/site-packages/collect_data-0.0.0-py3.12.egg-info
[1.449s] running install_scripts
[1.554s] Installing data_collector script to /home/josh/Igris_c_ros2_ws/install/collect_data/lib/collect_data
[1.554s] writing list of installed files to '/home/josh/Igris_c_ros2_ws/build/collect_data/install.log'
[1.577s] Invoked command in '/home/josh/Igris_c_ros2_ws/src/collect_data' returned '0': DEBUGINFOD_URLS=https://debuginfod.ubuntu.com PYTHONPATH=/home/josh/Igris_c_ros2_ws/build/collect_data/prefix_override:/usr/lib/python3/dist-packages/colcon_core/task/python/colcon_distutils_commands:/home/josh/Igris_c_ros2_ws/install/collect_data/lib/python3.12/site-packages:${PYTHONPATH} /usr/bin/python3 -W ignore:setup.py install is deprecated -W ignore:easy_install command is deprecated setup.py egg_info --egg-base ../../build/collect_data build --build-base /home/josh/Igris_c_ros2_ws/build/collect_data/build install --record /home/josh/Igris_c_ros2_ws/build/collect_data/install.log --single-version-externally-managed install_data
