[  2%] Built target interface__rosidl_generator_type_description
[  2%] Built target ament_cmake_python_copy_interface
[  5%] Built target interface__cpp
[ 20%] Built target interface__rosidl_generator_c
[ 44%] Built target interface__rosidl_typesupport_introspection_c
[ 44%] Built target interface__rosidl_typesupport_c
[ 47%] Built target interface__rosidl_typesupport_introspection_cpp
[ 55%] Built target interface__rosidl_typesupport_fastrtps_c
[ 64%] Built target interface__rosidl_typesupport_cpp
[ 73%] Built target interface__rosidl_typesupport_fastrtps_cpp
[ 73%] Built target interface
[ 76%] Built target interface__py
[ 79%] [32mBuilding C object CMakeFiles/interface__rosidl_generator_py.dir/rosidl_generator_py/interface/srv/_move_joints_s.c.o[0m
running egg_info
writing interface.egg-info/PKG-INFO
writing dependency_links to interface.egg-info/dependency_links.txt
writing top-level names to interface.egg-info/top_level.txt
reading manifest file 'interface.egg-info/SOURCES.txt'
writing manifest file 'interface.egg-info/SOURCES.txt'
[ 79%] Built target ament_cmake_python_build_interface_egg
[ 82%] [32m[1mLinking C shared library libinterface__rosidl_generator_py.so[0m
[ 82%] Built target interface__rosidl_generator_py
[ 88%] [32mBuilding C object CMakeFiles/interface_s__rosidl_typesupport_introspection_c.dir/rosidl_generator_py/interface/_interface_s.ep.rosidl_typesupport_introspection_c.c.o[0m
[ 88%] [32mBuilding C object CMakeFiles/interface_s__rosidl_typesupport_fastrtps_c.dir/rosidl_generator_py/interface/_interface_s.ep.rosidl_typesupport_fastrtps_c.c.o[0m
[ 91%] [32mBuilding C object CMakeFiles/interface_s__rosidl_typesupport_c.dir/rosidl_generator_py/interface/_interface_s.ep.rosidl_typesupport_c.c.o[0m
[ 97%] [32m[1mLinking C shared module rosidl_generator_py/interface/interface_s__rosidl_typesupport_introspection_c.so[0m
[ 97%] [32m[1mLinking C shared module rosidl_generator_py/interface/interface_s__rosidl_typesupport_c.so[0m
[100%] [32m[1mLinking C shared module rosidl_generator_py/interface/interface_s__rosidl_typesupport_fastrtps_c.so[0m
[100%] Built target interface_s__rosidl_typesupport_introspection_c
[100%] Built target interface_s__rosidl_typesupport_c
[100%] Built target interface_s__rosidl_typesupport_fastrtps_c
-- Install configuration: ""
-- Up-to-date: /home/josh/Igris_c_ros2_ws/install/interface/share/ament_index/resource_index/rosidl_interfaces/interface
-- Up-to-date: /home/josh/Igris_c_ros2_ws/install/interface/share/interface/srv/MoveJoints.json
-- Up-to-date: /home/josh/Igris_c_ros2_ws/install/interface/include/interface/interface
-- Up-to-date: /home/josh/Igris_c_ros2_ws/install/interface/include/interface/interface/srv
-- Up-to-date: /home/josh/Igris_c_ros2_ws/install/interface/include/interface/interface/srv/detail
-- Up-to-date: /home/josh/Igris_c_ros2_ws/install/interface/include/interface/interface/srv/detail/move_joints__functions.h
-- Up-to-date: /home/josh/Igris_c_ros2_ws/install/interface/include/interface/interface/srv/detail/move_joints__description.c
-- Up-to-date: /home/josh/Igris_c_ros2_ws/install/interface/include/interface/interface/srv/detail/move_joints__struct.h
-- Up-to-date: /home/josh/Igris_c_ros2_ws/install/interface/include/interface/interface/srv/detail/move_joints__type_support.c
-- Up-to-date: /home/josh/Igris_c_ros2_ws/install/interface/include/interface/interface/srv/detail/move_joints__functions.c
-- Up-to-date: /home/josh/Igris_c_ros2_ws/install/interface/include/interface/interface/srv/detail/move_joints__type_support.h
-- Up-to-date: /home/josh/Igris_c_ros2_ws/install/interface/include/interface/interface/srv/move_joints.h
-- Up-to-date: /home/josh/Igris_c_ros2_ws/install/interface/include/interface/interface/msg
-- Up-to-date: /home/josh/Igris_c_ros2_ws/install/interface/include/interface/interface/msg/rosidl_generator_c__visibility_control.h
-- Up-to-date: /home/josh/Igris_c_ros2_ws/install/interface/share/interface/environment/library_path.sh
-- Up-to-date: /home/josh/Igris_c_ros2_ws/install/interface/share/interface/environment/library_path.dsv
-- Up-to-date: /home/josh/Igris_c_ros2_ws/install/interface/lib/libinterface__rosidl_generator_c.so
-- Up-to-date: /home/josh/Igris_c_ros2_ws/install/interface/include/interface/interface
-- Up-to-date: /home/josh/Igris_c_ros2_ws/install/interface/include/interface/interface/srv
-- Up-to-date: /home/josh/Igris_c_ros2_ws/install/interface/include/interface/interface/srv/detail
-- Up-to-date: /home/josh/Igris_c_ros2_ws/install/interface/include/interface/interface/srv/detail/move_joints__rosidl_typesupport_fastrtps_c.h
-- Up-to-date: /home/josh/Igris_c_ros2_ws/install/interface/include/interface/interface/msg
-- Up-to-date: /home/josh/Igris_c_ros2_ws/install/interface/include/interface/interface/msg/rosidl_typesupport_fastrtps_c__visibility_control.h
-- Up-to-date: /home/josh/Igris_c_ros2_ws/install/interface/lib/libinterface__rosidl_typesupport_fastrtps_c.so
-- Up-to-date: /home/josh/Igris_c_ros2_ws/install/interface/include/interface/interface
-- Up-to-date: /home/josh/Igris_c_ros2_ws/install/interface/include/interface/interface/srv
-- Up-to-date: /home/josh/Igris_c_ros2_ws/install/interface/include/interface/interface/srv/detail
-- Up-to-date: /home/josh/Igris_c_ros2_ws/install/interface/include/interface/interface/srv/detail/move_joints__builder.hpp
-- Up-to-date: /home/josh/Igris_c_ros2_ws/install/interface/include/interface/interface/srv/detail/move_joints__type_support.hpp
-- Up-to-date: /home/josh/Igris_c_ros2_ws/install/interface/include/interface/interface/srv/detail/move_joints__struct.hpp
-- Up-to-date: /home/josh/Igris_c_ros2_ws/install/interface/include/interface/interface/srv/detail/move_joints__traits.hpp
-- Up-to-date: /home/josh/Igris_c_ros2_ws/install/interface/include/interface/interface/srv/move_joints.hpp
-- Up-to-date: /home/josh/Igris_c_ros2_ws/install/interface/include/interface/interface/msg
-- Up-to-date: /home/josh/Igris_c_ros2_ws/install/interface/include/interface/interface/msg/rosidl_generator_cpp__visibility_control.hpp
-- Up-to-date: /home/josh/Igris_c_ros2_ws/install/interface/include/interface/interface
-- Up-to-date: /home/josh/Igris_c_ros2_ws/install/interface/include/interface/interface/srv
-- Up-to-date: /home/josh/Igris_c_ros2_ws/install/interface/include/interface/interface/srv/detail
-- Up-to-date: /home/josh/Igris_c_ros2_ws/install/interface/include/interface/interface/srv/detail/dds_fastrtps
-- Up-to-date: /home/josh/Igris_c_ros2_ws/install/interface/include/interface/interface/srv/detail/move_joints__rosidl_typesupport_fastrtps_cpp.hpp
-- Up-to-date: /home/josh/Igris_c_ros2_ws/install/interface/include/interface/interface/msg
-- Up-to-date: /home/josh/Igris_c_ros2_ws/install/interface/include/interface/interface/msg/rosidl_typesupport_fastrtps_cpp__visibility_control.h
-- Up-to-date: /home/josh/Igris_c_ros2_ws/install/interface/lib/libinterface__rosidl_typesupport_fastrtps_cpp.so
-- Up-to-date: /home/josh/Igris_c_ros2_ws/install/interface/include/interface/interface
-- Up-to-date: /home/josh/Igris_c_ros2_ws/install/interface/include/interface/interface/srv
-- Up-to-date: /home/josh/Igris_c_ros2_ws/install/interface/include/interface/interface/srv/detail
-- Up-to-date: /home/josh/Igris_c_ros2_ws/install/interface/include/interface/interface/srv/detail/move_joints__type_support.c
-- Up-to-date: /home/josh/Igris_c_ros2_ws/install/interface/include/interface/interface/srv/detail/move_joints__rosidl_typesupport_introspection_c.h
-- Up-to-date: /home/josh/Igris_c_ros2_ws/install/interface/include/interface/interface/msg
-- Up-to-date: /home/josh/Igris_c_ros2_ws/install/interface/include/interface/interface/msg/rosidl_typesupport_introspection_c__visibility_control.h
-- Up-to-date: /home/josh/Igris_c_ros2_ws/install/interface/lib/libinterface__rosidl_typesupport_introspection_c.so
-- Up-to-date: /home/josh/Igris_c_ros2_ws/install/interface/lib/libinterface__rosidl_typesupport_c.so
-- Up-to-date: /home/josh/Igris_c_ros2_ws/install/interface/include/interface/interface
-- Up-to-date: /home/josh/Igris_c_ros2_ws/install/interface/include/interface/interface/srv
-- Up-to-date: /home/josh/Igris_c_ros2_ws/install/interface/include/interface/interface/srv/detail
-- Up-to-date: /home/josh/Igris_c_ros2_ws/install/interface/include/interface/interface/srv/detail/move_joints__type_support.cpp
-- Up-to-date: /home/josh/Igris_c_ros2_ws/install/interface/include/interface/interface/srv/detail/move_joints__rosidl_typesupport_introspection_cpp.hpp
-- Up-to-date: /home/josh/Igris_c_ros2_ws/install/interface/lib/libinterface__rosidl_typesupport_introspection_cpp.so
-- Up-to-date: /home/josh/Igris_c_ros2_ws/install/interface/lib/libinterface__rosidl_typesupport_cpp.so
-- Up-to-date: /home/josh/Igris_c_ros2_ws/install/interface/share/interface/environment/pythonpath.sh
-- Up-to-date: /home/josh/Igris_c_ros2_ws/install/interface/share/interface/environment/pythonpath.dsv
-- Up-to-date: /home/josh/Igris_c_ros2_ws/install/interface/lib/python3.12/site-packages/interface-0.0.0-py3.12.egg-info
-- Installing: /home/josh/Igris_c_ros2_ws/install/interface/lib/python3.12/site-packages/interface-0.0.0-py3.12.egg-info/PKG-INFO
-- Installing: /home/josh/Igris_c_ros2_ws/install/interface/lib/python3.12/site-packages/interface-0.0.0-py3.12.egg-info/top_level.txt
-- Installing: /home/josh/Igris_c_ros2_ws/install/interface/lib/python3.12/site-packages/interface-0.0.0-py3.12.egg-info/dependency_links.txt
-- Installing: /home/josh/Igris_c_ros2_ws/install/interface/lib/python3.12/site-packages/interface-0.0.0-py3.12.egg-info/SOURCES.txt
-- Up-to-date: /home/josh/Igris_c_ros2_ws/install/interface/lib/python3.12/site-packages/interface
-- Installing: /home/josh/Igris_c_ros2_ws/install/interface/lib/python3.12/site-packages/interface/interface_s__rosidl_typesupport_introspection_c.so
-- Installing: /home/josh/Igris_c_ros2_ws/install/interface/lib/python3.12/site-packages/interface/interface_s__rosidl_typesupport_c.so
-- Up-to-date: /home/josh/Igris_c_ros2_ws/install/interface/lib/python3.12/site-packages/interface/_interface_s.ep.rosidl_typesupport_c.c
-- Up-to-date: /home/josh/Igris_c_ros2_ws/install/interface/lib/python3.12/site-packages/interface/srv
-- Up-to-date: /home/josh/Igris_c_ros2_ws/install/interface/lib/python3.12/site-packages/interface/srv/_move_joints_s.c
-- Up-to-date: /home/josh/Igris_c_ros2_ws/install/interface/lib/python3.12/site-packages/interface/srv/__init__.py
-- Up-to-date: /home/josh/Igris_c_ros2_ws/install/interface/lib/python3.12/site-packages/interface/srv/_move_joints.py
-- Up-to-date: /home/josh/Igris_c_ros2_ws/install/interface/lib/python3.12/site-packages/interface/__init__.py
-- Up-to-date: /home/josh/Igris_c_ros2_ws/install/interface/lib/python3.12/site-packages/interface/_interface_s.ep.rosidl_typesupport_fastrtps_c.c
-- Up-to-date: /home/josh/Igris_c_ros2_ws/install/interface/lib/python3.12/site-packages/interface/_interface_s.ep.rosidl_typesupport_introspection_c.c
-- Installing: /home/josh/Igris_c_ros2_ws/install/interface/lib/python3.12/site-packages/interface/interface_s__rosidl_typesupport_fastrtps_c.so
Listing '/home/josh/Igris_c_ros2_ws/install/interface/lib/python3.12/site-packages/interface'...
Listing '/home/josh/Igris_c_ros2_ws/install/interface/lib/python3.12/site-packages/interface/srv'...
-- Installing: /home/josh/Igris_c_ros2_ws/install/interface/lib/python3.12/site-packages/interface/interface_s__rosidl_typesupport_fastrtps_c.so
-- Set non-toolchain portion of runtime path of "/home/josh/Igris_c_ros2_ws/install/interface/lib/python3.12/site-packages/interface/interface_s__rosidl_typesupport_fastrtps_c.so" to ""
-- Installing: /home/josh/Igris_c_ros2_ws/install/interface/lib/python3.12/site-packages/interface/interface_s__rosidl_typesupport_introspection_c.so
-- Set non-toolchain portion of runtime path of "/home/josh/Igris_c_ros2_ws/install/interface/lib/python3.12/site-packages/interface/interface_s__rosidl_typesupport_introspection_c.so" to ""
-- Installing: /home/josh/Igris_c_ros2_ws/install/interface/lib/python3.12/site-packages/interface/interface_s__rosidl_typesupport_c.so
-- Set non-toolchain portion of runtime path of "/home/josh/Igris_c_ros2_ws/install/interface/lib/python3.12/site-packages/interface/interface_s__rosidl_typesupport_c.so" to ""
-- Installing: /home/josh/Igris_c_ros2_ws/install/interface/lib/libinterface__rosidl_generator_py.so
-- Set non-toolchain portion of runtime path of "/home/josh/Igris_c_ros2_ws/install/interface/lib/libinterface__rosidl_generator_py.so" to ""
-- Up-to-date: /home/josh/Igris_c_ros2_ws/install/interface/share/interface/srv/MoveJoints.idl
-- Up-to-date: /home/josh/Igris_c_ros2_ws/install/interface/share/interface/srv/MoveJoints.srv
-- Up-to-date: /home/josh/Igris_c_ros2_ws/install/interface/share/ament_index/resource_index/package_run_dependencies/interface
-- Up-to-date: /home/josh/Igris_c_ros2_ws/install/interface/share/ament_index/resource_index/parent_prefix_path/interface
-- Up-to-date: /home/josh/Igris_c_ros2_ws/install/interface/share/interface/environment/ament_prefix_path.sh
-- Up-to-date: /home/josh/Igris_c_ros2_ws/install/interface/share/interface/environment/ament_prefix_path.dsv
-- Up-to-date: /home/josh/Igris_c_ros2_ws/install/interface/share/interface/environment/path.sh
-- Up-to-date: /home/josh/Igris_c_ros2_ws/install/interface/share/interface/environment/path.dsv
-- Up-to-date: /home/josh/Igris_c_ros2_ws/install/interface/share/interface/local_setup.bash
-- Up-to-date: /home/josh/Igris_c_ros2_ws/install/interface/share/interface/local_setup.sh
-- Up-to-date: /home/josh/Igris_c_ros2_ws/install/interface/share/interface/local_setup.zsh
-- Up-to-date: /home/josh/Igris_c_ros2_ws/install/interface/share/interface/local_setup.dsv
-- Installing: /home/josh/Igris_c_ros2_ws/install/interface/share/interface/package.dsv
-- Up-to-date: /home/josh/Igris_c_ros2_ws/install/interface/share/ament_index/resource_index/packages/interface
-- Up-to-date: /home/josh/Igris_c_ros2_ws/install/interface/share/interface/cmake/export_interface__rosidl_generator_cExport.cmake
-- Up-to-date: /home/josh/Igris_c_ros2_ws/install/interface/share/interface/cmake/export_interface__rosidl_generator_cExport-noconfig.cmake
-- Up-to-date: /home/josh/Igris_c_ros2_ws/install/interface/share/interface/cmake/export_interface__rosidl_typesupport_fastrtps_cExport.cmake
-- Up-to-date: /home/josh/Igris_c_ros2_ws/install/interface/share/interface/cmake/export_interface__rosidl_typesupport_fastrtps_cExport-noconfig.cmake
-- Up-to-date: /home/josh/Igris_c_ros2_ws/install/interface/share/interface/cmake/export_interface__rosidl_generator_cppExport.cmake
-- Up-to-date: /home/josh/Igris_c_ros2_ws/install/interface/share/interface/cmake/export_interface__rosidl_typesupport_fastrtps_cppExport.cmake
-- Up-to-date: /home/josh/Igris_c_ros2_ws/install/interface/share/interface/cmake/export_interface__rosidl_typesupport_fastrtps_cppExport-noconfig.cmake
-- Up-to-date: /home/josh/Igris_c_ros2_ws/install/interface/share/interface/cmake/interface__rosidl_typesupport_introspection_cExport.cmake
-- Up-to-date: /home/josh/Igris_c_ros2_ws/install/interface/share/interface/cmake/interface__rosidl_typesupport_introspection_cExport-noconfig.cmake
-- Up-to-date: /home/josh/Igris_c_ros2_ws/install/interface/share/interface/cmake/interface__rosidl_typesupport_cExport.cmake
-- Up-to-date: /home/josh/Igris_c_ros2_ws/install/interface/share/interface/cmake/interface__rosidl_typesupport_cExport-noconfig.cmake
-- Up-to-date: /home/josh/Igris_c_ros2_ws/install/interface/share/interface/cmake/interface__rosidl_typesupport_introspection_cppExport.cmake
-- Up-to-date: /home/josh/Igris_c_ros2_ws/install/interface/share/interface/cmake/interface__rosidl_typesupport_introspection_cppExport-noconfig.cmake
-- Up-to-date: /home/josh/Igris_c_ros2_ws/install/interface/share/interface/cmake/interface__rosidl_typesupport_cppExport.cmake
-- Up-to-date: /home/josh/Igris_c_ros2_ws/install/interface/share/interface/cmake/interface__rosidl_typesupport_cppExport-noconfig.cmake
-- Up-to-date: /home/josh/Igris_c_ros2_ws/install/interface/share/interface/cmake/export_interface__rosidl_generator_pyExport.cmake
-- Up-to-date: /home/josh/Igris_c_ros2_ws/install/interface/share/interface/cmake/export_interface__rosidl_generator_pyExport-noconfig.cmake
-- Up-to-date: /home/josh/Igris_c_ros2_ws/install/interface/share/interface/cmake/rosidl_cmake-extras.cmake
-- Up-to-date: /home/josh/Igris_c_ros2_ws/install/interface/share/interface/cmake/ament_cmake_export_dependencies-extras.cmake
-- Up-to-date: /home/josh/Igris_c_ros2_ws/install/interface/share/interface/cmake/ament_cmake_export_include_directories-extras.cmake
-- Up-to-date: /home/josh/Igris_c_ros2_ws/install/interface/share/interface/cmake/ament_cmake_export_libraries-extras.cmake
-- Up-to-date: /home/josh/Igris_c_ros2_ws/install/interface/share/interface/cmake/ament_cmake_export_targets-extras.cmake
-- Up-to-date: /home/josh/Igris_c_ros2_ws/install/interface/share/interface/cmake/rosidl_cmake_export_typesupport_targets-extras.cmake
-- Up-to-date: /home/josh/Igris_c_ros2_ws/install/interface/share/interface/cmake/rosidl_cmake_export_typesupport_libraries-extras.cmake
-- Up-to-date: /home/josh/Igris_c_ros2_ws/install/interface/share/interface/cmake/interfaceConfig.cmake
-- Up-to-date: /home/josh/Igris_c_ros2_ws/install/interface/share/interface/cmake/interfaceConfig-version.cmake
-- Up-to-date: /home/josh/Igris_c_ros2_ws/install/interface/share/interface/package.xml
