[0.505s] Invoking command in '/home/josh/Igris_c_ros2_ws/build/interface': CMAKE_PREFIX_PATH=${CMAKE_PREFIX_PATH}:/home/josh/Igris_c_ros2_ws/install/teleoperator:/home/josh/Igris_c_ros2_ws/install/collect_data:/home/josh/Igris_c_ros2_ws/install/camera:/home/josh/Igris_c_ros2_ws/install/Igris:/opt/ros/jazzy DEBUGINFOD_URLS=https://debuginfod.ubuntu.com /usr/bin/cmake --build /home/josh/Igris_c_ros2_ws/build/interface -- -j16 -l16
[0.556s] [  2%] Built target interface__rosidl_generator_type_description
[0.565s] [  2%] Built target ament_cmake_python_copy_interface
[0.573s] [  5%] Built target interface__cpp
[0.577s] [ 20%] Built target interface__rosidl_generator_c
[0.598s] [ 44%] Built target interface__rosidl_typesupport_introspection_c
[0.598s] [ 44%] Built target interface__rosidl_typesupport_c
[0.598s] [ 47%] Built target interface__rosidl_typesupport_introspection_cpp
[0.598s] [ 55%] Built target interface__rosidl_typesupport_fastrtps_c
[0.599s] [ 64%] Built target interface__rosidl_typesupport_cpp
[0.600s] [ 73%] Built target interface__rosidl_typesupport_fastrtps_cpp
[0.618s] [ 73%] Built target interface
[0.638s] [ 76%] Built target interface__py
[0.658s] [ 79%] [32mBuilding C object CMakeFiles/interface__rosidl_generator_py.dir/rosidl_generator_py/interface/srv/_move_joints_s.c.o[0m
[0.744s] running egg_info
[0.764s] writing interface.egg-info/PKG-INFO
[0.764s] writing dependency_links to interface.egg-info/dependency_links.txt
[0.764s] writing top-level names to interface.egg-info/top_level.txt
[0.817s] reading manifest file 'interface.egg-info/SOURCES.txt'
[0.817s] writing manifest file 'interface.egg-info/SOURCES.txt'
[0.838s] [ 79%] Built target ament_cmake_python_build_interface_egg
[0.874s] [ 82%] [32m[1mLinking C shared library libinterface__rosidl_generator_py.so[0m
[0.924s] [ 82%] Built target interface__rosidl_generator_py
[0.943s] [ 88%] [32mBuilding C object CMakeFiles/interface_s__rosidl_typesupport_introspection_c.dir/rosidl_generator_py/interface/_interface_s.ep.rosidl_typesupport_introspection_c.c.o[0m
[0.943s] [ 88%] [32mBuilding C object CMakeFiles/interface_s__rosidl_typesupport_fastrtps_c.dir/rosidl_generator_py/interface/_interface_s.ep.rosidl_typesupport_fastrtps_c.c.o[0m
[0.944s] [ 91%] [32mBuilding C object CMakeFiles/interface_s__rosidl_typesupport_c.dir/rosidl_generator_py/interface/_interface_s.ep.rosidl_typesupport_c.c.o[0m
[1.026s] [ 97%] [32m[1mLinking C shared module rosidl_generator_py/interface/interface_s__rosidl_typesupport_introspection_c.so[0m
[1.026s] [ 97%] [32m[1mLinking C shared module rosidl_generator_py/interface/interface_s__rosidl_typesupport_c.so[0m
[1.035s] [100%] [32m[1mLinking C shared module rosidl_generator_py/interface/interface_s__rosidl_typesupport_fastrtps_c.so[0m
[1.056s] [100%] Built target interface_s__rosidl_typesupport_introspection_c
[1.057s] [100%] Built target interface_s__rosidl_typesupport_c
[1.071s] [100%] Built target interface_s__rosidl_typesupport_fastrtps_c
[1.085s] Invoked command in '/home/josh/Igris_c_ros2_ws/build/interface' returned '0': CMAKE_PREFIX_PATH=${CMAKE_PREFIX_PATH}:/home/josh/Igris_c_ros2_ws/install/teleoperator:/home/josh/Igris_c_ros2_ws/install/collect_data:/home/josh/Igris_c_ros2_ws/install/camera:/home/josh/Igris_c_ros2_ws/install/Igris:/opt/ros/jazzy DEBUGINFOD_URLS=https://debuginfod.ubuntu.com /usr/bin/cmake --build /home/josh/Igris_c_ros2_ws/build/interface -- -j16 -l16
[1.086s] Invoking command in '/home/josh/Igris_c_ros2_ws/build/interface': CMAKE_PREFIX_PATH=${CMAKE_PREFIX_PATH}:/home/josh/Igris_c_ros2_ws/install/teleoperator:/home/josh/Igris_c_ros2_ws/install/collect_data:/home/josh/Igris_c_ros2_ws/install/camera:/home/josh/Igris_c_ros2_ws/install/Igris:/opt/ros/jazzy DEBUGINFOD_URLS=https://debuginfod.ubuntu.com /usr/bin/cmake --install /home/josh/Igris_c_ros2_ws/build/interface
[1.096s] -- Install configuration: ""
[1.096s] -- Up-to-date: /home/josh/Igris_c_ros2_ws/install/interface/share/ament_index/resource_index/rosidl_interfaces/interface
[1.096s] -- Up-to-date: /home/josh/Igris_c_ros2_ws/install/interface/share/interface/srv/MoveJoints.json
[1.097s] -- Up-to-date: /home/josh/Igris_c_ros2_ws/install/interface/include/interface/interface
[1.097s] -- Up-to-date: /home/josh/Igris_c_ros2_ws/install/interface/include/interface/interface/srv
[1.097s] -- Up-to-date: /home/josh/Igris_c_ros2_ws/install/interface/include/interface/interface/srv/detail
[1.097s] -- Up-to-date: /home/josh/Igris_c_ros2_ws/install/interface/include/interface/interface/srv/detail/move_joints__functions.h
[1.097s] -- Up-to-date: /home/josh/Igris_c_ros2_ws/install/interface/include/interface/interface/srv/detail/move_joints__description.c
[1.097s] -- Up-to-date: /home/josh/Igris_c_ros2_ws/install/interface/include/interface/interface/srv/detail/move_joints__struct.h
[1.097s] -- Up-to-date: /home/josh/Igris_c_ros2_ws/install/interface/include/interface/interface/srv/detail/move_joints__type_support.c
[1.097s] -- Up-to-date: /home/josh/Igris_c_ros2_ws/install/interface/include/interface/interface/srv/detail/move_joints__functions.c
[1.098s] -- Up-to-date: /home/josh/Igris_c_ros2_ws/install/interface/include/interface/interface/srv/detail/move_joints__type_support.h
[1.098s] -- Up-to-date: /home/josh/Igris_c_ros2_ws/install/interface/include/interface/interface/srv/move_joints.h
[1.098s] -- Up-to-date: /home/josh/Igris_c_ros2_ws/install/interface/include/interface/interface/msg
[1.098s] -- Up-to-date: /home/josh/Igris_c_ros2_ws/install/interface/include/interface/interface/msg/rosidl_generator_c__visibility_control.h
[1.098s] -- Up-to-date: /home/josh/Igris_c_ros2_ws/install/interface/share/interface/environment/library_path.sh
[1.098s] -- Up-to-date: /home/josh/Igris_c_ros2_ws/install/interface/share/interface/environment/library_path.dsv
[1.098s] -- Up-to-date: /home/josh/Igris_c_ros2_ws/install/interface/lib/libinterface__rosidl_generator_c.so
[1.098s] -- Up-to-date: /home/josh/Igris_c_ros2_ws/install/interface/include/interface/interface
[1.098s] -- Up-to-date: /home/josh/Igris_c_ros2_ws/install/interface/include/interface/interface/srv
[1.098s] -- Up-to-date: /home/josh/Igris_c_ros2_ws/install/interface/include/interface/interface/srv/detail
[1.099s] -- Up-to-date: /home/josh/Igris_c_ros2_ws/install/interface/include/interface/interface/srv/detail/move_joints__rosidl_typesupport_fastrtps_c.h
[1.099s] -- Up-to-date: /home/josh/Igris_c_ros2_ws/install/interface/include/interface/interface/msg
[1.099s] -- Up-to-date: /home/josh/Igris_c_ros2_ws/install/interface/include/interface/interface/msg/rosidl_typesupport_fastrtps_c__visibility_control.h
[1.099s] -- Up-to-date: /home/josh/Igris_c_ros2_ws/install/interface/lib/libinterface__rosidl_typesupport_fastrtps_c.so
[1.099s] -- Up-to-date: /home/josh/Igris_c_ros2_ws/install/interface/include/interface/interface
[1.099s] -- Up-to-date: /home/josh/Igris_c_ros2_ws/install/interface/include/interface/interface/srv
[1.099s] -- Up-to-date: /home/josh/Igris_c_ros2_ws/install/interface/include/interface/interface/srv/detail
[1.099s] -- Up-to-date: /home/josh/Igris_c_ros2_ws/install/interface/include/interface/interface/srv/detail/move_joints__builder.hpp
[1.099s] -- Up-to-date: /home/josh/Igris_c_ros2_ws/install/interface/include/interface/interface/srv/detail/move_joints__type_support.hpp
[1.099s] -- Up-to-date: /home/josh/Igris_c_ros2_ws/install/interface/include/interface/interface/srv/detail/move_joints__struct.hpp
[1.099s] -- Up-to-date: /home/josh/Igris_c_ros2_ws/install/interface/include/interface/interface/srv/detail/move_joints__traits.hpp
[1.100s] -- Up-to-date: /home/josh/Igris_c_ros2_ws/install/interface/include/interface/interface/srv/move_joints.hpp
[1.100s] -- Up-to-date: /home/josh/Igris_c_ros2_ws/install/interface/include/interface/interface/msg
[1.100s] -- Up-to-date: /home/josh/Igris_c_ros2_ws/install/interface/include/interface/interface/msg/rosidl_generator_cpp__visibility_control.hpp
[1.100s] -- Up-to-date: /home/josh/Igris_c_ros2_ws/install/interface/include/interface/interface
[1.100s] -- Up-to-date: /home/josh/Igris_c_ros2_ws/install/interface/include/interface/interface/srv
[1.100s] -- Up-to-date: /home/josh/Igris_c_ros2_ws/install/interface/include/interface/interface/srv/detail
[1.100s] -- Up-to-date: /home/josh/Igris_c_ros2_ws/install/interface/include/interface/interface/srv/detail/dds_fastrtps
[1.100s] -- Up-to-date: /home/josh/Igris_c_ros2_ws/install/interface/include/interface/interface/srv/detail/move_joints__rosidl_typesupport_fastrtps_cpp.hpp
[1.100s] -- Up-to-date: /home/josh/Igris_c_ros2_ws/install/interface/include/interface/interface/msg
[1.101s] -- Up-to-date: /home/josh/Igris_c_ros2_ws/install/interface/include/interface/interface/msg/rosidl_typesupport_fastrtps_cpp__visibility_control.h
[1.101s] -- Up-to-date: /home/josh/Igris_c_ros2_ws/install/interface/lib/libinterface__rosidl_typesupport_fastrtps_cpp.so
[1.101s] -- Up-to-date: /home/josh/Igris_c_ros2_ws/install/interface/include/interface/interface
[1.101s] -- Up-to-date: /home/josh/Igris_c_ros2_ws/install/interface/include/interface/interface/srv
[1.101s] -- Up-to-date: /home/josh/Igris_c_ros2_ws/install/interface/include/interface/interface/srv/detail
[1.101s] -- Up-to-date: /home/josh/Igris_c_ros2_ws/install/interface/include/interface/interface/srv/detail/move_joints__type_support.c
[1.101s] -- Up-to-date: /home/josh/Igris_c_ros2_ws/install/interface/include/interface/interface/srv/detail/move_joints__rosidl_typesupport_introspection_c.h
[1.101s] -- Up-to-date: /home/josh/Igris_c_ros2_ws/install/interface/include/interface/interface/msg
[1.101s] -- Up-to-date: /home/josh/Igris_c_ros2_ws/install/interface/include/interface/interface/msg/rosidl_typesupport_introspection_c__visibility_control.h
[1.101s] -- Up-to-date: /home/josh/Igris_c_ros2_ws/install/interface/lib/libinterface__rosidl_typesupport_introspection_c.so
[1.101s] -- Up-to-date: /home/josh/Igris_c_ros2_ws/install/interface/lib/libinterface__rosidl_typesupport_c.so
[1.101s] -- Up-to-date: /home/josh/Igris_c_ros2_ws/install/interface/include/interface/interface
[1.101s] -- Up-to-date: /home/josh/Igris_c_ros2_ws/install/interface/include/interface/interface/srv
[1.102s] -- Up-to-date: /home/josh/Igris_c_ros2_ws/install/interface/include/interface/interface/srv/detail
[1.102s] -- Up-to-date: /home/josh/Igris_c_ros2_ws/install/interface/include/interface/interface/srv/detail/move_joints__type_support.cpp
[1.102s] -- Up-to-date: /home/josh/Igris_c_ros2_ws/install/interface/include/interface/interface/srv/detail/move_joints__rosidl_typesupport_introspection_cpp.hpp
[1.102s] -- Up-to-date: /home/josh/Igris_c_ros2_ws/install/interface/lib/libinterface__rosidl_typesupport_introspection_cpp.so
[1.102s] -- Up-to-date: /home/josh/Igris_c_ros2_ws/install/interface/lib/libinterface__rosidl_typesupport_cpp.so
[1.102s] -- Up-to-date: /home/josh/Igris_c_ros2_ws/install/interface/share/interface/environment/pythonpath.sh
[1.102s] -- Up-to-date: /home/josh/Igris_c_ros2_ws/install/interface/share/interface/environment/pythonpath.dsv
[1.102s] -- Up-to-date: /home/josh/Igris_c_ros2_ws/install/interface/lib/python3.12/site-packages/interface-0.0.0-py3.12.egg-info
[1.103s] -- Installing: /home/josh/Igris_c_ros2_ws/install/interface/lib/python3.12/site-packages/interface-0.0.0-py3.12.egg-info/PKG-INFO
[1.103s] -- Installing: /home/josh/Igris_c_ros2_ws/install/interface/lib/python3.12/site-packages/interface-0.0.0-py3.12.egg-info/top_level.txt
[1.103s] -- Installing: /home/josh/Igris_c_ros2_ws/install/interface/lib/python3.12/site-packages/interface-0.0.0-py3.12.egg-info/dependency_links.txt
[1.103s] -- Installing: /home/josh/Igris_c_ros2_ws/install/interface/lib/python3.12/site-packages/interface-0.0.0-py3.12.egg-info/SOURCES.txt
[1.103s] -- Up-to-date: /home/josh/Igris_c_ros2_ws/install/interface/lib/python3.12/site-packages/interface
[1.103s] -- Installing: /home/josh/Igris_c_ros2_ws/install/interface/lib/python3.12/site-packages/interface/interface_s__rosidl_typesupport_introspection_c.so
[1.103s] -- Installing: /home/josh/Igris_c_ros2_ws/install/interface/lib/python3.12/site-packages/interface/interface_s__rosidl_typesupport_c.so
[1.103s] -- Up-to-date: /home/josh/Igris_c_ros2_ws/install/interface/lib/python3.12/site-packages/interface/_interface_s.ep.rosidl_typesupport_c.c
[1.103s] -- Up-to-date: /home/josh/Igris_c_ros2_ws/install/interface/lib/python3.12/site-packages/interface/srv
[1.104s] -- Up-to-date: /home/josh/Igris_c_ros2_ws/install/interface/lib/python3.12/site-packages/interface/srv/_move_joints_s.c
[1.104s] -- Up-to-date: /home/josh/Igris_c_ros2_ws/install/interface/lib/python3.12/site-packages/interface/srv/__init__.py
[1.104s] -- Up-to-date: /home/josh/Igris_c_ros2_ws/install/interface/lib/python3.12/site-packages/interface/srv/_move_joints.py
[1.104s] -- Up-to-date: /home/josh/Igris_c_ros2_ws/install/interface/lib/python3.12/site-packages/interface/__init__.py
[1.104s] -- Up-to-date: /home/josh/Igris_c_ros2_ws/install/interface/lib/python3.12/site-packages/interface/_interface_s.ep.rosidl_typesupport_fastrtps_c.c
[1.104s] -- Up-to-date: /home/josh/Igris_c_ros2_ws/install/interface/lib/python3.12/site-packages/interface/_interface_s.ep.rosidl_typesupport_introspection_c.c
[1.104s] -- Installing: /home/josh/Igris_c_ros2_ws/install/interface/lib/python3.12/site-packages/interface/interface_s__rosidl_typesupport_fastrtps_c.so
[1.133s] Listing '/home/josh/Igris_c_ros2_ws/install/interface/lib/python3.12/site-packages/interface'...
[1.134s] Listing '/home/josh/Igris_c_ros2_ws/install/interface/lib/python3.12/site-packages/interface/srv'...
[1.137s] -- Installing: /home/josh/Igris_c_ros2_ws/install/interface/lib/python3.12/site-packages/interface/interface_s__rosidl_typesupport_fastrtps_c.so
[1.138s] -- Set non-toolchain portion of runtime path of "/home/josh/Igris_c_ros2_ws/install/interface/lib/python3.12/site-packages/interface/interface_s__rosidl_typesupport_fastrtps_c.so" to ""
[1.138s] -- Installing: /home/josh/Igris_c_ros2_ws/install/interface/lib/python3.12/site-packages/interface/interface_s__rosidl_typesupport_introspection_c.so
[1.138s] -- Set non-toolchain portion of runtime path of "/home/josh/Igris_c_ros2_ws/install/interface/lib/python3.12/site-packages/interface/interface_s__rosidl_typesupport_introspection_c.so" to ""
[1.138s] -- Installing: /home/josh/Igris_c_ros2_ws/install/interface/lib/python3.12/site-packages/interface/interface_s__rosidl_typesupport_c.so
[1.139s] -- Set non-toolchain portion of runtime path of "/home/josh/Igris_c_ros2_ws/install/interface/lib/python3.12/site-packages/interface/interface_s__rosidl_typesupport_c.so" to ""
[1.139s] -- Installing: /home/josh/Igris_c_ros2_ws/install/interface/lib/libinterface__rosidl_generator_py.so
[1.139s] -- Set non-toolchain portion of runtime path of "/home/josh/Igris_c_ros2_ws/install/interface/lib/libinterface__rosidl_generator_py.so" to ""
[1.139s] -- Up-to-date: /home/josh/Igris_c_ros2_ws/install/interface/share/interface/srv/MoveJoints.idl
[1.140s] -- Up-to-date: /home/josh/Igris_c_ros2_ws/install/interface/share/interface/srv/MoveJoints.srv
[1.140s] -- Up-to-date: /home/josh/Igris_c_ros2_ws/install/interface/share/ament_index/resource_index/package_run_dependencies/interface
[1.140s] -- Up-to-date: /home/josh/Igris_c_ros2_ws/install/interface/share/ament_index/resource_index/parent_prefix_path/interface
[1.140s] -- Up-to-date: /home/josh/Igris_c_ros2_ws/install/interface/share/interface/environment/ament_prefix_path.sh
[1.140s] -- Up-to-date: /home/josh/Igris_c_ros2_ws/install/interface/share/interface/environment/ament_prefix_path.dsv
[1.140s] -- Up-to-date: /home/josh/Igris_c_ros2_ws/install/interface/share/interface/environment/path.sh
[1.140s] -- Up-to-date: /home/josh/Igris_c_ros2_ws/install/interface/share/interface/environment/path.dsv
[1.140s] -- Up-to-date: /home/josh/Igris_c_ros2_ws/install/interface/share/interface/local_setup.bash
[1.140s] -- Up-to-date: /home/josh/Igris_c_ros2_ws/install/interface/share/interface/local_setup.sh
[1.140s] -- Up-to-date: /home/josh/Igris_c_ros2_ws/install/interface/share/interface/local_setup.zsh
[1.141s] -- Up-to-date: /home/josh/Igris_c_ros2_ws/install/interface/share/interface/local_setup.dsv
[1.141s] -- Installing: /home/josh/Igris_c_ros2_ws/install/interface/share/interface/package.dsv
[1.141s] -- Up-to-date: /home/josh/Igris_c_ros2_ws/install/interface/share/ament_index/resource_index/packages/interface
[1.141s] -- Up-to-date: /home/josh/Igris_c_ros2_ws/install/interface/share/interface/cmake/export_interface__rosidl_generator_cExport.cmake
[1.141s] -- Up-to-date: /home/josh/Igris_c_ros2_ws/install/interface/share/interface/cmake/export_interface__rosidl_generator_cExport-noconfig.cmake
[1.141s] -- Up-to-date: /home/josh/Igris_c_ros2_ws/install/interface/share/interface/cmake/export_interface__rosidl_typesupport_fastrtps_cExport.cmake
[1.141s] -- Up-to-date: /home/josh/Igris_c_ros2_ws/install/interface/share/interface/cmake/export_interface__rosidl_typesupport_fastrtps_cExport-noconfig.cmake
[1.141s] -- Up-to-date: /home/josh/Igris_c_ros2_ws/install/interface/share/interface/cmake/export_interface__rosidl_generator_cppExport.cmake
[1.142s] -- Up-to-date: /home/josh/Igris_c_ros2_ws/install/interface/share/interface/cmake/export_interface__rosidl_typesupport_fastrtps_cppExport.cmake
[1.142s] -- Up-to-date: /home/josh/Igris_c_ros2_ws/install/interface/share/interface/cmake/export_interface__rosidl_typesupport_fastrtps_cppExport-noconfig.cmake
[1.142s] -- Up-to-date: /home/josh/Igris_c_ros2_ws/install/interface/share/interface/cmake/interface__rosidl_typesupport_introspection_cExport.cmake
[1.142s] -- Up-to-date: /home/josh/Igris_c_ros2_ws/install/interface/share/interface/cmake/interface__rosidl_typesupport_introspection_cExport-noconfig.cmake
[1.142s] -- Up-to-date: /home/josh/Igris_c_ros2_ws/install/interface/share/interface/cmake/interface__rosidl_typesupport_cExport.cmake
[1.142s] -- Up-to-date: /home/josh/Igris_c_ros2_ws/install/interface/share/interface/cmake/interface__rosidl_typesupport_cExport-noconfig.cmake
[1.143s] -- Up-to-date: /home/josh/Igris_c_ros2_ws/install/interface/share/interface/cmake/interface__rosidl_typesupport_introspection_cppExport.cmake
[1.143s] -- Up-to-date: /home/josh/Igris_c_ros2_ws/install/interface/share/interface/cmake/interface__rosidl_typesupport_introspection_cppExport-noconfig.cmake
[1.143s] -- Up-to-date: /home/josh/Igris_c_ros2_ws/install/interface/share/interface/cmake/interface__rosidl_typesupport_cppExport.cmake
[1.143s] -- Up-to-date: /home/josh/Igris_c_ros2_ws/install/interface/share/interface/cmake/interface__rosidl_typesupport_cppExport-noconfig.cmake
[1.143s] -- Up-to-date: /home/josh/Igris_c_ros2_ws/install/interface/share/interface/cmake/export_interface__rosidl_generator_pyExport.cmake
[1.143s] -- Up-to-date: /home/josh/Igris_c_ros2_ws/install/interface/share/interface/cmake/export_interface__rosidl_generator_pyExport-noconfig.cmake
[1.144s] -- Up-to-date: /home/josh/Igris_c_ros2_ws/install/interface/share/interface/cmake/rosidl_cmake-extras.cmake
[1.144s] -- Up-to-date: /home/josh/Igris_c_ros2_ws/install/interface/share/interface/cmake/ament_cmake_export_dependencies-extras.cmake
[1.144s] -- Up-to-date: /home/josh/Igris_c_ros2_ws/install/interface/share/interface/cmake/ament_cmake_export_include_directories-extras.cmake
[1.144s] -- Up-to-date: /home/josh/Igris_c_ros2_ws/install/interface/share/interface/cmake/ament_cmake_export_libraries-extras.cmake
[1.144s] -- Up-to-date: /home/josh/Igris_c_ros2_ws/install/interface/share/interface/cmake/ament_cmake_export_targets-extras.cmake
[1.144s] -- Up-to-date: /home/josh/Igris_c_ros2_ws/install/interface/share/interface/cmake/rosidl_cmake_export_typesupport_targets-extras.cmake
[1.144s] -- Up-to-date: /home/josh/Igris_c_ros2_ws/install/interface/share/interface/cmake/rosidl_cmake_export_typesupport_libraries-extras.cmake
[1.144s] -- Up-to-date: /home/josh/Igris_c_ros2_ws/install/interface/share/interface/cmake/interfaceConfig.cmake
[1.144s] -- Up-to-date: /home/josh/Igris_c_ros2_ws/install/interface/share/interface/cmake/interfaceConfig-version.cmake
[1.145s] -- Up-to-date: /home/josh/Igris_c_ros2_ws/install/interface/share/interface/package.xml
[1.147s] Invoked command in '/home/josh/Igris_c_ros2_ws/build/interface' returned '0': CMAKE_PREFIX_PATH=${CMAKE_PREFIX_PATH}:/home/josh/Igris_c_ros2_ws/install/teleoperator:/home/josh/Igris_c_ros2_ws/install/collect_data:/home/josh/Igris_c_ros2_ws/install/camera:/home/josh/Igris_c_ros2_ws/install/Igris:/opt/ros/jazzy DEBUGINFOD_URLS=https://debuginfod.ubuntu.com /usr/bin/cmake --install /home/josh/Igris_c_ros2_ws/build/interface
