[1.195s] Invoking command in '/home/josh/Igris_c_ros2_ws/src/Igris': DEBUGINFOD_URLS=https://debuginfod.ubuntu.com PYTHONPATH=/home/josh/Igris_c_ros2_ws/build/Igris/prefix_override:/usr/lib/python3/dist-packages/colcon_core/task/python/colcon_distutils_commands:/home/josh/Igris_c_ros2_ws/install/Igris/lib/python3.12/site-packages:${PYTHONPATH} /usr/bin/python3 -W ignore:setup.py install is deprecated -W ignore:easy_install command is deprecated setup.py egg_info --egg-base ../../build/Igris build --build-base /home/josh/Igris_c_ros2_ws/build/Igris/build install --record /home/josh/Igris_c_ros2_ws/build/Igris/install.log --single-version-externally-managed install_data
[1.424s] running egg_info
[1.440s] writing ../../build/Igris/Igris.egg-info/PKG-INFO
[1.440s] writing dependency_links to ../../build/Igris/Igris.egg-info/dependency_links.txt
[1.440s] writing requirements to ../../build/Igris/Igris.egg-info/requires.txt
[1.440s] writing top-level names to ../../build/Igris/Igris.egg-info/top_level.txt
[1.473s] reading manifest file '../../build/Igris/Igris.egg-info/SOURCES.txt'
[1.474s] adding license file 'LICENSE'
[1.474s] writing manifest file '../../build/Igris/Igris.egg-info/SOURCES.txt'
[1.474s] running build
[1.474s] running build_py
[1.474s] running install
[1.479s] running install_lib
[1.495s] running install_data
[1.496s] running install_egg_info
[1.514s] removing '/home/josh/Igris_c_ros2_ws/install/Igris/lib/python3.12/site-packages/Igris-0.0.0-py3.12.egg-info' (and everything under it)
[1.514s] Copying ../../build/Igris/Igris.egg-info to /home/josh/Igris_c_ros2_ws/install/Igris/lib/python3.12/site-packages/Igris-0.0.0-py3.12.egg-info
[1.515s] running install_scripts
[1.633s] writing list of installed files to '/home/josh/Igris_c_ros2_ws/build/Igris/install.log'
[1.657s] Invoked command in '/home/josh/Igris_c_ros2_ws/src/Igris' returned '0': DEBUGINFOD_URLS=https://debuginfod.ubuntu.com PYTHONPATH=/home/josh/Igris_c_ros2_ws/build/Igris/prefix_override:/usr/lib/python3/dist-packages/colcon_core/task/python/colcon_distutils_commands:/home/josh/Igris_c_ros2_ws/install/Igris/lib/python3.12/site-packages:${PYTHONPATH} /usr/bin/python3 -W ignore:setup.py install is deprecated -W ignore:easy_install command is deprecated setup.py egg_info --egg-base ../../build/Igris build --build-base /home/josh/Igris_c_ros2_ws/build/Igris/build install --record /home/josh/Igris_c_ros2_ws/build/Igris/install.log --single-version-externally-managed install_data
