[0.495s] Invoking command in '/home/josh/Igris_c_ros2_ws/build/igris': CMAKE_PREFIX_PATH=${CMAKE_PREFIX_PATH}:/home/josh/Igris_c_ros2_ws/install/teleoperator:/home/josh/Igris_c_ros2_ws/install/collect_data:/home/josh/Igris_c_ros2_ws/install/camera:/home/josh/Igris_c_ros2_ws/install/Igris:/opt/ros/jazzy DEBUGINFOD_URLS=https://debuginfod.ubuntu.com /usr/bin/cmake --build /home/josh/Igris_c_ros2_ws/build/igris -- -j16 -l16
[0.548s] [100%] Built target igris
[0.697s] Invoked command in '/home/josh/Igris_c_ros2_ws/build/igris' returned '0': CMAKE_PREFIX_PATH=${CMAKE_PREFIX_PATH}:/home/josh/Igris_c_ros2_ws/install/teleoperator:/home/josh/Igris_c_ros2_ws/install/collect_data:/home/josh/Igris_c_ros2_ws/install/camera:/home/josh/Igris_c_ros2_ws/install/Igris:/opt/ros/jazzy DEBUGINFOD_URLS=https://debuginfod.ubuntu.com /usr/bin/cmake --build /home/josh/Igris_c_ros2_ws/build/igris -- -j16 -l16
[0.697s] Invoking command in '/home/josh/Igris_c_ros2_ws/build/igris': CMAKE_PREFIX_PATH=${CMAKE_PREFIX_PATH}:/home/josh/Igris_c_ros2_ws/install/teleoperator:/home/josh/Igris_c_ros2_ws/install/collect_data:/home/josh/Igris_c_ros2_ws/install/camera:/home/josh/Igris_c_ros2_ws/install/Igris:/opt/ros/jazzy DEBUGINFOD_URLS=https://debuginfod.ubuntu.com /usr/bin/cmake --install /home/josh/Igris_c_ros2_ws/build/igris
[0.709s] -- Install configuration: ""
[0.709s] -- Up-to-date: /home/josh/Igris_c_ros2_ws/install/igris/lib/igris/igris
[0.709s] -- Up-to-date: /home/josh/Igris_c_ros2_ws/install/igris/share/ament_index/resource_index/package_run_dependencies/igris
[0.709s] -- Up-to-date: /home/josh/Igris_c_ros2_ws/install/igris/share/ament_index/resource_index/parent_prefix_path/igris
[0.710s] -- Up-to-date: /home/josh/Igris_c_ros2_ws/install/igris/share/igris/environment/ament_prefix_path.sh
[0.710s] -- Up-to-date: /home/josh/Igris_c_ros2_ws/install/igris/share/igris/environment/ament_prefix_path.dsv
[0.710s] -- Up-to-date: /home/josh/Igris_c_ros2_ws/install/igris/share/igris/environment/path.sh
[0.710s] -- Up-to-date: /home/josh/Igris_c_ros2_ws/install/igris/share/igris/environment/path.dsv
[0.710s] -- Up-to-date: /home/josh/Igris_c_ros2_ws/install/igris/share/igris/local_setup.bash
[0.710s] -- Up-to-date: /home/josh/Igris_c_ros2_ws/install/igris/share/igris/local_setup.sh
[0.710s] -- Up-to-date: /home/josh/Igris_c_ros2_ws/install/igris/share/igris/local_setup.zsh
[0.710s] -- Up-to-date: /home/josh/Igris_c_ros2_ws/install/igris/share/igris/local_setup.dsv
[0.710s] -- Installing: /home/josh/Igris_c_ros2_ws/install/igris/share/igris/package.dsv
[0.710s] -- Up-to-date: /home/josh/Igris_c_ros2_ws/install/igris/share/ament_index/resource_index/packages/igris
[0.711s] -- Up-to-date: /home/josh/Igris_c_ros2_ws/install/igris/share/igris/cmake/igrisConfig.cmake
[0.711s] -- Up-to-date: /home/josh/Igris_c_ros2_ws/install/igris/share/igris/cmake/igrisConfig-version.cmake
[0.711s] -- Up-to-date: /home/josh/Igris_c_ros2_ws/install/igris/share/igris/package.xml
[0.716s] Invoked command in '/home/josh/Igris_c_ros2_ws/build/igris' returned '0': CMAKE_PREFIX_PATH=${CMAKE_PREFIX_PATH}:/home/josh/Igris_c_ros2_ws/install/teleoperator:/home/josh/Igris_c_ros2_ws/install/collect_data:/home/josh/Igris_c_ros2_ws/install/camera:/home/josh/Igris_c_ros2_ws/install/Igris:/opt/ros/jazzy DEBUGINFOD_URLS=https://debuginfod.ubuntu.com /usr/bin/cmake --install /home/josh/Igris_c_ros2_ws/build/igris
