[1.185s] Invoking command in '/home/josh/Igris_c_ros2_ws/src/camera': DEBUGINFOD_URLS=https://debuginfod.ubuntu.com PYTHONPATH=/home/josh/Igris_c_ros2_ws/build/camera/prefix_override:/usr/lib/python3/dist-packages/colcon_core/task/python/colcon_distutils_commands:/home/josh/Igris_c_ros2_ws/install/camera/lib/python3.12/site-packages:${PYTHONPATH} /usr/bin/python3 -W ignore:setup.py install is deprecated -W ignore:easy_install command is deprecated setup.py egg_info --egg-base ../../build/camera build --build-base /home/josh/Igris_c_ros2_ws/build/camera/build install --record /home/josh/Igris_c_ros2_ws/build/camera/install.log --single-version-externally-managed install_data
[1.416s] running egg_info
[1.433s] writing ../../build/camera/camera.egg-info/PKG-INFO
[1.433s] writing dependency_links to ../../build/camera/camera.egg-info/dependency_links.txt
[1.433s] writing requirements to ../../build/camera/camera.egg-info/requires.txt
[1.433s] writing top-level names to ../../build/camera/camera.egg-info/top_level.txt
[1.466s] reading manifest file '../../build/camera/camera.egg-info/SOURCES.txt'
[1.466s] adding license file 'LICENSE'
[1.467s] writing manifest file '../../build/camera/camera.egg-info/SOURCES.txt'
[1.467s] running build
[1.467s] running build_py
[1.467s] running install
[1.471s] running install_lib
[1.488s] running install_data
[1.488s] running install_egg_info
[1.506s] removing '/home/josh/Igris_c_ros2_ws/install/camera/lib/python3.12/site-packages/camera-0.0.0-py3.12.egg-info' (and everything under it)
[1.506s] Copying ../../build/camera/camera.egg-info to /home/josh/Igris_c_ros2_ws/install/camera/lib/python3.12/site-packages/camera-0.0.0-py3.12.egg-info
[1.506s] running install_scripts
[1.615s] writing list of installed files to '/home/josh/Igris_c_ros2_ws/build/camera/install.log'
[1.635s] Invoked command in '/home/josh/Igris_c_ros2_ws/src/camera' returned '0': DEBUGINFOD_URLS=https://debuginfod.ubuntu.com PYTHONPATH=/home/josh/Igris_c_ros2_ws/build/camera/prefix_override:/usr/lib/python3/dist-packages/colcon_core/task/python/colcon_distutils_commands:/home/josh/Igris_c_ros2_ws/install/camera/lib/python3.12/site-packages:${PYTHONPATH} /usr/bin/python3 -W ignore:setup.py install is deprecated -W ignore:easy_install command is deprecated setup.py egg_info --egg-base ../../build/camera build --build-base /home/josh/Igris_c_ros2_ws/build/camera/build install --record /home/josh/Igris_c_ros2_ws/build/camera/install.log --single-version-externally-managed install_data
