[1.201s] Invoking command in '/home/josh/Igris_c_ros2_ws/src/teleoperator': DEBUGINFOD_URLS=https://debuginfod.ubuntu.com PYTHONPATH=/home/josh/Igris_c_ros2_ws/build/teleoperator/prefix_override:/usr/lib/python3/dist-packages/colcon_core/task/python/colcon_distutils_commands:/home/josh/Igris_c_ros2_ws/install/teleoperator/lib/python3.12/site-packages:${PYTHONPATH} /usr/bin/python3 -W ignore:setup.py install is deprecated -W ignore:easy_install command is deprecated setup.py egg_info --egg-base ../../build/teleoperator build --build-base /home/josh/Igris_c_ros2_ws/build/teleoperator/build install --record /home/josh/Igris_c_ros2_ws/build/teleoperator/install.log --single-version-externally-managed install_data
[1.427s] running egg_info
[1.443s] writing ../../build/teleoperator/teleoperator.egg-info/PKG-INFO
[1.444s] writing dependency_links to ../../build/teleoperator/teleoperator.egg-info/dependency_links.txt
[1.444s] writing entry points to ../../build/teleoperator/teleoperator.egg-info/entry_points.txt
[1.444s] writing requirements to ../../build/teleoperator/teleoperator.egg-info/requires.txt
[1.444s] writing top-level names to ../../build/teleoperator/teleoperator.egg-info/top_level.txt
[1.477s] reading manifest file '../../build/teleoperator/teleoperator.egg-info/SOURCES.txt'
[1.477s] adding license file 'LICENSE'
[1.478s] writing manifest file '../../build/teleoperator/teleoperator.egg-info/SOURCES.txt'
[1.478s] running build
[1.478s] running build_py
[1.478s] copying teleoperator/teleop.py -> /home/josh/Igris_c_ros2_ws/build/teleoperator/build/lib/teleoperator
[1.478s] running install
[1.483s] running install_lib
[1.500s] copying /home/josh/Igris_c_ros2_ws/build/teleoperator/build/lib/teleoperator/teleop.py -> /home/josh/Igris_c_ros2_ws/install/teleoperator/lib/python3.12/site-packages/teleoperator
[1.500s] byte-compiling /home/josh/Igris_c_ros2_ws/install/teleoperator/lib/python3.12/site-packages/teleoperator/teleop.py to teleop.cpython-312.pyc
[1.503s] running install_data
[1.503s] running install_egg_info
[1.521s] removing '/home/josh/Igris_c_ros2_ws/install/teleoperator/lib/python3.12/site-packages/teleoperator-0.0.0-py3.12.egg-info' (and everything under it)
[1.521s] Copying ../../build/teleoperator/teleoperator.egg-info to /home/josh/Igris_c_ros2_ws/install/teleoperator/lib/python3.12/site-packages/teleoperator-0.0.0-py3.12.egg-info
[1.522s] running install_scripts
[1.639s] Installing hand_bridge script to /home/josh/Igris_c_ros2_ws/install/teleoperator/lib/teleoperator
[1.639s] Installing joint script to /home/josh/Igris_c_ros2_ws/install/teleoperator/lib/teleoperator
[1.639s] writing list of installed files to '/home/josh/Igris_c_ros2_ws/build/teleoperator/install.log'
[1.664s] Invoked command in '/home/josh/Igris_c_ros2_ws/src/teleoperator' returned '0': DEBUGINFOD_URLS=https://debuginfod.ubuntu.com PYTHONPATH=/home/josh/Igris_c_ros2_ws/build/teleoperator/prefix_override:/usr/lib/python3/dist-packages/colcon_core/task/python/colcon_distutils_commands:/home/josh/Igris_c_ros2_ws/install/teleoperator/lib/python3.12/site-packages:${PYTHONPATH} /usr/bin/python3 -W ignore:setup.py install is deprecated -W ignore:easy_install command is deprecated setup.py egg_info --egg-base ../../build/teleoperator build --build-base /home/josh/Igris_c_ros2_ws/build/teleoperator/build install --record /home/josh/Igris_c_ros2_ws/build/teleoperator/install.log --single-version-externally-managed install_data
