[1.180s] Invoking command in '/home/josh/Igris_c_ros2_ws/src/camera': DEBUGINFOD_URLS=https://debuginfod.ubuntu.com PYTHONPATH=/home/josh/Igris_c_ros2_ws/build/camera/prefix_override:/usr/lib/python3/dist-packages/colcon_core/task/python/colcon_distutils_commands:/home/josh/Igris_c_ros2_ws/install/camera/lib/python3.12/site-packages:${PYTHONPATH} /usr/bin/python3 -W ignore:setup.py install is deprecated -W ignore:easy_install command is deprecated setup.py egg_info --egg-base ../../build/camera build --build-base /home/josh/Igris_c_ros2_ws/build/camera/build install --record /home/josh/Igris_c_ros2_ws/build/camera/install.log --single-version-externally-managed install_data
[1.412s] running egg_info
[1.412s] creating ../../build/camera/camera.egg-info
[1.429s] writing ../../build/camera/camera.egg-info/PKG-INFO
[1.429s] writing dependency_links to ../../build/camera/camera.egg-info/dependency_links.txt
[1.430s] writing requirements to ../../build/camera/camera.egg-info/requires.txt
[1.430s] writing top-level names to ../../build/camera/camera.egg-info/top_level.txt
[1.430s] writing manifest file '../../build/camera/camera.egg-info/SOURCES.txt'
[1.465s] reading manifest file '../../build/camera/camera.egg-info/SOURCES.txt'
[1.465s] adding license file 'LICENSE'
[1.466s] writing manifest file '../../build/camera/camera.egg-info/SOURCES.txt'
[1.466s] running build
[1.466s] running build_py
[1.466s] creating /home/josh/Igris_c_ros2_ws/build/camera/build
[1.466s] creating /home/josh/Igris_c_ros2_ws/build/camera/build/lib
[1.466s] creating /home/josh/Igris_c_ros2_ws/build/camera/build/lib/camera
[1.467s] copying camera/__init__.py -> /home/josh/Igris_c_ros2_ws/build/camera/build/lib/camera
[1.467s] copying camera/webcam.py -> /home/josh/Igris_c_ros2_ws/build/camera/build/lib/camera
[1.467s] running install
[1.471s] running install_lib
[1.489s] creating /home/josh/Igris_c_ros2_ws/install/camera/lib/python3.12/site-packages/camera
[1.489s] copying /home/josh/Igris_c_ros2_ws/build/camera/build/lib/camera/__init__.py -> /home/josh/Igris_c_ros2_ws/install/camera/lib/python3.12/site-packages/camera
[1.489s] copying /home/josh/Igris_c_ros2_ws/build/camera/build/lib/camera/webcam.py -> /home/josh/Igris_c_ros2_ws/install/camera/lib/python3.12/site-packages/camera
[1.490s] byte-compiling /home/josh/Igris_c_ros2_ws/install/camera/lib/python3.12/site-packages/camera/__init__.py to __init__.cpython-312.pyc
[1.490s] byte-compiling /home/josh/Igris_c_ros2_ws/install/camera/lib/python3.12/site-packages/camera/webcam.py to webcam.cpython-312.pyc
[1.490s] running install_data
[1.490s] creating /home/josh/Igris_c_ros2_ws/install/camera/share/ament_index
[1.490s] creating /home/josh/Igris_c_ros2_ws/install/camera/share/ament_index/resource_index
[1.490s] creating /home/josh/Igris_c_ros2_ws/install/camera/share/ament_index/resource_index/packages
[1.491s] copying resource/camera -> /home/josh/Igris_c_ros2_ws/install/camera/share/ament_index/resource_index/packages
[1.491s] copying package.xml -> /home/josh/Igris_c_ros2_ws/install/camera/share/camera
[1.491s] running install_egg_info
[1.511s] Copying ../../build/camera/camera.egg-info to /home/josh/Igris_c_ros2_ws/install/camera/lib/python3.12/site-packages/camera-0.0.0-py3.12.egg-info
[1.512s] running install_scripts
[1.626s] writing list of installed files to '/home/josh/Igris_c_ros2_ws/build/camera/install.log'
[1.652s] Invoked command in '/home/josh/Igris_c_ros2_ws/src/camera' returned '0': DEBUGINFOD_URLS=https://debuginfod.ubuntu.com PYTHONPATH=/home/josh/Igris_c_ros2_ws/build/camera/prefix_override:/usr/lib/python3/dist-packages/colcon_core/task/python/colcon_distutils_commands:/home/josh/Igris_c_ros2_ws/install/camera/lib/python3.12/site-packages:${PYTHONPATH} /usr/bin/python3 -W ignore:setup.py install is deprecated -W ignore:easy_install command is deprecated setup.py egg_info --egg-base ../../build/camera build --build-base /home/josh/Igris_c_ros2_ws/build/camera/build install --record /home/josh/Igris_c_ros2_ws/build/camera/install.log --single-version-externally-managed install_data
