[0.498s] Invoking command in '/home/josh/Igris_c_ros2_ws/build/interface': CMAKE_PREFIX_PATH=${CMAKE_PREFIX_PATH}:/home/josh/Igris_c_ros2_ws/install/teleoperator:/home/josh/Igris_c_ros2_ws/install/collect_data:/home/josh/Igris_c_ros2_ws/install/camera:/home/josh/Igris_c_ros2_ws/install/Igris:/opt/ros/jazzy DEBUGINFOD_URLS=https://debuginfod.ubuntu.com /usr/bin/cmake --build /home/josh/Igris_c_ros2_ws/build/interface -- -j16 -l16
[0.538s] [  2%] Built target interface__rosidl_generator_type_description
[0.545s] [  2%] Built target ament_cmake_python_copy_interface
[0.555s] [  5%] Built target interface__cpp
[0.557s] [ 20%] Built target interface__rosidl_generator_c
[0.576s] [ 38%] Built target interface__rosidl_typesupport_c
[0.576s] [ 38%] Built target interface__rosidl_typesupport_introspection_c
[0.577s] [ 47%] Built target interface__rosidl_typesupport_introspection_cpp
[0.578s] [ 55%] Built target interface__rosidl_typesupport_fastrtps_cpp
[0.579s] [ 64%] Built target interface__rosidl_typesupport_cpp
[0.579s] [ 73%] Built target interface__rosidl_typesupport_fastrtps_c
[0.596s] [ 73%] Built target interface
[0.615s] [ 76%] Built target interface__py
[0.636s] [ 82%] Built target interface__rosidl_generator_py
[0.656s] [ 94%] Built target interface_s__rosidl_typesupport_c
[0.656s] [ 94%] Built target interface_s__rosidl_typesupport_introspection_c
[0.657s] [100%] Built target interface_s__rosidl_typesupport_fastrtps_c
[0.726s] running egg_info
[0.747s] writing interface.egg-info/PKG-INFO
[0.747s] writing dependency_links to interface.egg-info/dependency_links.txt
[0.747s] writing top-level names to interface.egg-info/top_level.txt
[0.800s] reading manifest file 'interface.egg-info/SOURCES.txt'
[0.800s] writing manifest file 'interface.egg-info/SOURCES.txt'
[0.822s] [100%] Built target ament_cmake_python_build_interface_egg
[0.832s] Invoked command in '/home/josh/Igris_c_ros2_ws/build/interface' returned '0': CMAKE_PREFIX_PATH=${CMAKE_PREFIX_PATH}:/home/josh/Igris_c_ros2_ws/install/teleoperator:/home/josh/Igris_c_ros2_ws/install/collect_data:/home/josh/Igris_c_ros2_ws/install/camera:/home/josh/Igris_c_ros2_ws/install/Igris:/opt/ros/jazzy DEBUGINFOD_URLS=https://debuginfod.ubuntu.com /usr/bin/cmake --build /home/josh/Igris_c_ros2_ws/build/interface -- -j16 -l16
[0.833s] Invoking command in '/home/josh/Igris_c_ros2_ws/build/interface': CMAKE_PREFIX_PATH=${CMAKE_PREFIX_PATH}:/home/josh/Igris_c_ros2_ws/install/teleoperator:/home/josh/Igris_c_ros2_ws/install/collect_data:/home/josh/Igris_c_ros2_ws/install/camera:/home/josh/Igris_c_ros2_ws/install/Igris:/opt/ros/jazzy DEBUGINFOD_URLS=https://debuginfod.ubuntu.com /usr/bin/cmake --install /home/josh/Igris_c_ros2_ws/build/interface
[0.839s] -- Install configuration: ""
[0.840s] -- Up-to-date: /home/josh/Igris_c_ros2_ws/install/interface/share/ament_index/resource_index/rosidl_interfaces/interface
[0.840s] -- Up-to-date: /home/josh/Igris_c_ros2_ws/install/interface/share/interface/srv/MoveJoints.json
[0.840s] -- Up-to-date: /home/josh/Igris_c_ros2_ws/install/interface/include/interface/interface
[0.840s] -- Up-to-date: /home/josh/Igris_c_ros2_ws/install/interface/include/interface/interface/srv
[0.840s] -- Up-to-date: /home/josh/Igris_c_ros2_ws/install/interface/include/interface/interface/srv/detail
[0.840s] -- Up-to-date: /home/josh/Igris_c_ros2_ws/install/interface/include/interface/interface/srv/detail/move_joints__functions.h
[0.840s] -- Up-to-date: /home/josh/Igris_c_ros2_ws/install/interface/include/interface/interface/srv/detail/move_joints__description.c
[0.840s] -- Up-to-date: /home/josh/Igris_c_ros2_ws/install/interface/include/interface/interface/srv/detail/move_joints__struct.h
[0.840s] -- Up-to-date: /home/josh/Igris_c_ros2_ws/install/interface/include/interface/interface/srv/detail/move_joints__type_support.c
[0.840s] -- Up-to-date: /home/josh/Igris_c_ros2_ws/install/interface/include/interface/interface/srv/detail/move_joints__functions.c
[0.840s] -- Up-to-date: /home/josh/Igris_c_ros2_ws/install/interface/include/interface/interface/srv/detail/move_joints__type_support.h
[0.841s] -- Up-to-date: /home/josh/Igris_c_ros2_ws/install/interface/include/interface/interface/srv/move_joints.h
[0.841s] -- Up-to-date: /home/josh/Igris_c_ros2_ws/install/interface/include/interface/interface/msg
[0.841s] -- Up-to-date: /home/josh/Igris_c_ros2_ws/install/interface/include/interface/interface/msg/rosidl_generator_c__visibility_control.h
[0.841s] -- Up-to-date: /home/josh/Igris_c_ros2_ws/install/interface/share/interface/environment/library_path.sh
[0.841s] -- Up-to-date: /home/josh/Igris_c_ros2_ws/install/interface/share/interface/environment/library_path.dsv
[0.841s] -- Up-to-date: /home/josh/Igris_c_ros2_ws/install/interface/lib/libinterface__rosidl_generator_c.so
[0.841s] -- Up-to-date: /home/josh/Igris_c_ros2_ws/install/interface/include/interface/interface
[0.841s] -- Up-to-date: /home/josh/Igris_c_ros2_ws/install/interface/include/interface/interface/srv
[0.841s] -- Up-to-date: /home/josh/Igris_c_ros2_ws/install/interface/include/interface/interface/srv/detail
[0.841s] -- Up-to-date: /home/josh/Igris_c_ros2_ws/install/interface/include/interface/interface/srv/detail/move_joints__rosidl_typesupport_fastrtps_c.h
[0.841s] -- Up-to-date: /home/josh/Igris_c_ros2_ws/install/interface/include/interface/interface/msg
[0.842s] -- Up-to-date: /home/josh/Igris_c_ros2_ws/install/interface/include/interface/interface/msg/rosidl_typesupport_fastrtps_c__visibility_control.h
[0.842s] -- Up-to-date: /home/josh/Igris_c_ros2_ws/install/interface/lib/libinterface__rosidl_typesupport_fastrtps_c.so
[0.842s] -- Up-to-date: /home/josh/Igris_c_ros2_ws/install/interface/include/interface/interface
[0.842s] -- Up-to-date: /home/josh/Igris_c_ros2_ws/install/interface/include/interface/interface/srv
[0.842s] -- Up-to-date: /home/josh/Igris_c_ros2_ws/install/interface/include/interface/interface/srv/detail
[0.842s] -- Up-to-date: /home/josh/Igris_c_ros2_ws/install/interface/include/interface/interface/srv/detail/move_joints__builder.hpp
[0.842s] -- Up-to-date: /home/josh/Igris_c_ros2_ws/install/interface/include/interface/interface/srv/detail/move_joints__type_support.hpp
[0.842s] -- Up-to-date: /home/josh/Igris_c_ros2_ws/install/interface/include/interface/interface/srv/detail/move_joints__struct.hpp
[0.842s] -- Up-to-date: /home/josh/Igris_c_ros2_ws/install/interface/include/interface/interface/srv/detail/move_joints__traits.hpp
[0.842s] -- Up-to-date: /home/josh/Igris_c_ros2_ws/install/interface/include/interface/interface/srv/move_joints.hpp
[0.842s] -- Up-to-date: /home/josh/Igris_c_ros2_ws/install/interface/include/interface/interface/msg
[0.842s] -- Up-to-date: /home/josh/Igris_c_ros2_ws/install/interface/include/interface/interface/msg/rosidl_generator_cpp__visibility_control.hpp
[0.842s] -- Up-to-date: /home/josh/Igris_c_ros2_ws/install/interface/include/interface/interface
[0.843s] -- Up-to-date: /home/josh/Igris_c_ros2_ws/install/interface/include/interface/interface/srv
[0.843s] -- Up-to-date: /home/josh/Igris_c_ros2_ws/install/interface/include/interface/interface/srv/detail
[0.843s] -- Up-to-date: /home/josh/Igris_c_ros2_ws/install/interface/include/interface/interface/srv/detail/dds_fastrtps
[0.843s] -- Up-to-date: /home/josh/Igris_c_ros2_ws/install/interface/include/interface/interface/srv/detail/move_joints__rosidl_typesupport_fastrtps_cpp.hpp
[0.843s] -- Up-to-date: /home/josh/Igris_c_ros2_ws/install/interface/include/interface/interface/msg
[0.843s] -- Up-to-date: /home/josh/Igris_c_ros2_ws/install/interface/include/interface/interface/msg/rosidl_typesupport_fastrtps_cpp__visibility_control.h
[0.843s] -- Up-to-date: /home/josh/Igris_c_ros2_ws/install/interface/lib/libinterface__rosidl_typesupport_fastrtps_cpp.so
[0.843s] -- Up-to-date: /home/josh/Igris_c_ros2_ws/install/interface/include/interface/interface
[0.843s] -- Up-to-date: /home/josh/Igris_c_ros2_ws/install/interface/include/interface/interface/srv
[0.843s] -- Up-to-date: /home/josh/Igris_c_ros2_ws/install/interface/include/interface/interface/srv/detail
[0.843s] -- Up-to-date: /home/josh/Igris_c_ros2_ws/install/interface/include/interface/interface/srv/detail/move_joints__type_support.c
[0.843s] -- Up-to-date: /home/josh/Igris_c_ros2_ws/install/interface/include/interface/interface/srv/detail/move_joints__rosidl_typesupport_introspection_c.h
[0.844s] -- Up-to-date: /home/josh/Igris_c_ros2_ws/install/interface/include/interface/interface/msg
[0.844s] -- Up-to-date: /home/josh/Igris_c_ros2_ws/install/interface/include/interface/interface/msg/rosidl_typesupport_introspection_c__visibility_control.h
[0.844s] -- Up-to-date: /home/josh/Igris_c_ros2_ws/install/interface/lib/libinterface__rosidl_typesupport_introspection_c.so
[0.844s] -- Up-to-date: /home/josh/Igris_c_ros2_ws/install/interface/lib/libinterface__rosidl_typesupport_c.so
[0.844s] -- Up-to-date: /home/josh/Igris_c_ros2_ws/install/interface/include/interface/interface
[0.844s] -- Up-to-date: /home/josh/Igris_c_ros2_ws/install/interface/include/interface/interface/srv
[0.844s] -- Up-to-date: /home/josh/Igris_c_ros2_ws/install/interface/include/interface/interface/srv/detail
[0.844s] -- Up-to-date: /home/josh/Igris_c_ros2_ws/install/interface/include/interface/interface/srv/detail/move_joints__type_support.cpp
[0.844s] -- Up-to-date: /home/josh/Igris_c_ros2_ws/install/interface/include/interface/interface/srv/detail/move_joints__rosidl_typesupport_introspection_cpp.hpp
[0.844s] -- Up-to-date: /home/josh/Igris_c_ros2_ws/install/interface/lib/libinterface__rosidl_typesupport_introspection_cpp.so
[0.844s] -- Up-to-date: /home/josh/Igris_c_ros2_ws/install/interface/lib/libinterface__rosidl_typesupport_cpp.so
[0.844s] -- Up-to-date: /home/josh/Igris_c_ros2_ws/install/interface/share/interface/environment/pythonpath.sh
[0.844s] -- Up-to-date: /home/josh/Igris_c_ros2_ws/install/interface/share/interface/environment/pythonpath.dsv
[0.844s] -- Up-to-date: /home/josh/Igris_c_ros2_ws/install/interface/lib/python3.12/site-packages/interface-0.0.0-py3.12.egg-info
[0.845s] -- Installing: /home/josh/Igris_c_ros2_ws/install/interface/lib/python3.12/site-packages/interface-0.0.0-py3.12.egg-info/PKG-INFO
[0.845s] -- Installing: /home/josh/Igris_c_ros2_ws/install/interface/lib/python3.12/site-packages/interface-0.0.0-py3.12.egg-info/top_level.txt
[0.845s] -- Installing: /home/josh/Igris_c_ros2_ws/install/interface/lib/python3.12/site-packages/interface-0.0.0-py3.12.egg-info/dependency_links.txt
[0.845s] -- Installing: /home/josh/Igris_c_ros2_ws/install/interface/lib/python3.12/site-packages/interface-0.0.0-py3.12.egg-info/SOURCES.txt
[0.845s] -- Up-to-date: /home/josh/Igris_c_ros2_ws/install/interface/lib/python3.12/site-packages/interface
[0.845s] -- Up-to-date: /home/josh/Igris_c_ros2_ws/install/interface/lib/python3.12/site-packages/interface/interface_s__rosidl_typesupport_introspection_c.so
[0.845s] -- Up-to-date: /home/josh/Igris_c_ros2_ws/install/interface/lib/python3.12/site-packages/interface/interface_s__rosidl_typesupport_c.so
[0.845s] -- Up-to-date: /home/josh/Igris_c_ros2_ws/install/interface/lib/python3.12/site-packages/interface/_interface_s.ep.rosidl_typesupport_c.c
[0.845s] -- Up-to-date: /home/josh/Igris_c_ros2_ws/install/interface/lib/python3.12/site-packages/interface/srv
[0.845s] -- Up-to-date: /home/josh/Igris_c_ros2_ws/install/interface/lib/python3.12/site-packages/interface/srv/_move_joints_s.c
[0.845s] -- Up-to-date: /home/josh/Igris_c_ros2_ws/install/interface/lib/python3.12/site-packages/interface/srv/__init__.py
[0.845s] -- Up-to-date: /home/josh/Igris_c_ros2_ws/install/interface/lib/python3.12/site-packages/interface/srv/_move_joints.py
[0.845s] -- Up-to-date: /home/josh/Igris_c_ros2_ws/install/interface/lib/python3.12/site-packages/interface/__init__.py
[0.845s] -- Up-to-date: /home/josh/Igris_c_ros2_ws/install/interface/lib/python3.12/site-packages/interface/_interface_s.ep.rosidl_typesupport_fastrtps_c.c
[0.845s] -- Up-to-date: /home/josh/Igris_c_ros2_ws/install/interface/lib/python3.12/site-packages/interface/_interface_s.ep.rosidl_typesupport_introspection_c.c
[0.845s] -- Up-to-date: /home/josh/Igris_c_ros2_ws/install/interface/lib/python3.12/site-packages/interface/interface_s__rosidl_typesupport_fastrtps_c.so
[0.874s] Listing '/home/josh/Igris_c_ros2_ws/install/interface/lib/python3.12/site-packages/interface'...
[0.874s] Listing '/home/josh/Igris_c_ros2_ws/install/interface/lib/python3.12/site-packages/interface/srv'...
[0.878s] -- Up-to-date: /home/josh/Igris_c_ros2_ws/install/interface/lib/python3.12/site-packages/interface/interface_s__rosidl_typesupport_fastrtps_c.so
[0.879s] -- Up-to-date: /home/josh/Igris_c_ros2_ws/install/interface/lib/python3.12/site-packages/interface/interface_s__rosidl_typesupport_introspection_c.so
[0.879s] -- Up-to-date: /home/josh/Igris_c_ros2_ws/install/interface/lib/python3.12/site-packages/interface/interface_s__rosidl_typesupport_c.so
[0.879s] -- Up-to-date: /home/josh/Igris_c_ros2_ws/install/interface/lib/libinterface__rosidl_generator_py.so
[0.880s] -- Up-to-date: /home/josh/Igris_c_ros2_ws/install/interface/share/interface/srv/MoveJoints.idl
[0.880s] -- Up-to-date: /home/josh/Igris_c_ros2_ws/install/interface/share/interface/srv/MoveJoints.srv
[0.880s] -- Up-to-date: /home/josh/Igris_c_ros2_ws/install/interface/share/ament_index/resource_index/package_run_dependencies/interface
[0.880s] -- Up-to-date: /home/josh/Igris_c_ros2_ws/install/interface/share/ament_index/resource_index/parent_prefix_path/interface
[0.880s] -- Up-to-date: /home/josh/Igris_c_ros2_ws/install/interface/share/interface/environment/ament_prefix_path.sh
[0.880s] -- Up-to-date: /home/josh/Igris_c_ros2_ws/install/interface/share/interface/environment/ament_prefix_path.dsv
[0.880s] -- Up-to-date: /home/josh/Igris_c_ros2_ws/install/interface/share/interface/environment/path.sh
[0.881s] -- Up-to-date: /home/josh/Igris_c_ros2_ws/install/interface/share/interface/environment/path.dsv
[0.881s] -- Up-to-date: /home/josh/Igris_c_ros2_ws/install/interface/share/interface/local_setup.bash
[0.881s] -- Up-to-date: /home/josh/Igris_c_ros2_ws/install/interface/share/interface/local_setup.sh
[0.881s] -- Up-to-date: /home/josh/Igris_c_ros2_ws/install/interface/share/interface/local_setup.zsh
[0.881s] -- Up-to-date: /home/josh/Igris_c_ros2_ws/install/interface/share/interface/local_setup.dsv
[0.881s] -- Installing: /home/josh/Igris_c_ros2_ws/install/interface/share/interface/package.dsv
[0.881s] -- Up-to-date: /home/josh/Igris_c_ros2_ws/install/interface/share/ament_index/resource_index/packages/interface
[0.881s] -- Up-to-date: /home/josh/Igris_c_ros2_ws/install/interface/share/interface/cmake/export_interface__rosidl_generator_cExport.cmake
[0.882s] -- Up-to-date: /home/josh/Igris_c_ros2_ws/install/interface/share/interface/cmake/export_interface__rosidl_generator_cExport-noconfig.cmake
[0.882s] -- Up-to-date: /home/josh/Igris_c_ros2_ws/install/interface/share/interface/cmake/export_interface__rosidl_typesupport_fastrtps_cExport.cmake
[0.882s] -- Up-to-date: /home/josh/Igris_c_ros2_ws/install/interface/share/interface/cmake/export_interface__rosidl_typesupport_fastrtps_cExport-noconfig.cmake
[0.882s] -- Up-to-date: /home/josh/Igris_c_ros2_ws/install/interface/share/interface/cmake/export_interface__rosidl_generator_cppExport.cmake
[0.882s] -- Up-to-date: /home/josh/Igris_c_ros2_ws/install/interface/share/interface/cmake/export_interface__rosidl_typesupport_fastrtps_cppExport.cmake
[0.882s] -- Up-to-date: /home/josh/Igris_c_ros2_ws/install/interface/share/interface/cmake/export_interface__rosidl_typesupport_fastrtps_cppExport-noconfig.cmake
[0.882s] -- Up-to-date: /home/josh/Igris_c_ros2_ws/install/interface/share/interface/cmake/interface__rosidl_typesupport_introspection_cExport.cmake
[0.882s] -- Up-to-date: /home/josh/Igris_c_ros2_ws/install/interface/share/interface/cmake/interface__rosidl_typesupport_introspection_cExport-noconfig.cmake
[0.882s] -- Up-to-date: /home/josh/Igris_c_ros2_ws/install/interface/share/interface/cmake/interface__rosidl_typesupport_cExport.cmake
[0.882s] -- Up-to-date: /home/josh/Igris_c_ros2_ws/install/interface/share/interface/cmake/interface__rosidl_typesupport_cExport-noconfig.cmake
[0.883s] -- Up-to-date: /home/josh/Igris_c_ros2_ws/install/interface/share/interface/cmake/interface__rosidl_typesupport_introspection_cppExport.cmake
[0.883s] -- Up-to-date: /home/josh/Igris_c_ros2_ws/install/interface/share/interface/cmake/interface__rosidl_typesupport_introspection_cppExport-noconfig.cmake
[0.883s] -- Up-to-date: /home/josh/Igris_c_ros2_ws/install/interface/share/interface/cmake/interface__rosidl_typesupport_cppExport.cmake
[0.883s] -- Up-to-date: /home/josh/Igris_c_ros2_ws/install/interface/share/interface/cmake/interface__rosidl_typesupport_cppExport-noconfig.cmake
[0.883s] -- Up-to-date: /home/josh/Igris_c_ros2_ws/install/interface/share/interface/cmake/export_interface__rosidl_generator_pyExport.cmake
[0.883s] -- Up-to-date: /home/josh/Igris_c_ros2_ws/install/interface/share/interface/cmake/export_interface__rosidl_generator_pyExport-noconfig.cmake
[0.883s] -- Up-to-date: /home/josh/Igris_c_ros2_ws/install/interface/share/interface/cmake/rosidl_cmake-extras.cmake
[0.883s] -- Up-to-date: /home/josh/Igris_c_ros2_ws/install/interface/share/interface/cmake/ament_cmake_export_dependencies-extras.cmake
[0.883s] -- Up-to-date: /home/josh/Igris_c_ros2_ws/install/interface/share/interface/cmake/ament_cmake_export_include_directories-extras.cmake
[0.883s] -- Up-to-date: /home/josh/Igris_c_ros2_ws/install/interface/share/interface/cmake/ament_cmake_export_libraries-extras.cmake
[0.883s] -- Up-to-date: /home/josh/Igris_c_ros2_ws/install/interface/share/interface/cmake/ament_cmake_export_targets-extras.cmake
[0.883s] -- Up-to-date: /home/josh/Igris_c_ros2_ws/install/interface/share/interface/cmake/rosidl_cmake_export_typesupport_targets-extras.cmake
[0.883s] -- Up-to-date: /home/josh/Igris_c_ros2_ws/install/interface/share/interface/cmake/rosidl_cmake_export_typesupport_libraries-extras.cmake
[0.883s] -- Up-to-date: /home/josh/Igris_c_ros2_ws/install/interface/share/interface/cmake/interfaceConfig.cmake
[0.883s] -- Up-to-date: /home/josh/Igris_c_ros2_ws/install/interface/share/interface/cmake/interfaceConfig-version.cmake
[0.884s] -- Up-to-date: /home/josh/Igris_c_ros2_ws/install/interface/share/interface/package.xml
[0.885s] Invoked command in '/home/josh/Igris_c_ros2_ws/build/interface' returned '0': CMAKE_PREFIX_PATH=${CMAKE_PREFIX_PATH}:/home/josh/Igris_c_ros2_ws/install/teleoperator:/home/josh/Igris_c_ros2_ws/install/collect_data:/home/josh/Igris_c_ros2_ws/install/camera:/home/josh/Igris_c_ros2_ws/install/Igris:/opt/ros/jazzy DEBUGINFOD_URLS=https://debuginfod.ubuntu.com /usr/bin/cmake --install /home/josh/Igris_c_ros2_ws/build/interface
