[1.235s] Invoking command in '/home/josh/Igris_c_ros2_ws/src/teleoperator': DEBUGINFOD_URLS=https://debuginfod.ubuntu.com PYTHONPATH=/home/josh/Igris_c_ros2_ws/build/teleoperator/prefix_override:/usr/lib/python3/dist-packages/colcon_core/task/python/colcon_distutils_commands:/home/josh/Igris_c_ros2_ws/install/teleoperator/lib/python3.12/site-packages:${PYTHONPATH} /usr/bin/python3 -W ignore:setup.py install is deprecated -W ignore:easy_install command is deprecated setup.py egg_info --egg-base ../../build/teleoperator build --build-base /home/josh/Igris_c_ros2_ws/build/teleoperator/build install --record /home/josh/Igris_c_ros2_ws/build/teleoperator/install.log --single-version-externally-managed install_data
[1.475s] running egg_info
[1.495s] writing ../../build/teleoperator/teleoperator.egg-info/PKG-INFO
[1.495s] writing dependency_links to ../../build/teleoperator/teleoperator.egg-info/dependency_links.txt
[1.495s] writing entry points to ../../build/teleoperator/teleoperator.egg-info/entry_points.txt
[1.495s] writing requirements to ../../build/teleoperator/teleoperator.egg-info/requires.txt
[1.495s] writing top-level names to ../../build/teleoperator/teleoperator.egg-info/top_level.txt
[1.533s] reading manifest file '../../build/teleoperator/teleoperator.egg-info/SOURCES.txt'
[1.533s] adding license file 'LICENSE'
[1.533s] writing manifest file '../../build/teleoperator/teleoperator.egg-info/SOURCES.txt'
[1.533s] running build
[1.534s] running build_py
[1.534s] copying teleoperator/hand_bridge.py -> /home/josh/Igris_c_ros2_ws/build/teleoperator/build/lib/teleoperator
[1.534s] running install
[1.539s] running install_lib
[1.560s] copying /home/josh/Igris_c_ros2_ws/build/teleoperator/build/lib/teleoperator/hand_bridge.py -> /home/josh/Igris_c_ros2_ws/install/teleoperator/lib/python3.12/site-packages/teleoperator
[1.560s] byte-compiling /home/josh/Igris_c_ros2_ws/install/teleoperator/lib/python3.12/site-packages/teleoperator/hand_bridge.py to hand_bridge.cpython-312.pyc
[1.561s] running install_data
[1.561s] running install_egg_info
[1.580s] removing '/home/josh/Igris_c_ros2_ws/install/teleoperator/lib/python3.12/site-packages/teleoperator-0.0.0-py3.12.egg-info' (and everything under it)
[1.580s] Copying ../../build/teleoperator/teleoperator.egg-info to /home/josh/Igris_c_ros2_ws/install/teleoperator/lib/python3.12/site-packages/teleoperator-0.0.0-py3.12.egg-info
[1.581s] running install_scripts
[1.693s] Installing hand_bridge script to /home/josh/Igris_c_ros2_ws/install/teleoperator/lib/teleoperator
[1.694s] Installing joint script to /home/josh/Igris_c_ros2_ws/install/teleoperator/lib/teleoperator
[1.694s] writing list of installed files to '/home/josh/Igris_c_ros2_ws/build/teleoperator/install.log'
[1.718s] Invoked command in '/home/josh/Igris_c_ros2_ws/src/teleoperator' returned '0': DEBUGINFOD_URLS=https://debuginfod.ubuntu.com PYTHONPATH=/home/josh/Igris_c_ros2_ws/build/teleoperator/prefix_override:/usr/lib/python3/dist-packages/colcon_core/task/python/colcon_distutils_commands:/home/josh/Igris_c_ros2_ws/install/teleoperator/lib/python3.12/site-packages:${PYTHONPATH} /usr/bin/python3 -W ignore:setup.py install is deprecated -W ignore:easy_install command is deprecated setup.py egg_info --egg-base ../../build/teleoperator build --build-base /home/josh/Igris_c_ros2_ws/build/teleoperator/build install --record /home/josh/Igris_c_ros2_ws/build/teleoperator/install.log --single-version-externally-managed install_data
