[1.202s] Invoking command in '/home/josh/Igris_c_ros2_ws/src/teleoperator': DEBUGINFOD_URLS=https://debuginfod.ubuntu.com PYTHONPATH=/home/josh/Igris_c_ros2_ws/build/teleoperator/prefix_override:/usr/lib/python3/dist-packages/colcon_core/task/python/colcon_distutils_commands:/home/josh/Igris_c_ros2_ws/install/teleoperator/lib/python3.12/site-packages:${PYTHONPATH} /usr/bin/python3 -W ignore:setup.py install is deprecated -W ignore:easy_install command is deprecated setup.py egg_info --egg-base ../../build/teleoperator build --build-base /home/josh/Igris_c_ros2_ws/build/teleoperator/build install --record /home/josh/Igris_c_ros2_ws/build/teleoperator/install.log --single-version-externally-managed install_data
[1.413s] running egg_info
[1.429s] writing ../../build/teleoperator/teleoperator.egg-info/PKG-INFO
[1.429s] writing dependency_links to ../../build/teleoperator/teleoperator.egg-info/dependency_links.txt
[1.429s] writing entry points to ../../build/teleoperator/teleoperator.egg-info/entry_points.txt
[1.430s] writing requirements to ../../build/teleoperator/teleoperator.egg-info/requires.txt
[1.430s] writing top-level names to ../../build/teleoperator/teleoperator.egg-info/top_level.txt
[1.463s] reading manifest file '../../build/teleoperator/teleoperator.egg-info/SOURCES.txt'
[1.463s] adding license file 'LICENSE'
[1.464s] writing manifest file '../../build/teleoperator/teleoperator.egg-info/SOURCES.txt'
[1.464s] running build
[1.464s] running build_py
[1.464s] running install
[1.468s] running install_lib
[1.485s] running install_data
[1.485s] running install_egg_info
[1.503s] removing '/home/josh/Igris_c_ros2_ws/install/teleoperator/lib/python3.12/site-packages/teleoperator-0.0.0-py3.12.egg-info' (and everything under it)
[1.503s] Copying ../../build/teleoperator/teleoperator.egg-info to /home/josh/Igris_c_ros2_ws/install/teleoperator/lib/python3.12/site-packages/teleoperator-0.0.0-py3.12.egg-info
[1.504s] running install_scripts
[1.614s] Installing hand_bridge script to /home/josh/Igris_c_ros2_ws/install/teleoperator/lib/teleoperator
[1.614s] Installing joint script to /home/josh/Igris_c_ros2_ws/install/teleoperator/lib/teleoperator
[1.614s] writing list of installed files to '/home/josh/Igris_c_ros2_ws/build/teleoperator/install.log'
[1.633s] Invoked command in '/home/josh/Igris_c_ros2_ws/src/teleoperator' returned '0': DEBUGINFOD_URLS=https://debuginfod.ubuntu.com PYTHONPATH=/home/josh/Igris_c_ros2_ws/build/teleoperator/prefix_override:/usr/lib/python3/dist-packages/colcon_core/task/python/colcon_distutils_commands:/home/josh/Igris_c_ros2_ws/install/teleoperator/lib/python3.12/site-packages:${PYTHONPATH} /usr/bin/python3 -W ignore:setup.py install is deprecated -W ignore:easy_install command is deprecated setup.py egg_info --egg-base ../../build/teleoperator build --build-base /home/josh/Igris_c_ros2_ws/build/teleoperator/build install --record /home/josh/Igris_c_ros2_ws/build/teleoperator/install.log --single-version-externally-managed install_data
