running egg_info
creating ../../build/Igris/Igris.egg-info
writing ../../build/Igris/Igris.egg-info/PKG-INFO
writing dependency_links to ../../build/Igris/Igris.egg-info/dependency_links.txt
writing requirements to ../../build/Igris/Igris.egg-info/requires.txt
writing top-level names to ../../build/Igris/Igris.egg-info/top_level.txt
writing manifest file '../../build/Igris/Igris.egg-info/SOURCES.txt'
reading manifest file '../../build/Igris/Igris.egg-info/SOURCES.txt'
adding license file 'LICENSE'
writing manifest file '../../build/Igris/Igris.egg-info/SOURCES.txt'
running build
running build_py
creating /home/josh/Igris_c_ros2_ws/build/Igris/build
creating /home/josh/Igris_c_ros2_ws/build/Igris/build/lib
creating /home/josh/Igris_c_ros2_ws/build/Igris/build/lib/Igris
copying Igris/robot_controller.py -> /home/josh/Igris_c_ros2_ws/build/Igris/build/lib/Igris
copying Igris/__init__.py -> /home/josh/Igris_c_ros2_ws/build/Igris/build/lib/Igris
running install
running install_lib
creating /home/josh/Igris_c_ros2_ws/install/Igris/lib/python3.12/site-packages/Igris
copying /home/josh/Igris_c_ros2_ws/build/Igris/build/lib/Igris/robot_controller.py -> /home/josh/Igris_c_ros2_ws/install/Igris/lib/python3.12/site-packages/Igris
copying /home/josh/Igris_c_ros2_ws/build/Igris/build/lib/Igris/__init__.py -> /home/josh/Igris_c_ros2_ws/install/Igris/lib/python3.12/site-packages/Igris
byte-compiling /home/josh/Igris_c_ros2_ws/install/Igris/lib/python3.12/site-packages/Igris/robot_controller.py to robot_controller.cpython-312.pyc
byte-compiling /home/josh/Igris_c_ros2_ws/install/Igris/lib/python3.12/site-packages/Igris/__init__.py to __init__.cpython-312.pyc
running install_data
creating /home/josh/Igris_c_ros2_ws/install/Igris/share/ament_index
creating /home/josh/Igris_c_ros2_ws/install/Igris/share/ament_index/resource_index
creating /home/josh/Igris_c_ros2_ws/install/Igris/share/ament_index/resource_index/packages
copying resource/Igris -> /home/josh/Igris_c_ros2_ws/install/Igris/share/ament_index/resource_index/packages
copying package.xml -> /home/josh/Igris_c_ros2_ws/install/Igris/share/Igris
running install_egg_info
Copying ../../build/Igris/Igris.egg-info to /home/josh/Igris_c_ros2_ws/install/Igris/lib/python3.12/site-packages/Igris-0.0.0-py3.12.egg-info
running install_scripts
writing list of installed files to '/home/josh/Igris_c_ros2_ws/build/Igris/install.log'
