[1.186s] Invoking command in '/home/josh/Igris_c_ros2_ws/src/Igris': DEBUGINFOD_URLS=https://debuginfod.ubuntu.com PYTHONPATH=/home/josh/Igris_c_ros2_ws/build/Igris/prefix_override:/usr/lib/python3/dist-packages/colcon_core/task/python/colcon_distutils_commands:/home/josh/Igris_c_ros2_ws/install/Igris/lib/python3.12/site-packages:${PYTHONPATH} /usr/bin/python3 -W ignore:setup.py install is deprecated -W ignore:easy_install command is deprecated setup.py egg_info --egg-base ../../build/Igris build --build-base /home/josh/Igris_c_ros2_ws/build/Igris/build install --record /home/josh/Igris_c_ros2_ws/build/Igris/install.log --single-version-externally-managed install_data
[1.411s] running egg_info
[1.427s] writing ../../build/Igris/Igris.egg-info/PKG-INFO
[1.427s] writing dependency_links to ../../build/Igris/Igris.egg-info/dependency_links.txt
[1.427s] writing requirements to ../../build/Igris/Igris.egg-info/requires.txt
[1.428s] writing top-level names to ../../build/Igris/Igris.egg-info/top_level.txt
[1.462s] reading manifest file '../../build/Igris/Igris.egg-info/SOURCES.txt'
[1.462s] adding license file 'LICENSE'
[1.462s] writing manifest file '../../build/Igris/Igris.egg-info/SOURCES.txt'
[1.462s] running build
[1.462s] running build_py
[1.463s] running install
[1.467s] running install_lib
[1.485s] running install_data
[1.485s] running install_egg_info
[1.503s] removing '/home/josh/Igris_c_ros2_ws/install/Igris/lib/python3.12/site-packages/Igris-0.0.0-py3.12.egg-info' (and everything under it)
[1.503s] Copying ../../build/Igris/Igris.egg-info to /home/josh/Igris_c_ros2_ws/install/Igris/lib/python3.12/site-packages/Igris-0.0.0-py3.12.egg-info
[1.504s] running install_scripts
[1.615s] writing list of installed files to '/home/josh/Igris_c_ros2_ws/build/Igris/install.log'
[1.637s] Invoked command in '/home/josh/Igris_c_ros2_ws/src/Igris' returned '0': DEBUGINFOD_URLS=https://debuginfod.ubuntu.com PYTHONPATH=/home/josh/Igris_c_ros2_ws/build/Igris/prefix_override:/usr/lib/python3/dist-packages/colcon_core/task/python/colcon_distutils_commands:/home/josh/Igris_c_ros2_ws/install/Igris/lib/python3.12/site-packages:${PYTHONPATH} /usr/bin/python3 -W ignore:setup.py install is deprecated -W ignore:easy_install command is deprecated setup.py egg_info --egg-base ../../build/Igris build --build-base /home/josh/Igris_c_ros2_ws/build/Igris/build install --record /home/josh/Igris_c_ros2_ws/build/Igris/install.log --single-version-externally-managed install_data
