running egg_info
creating ../../build/teleoperator/teleoperator.egg-info
writing ../../build/teleoperator/teleoperator.egg-info/PKG-INFO
writing dependency_links to ../../build/teleoperator/teleoperator.egg-info/dependency_links.txt
writing entry points to ../../build/teleoperator/teleoperator.egg-info/entry_points.txt
writing requirements to ../../build/teleoperator/teleoperator.egg-info/requires.txt
writing top-level names to ../../build/teleoperator/teleoperator.egg-info/top_level.txt
writing manifest file '../../build/teleoperator/teleoperator.egg-info/SOURCES.txt'
reading manifest file '../../build/teleoperator/teleoperator.egg-info/SOURCES.txt'
adding license file 'LICENSE'
writing manifest file '../../build/teleoperator/teleoperator.egg-info/SOURCES.txt'
running build
running build_py
creating /home/josh/igris_c_ws/build/teleoperator/build
creating /home/josh/igris_c_ws/build/teleoperator/build/lib
creating /home/josh/igris_c_ws/build/teleoperator/build/lib/teleoperator
copying teleoperator/teleop.py -> /home/josh/igris_c_ws/build/teleoperator/build/lib/teleoperator
copying teleoperator/__init__.py -> /home/josh/igris_c_ws/build/teleoperator/build/lib/teleoperator
running install
running install_lib
creating /home/josh/igris_c_ws/install/teleoperator/lib/python3.10/site-packages/teleoperator
copying /home/josh/igris_c_ws/build/teleoperator/build/lib/teleoperator/teleop.py -> /home/josh/igris_c_ws/install/teleoperator/lib/python3.10/site-packages/teleoperator
copying /home/josh/igris_c_ws/build/teleoperator/build/lib/teleoperator/__init__.py -> /home/josh/igris_c_ws/install/teleoperator/lib/python3.10/site-packages/teleoperator
byte-compiling /home/josh/igris_c_ws/install/teleoperator/lib/python3.10/site-packages/teleoperator/teleop.py to teleop.cpython-310.pyc
byte-compiling /home/josh/igris_c_ws/install/teleoperator/lib/python3.10/site-packages/teleoperator/__init__.py to __init__.cpython-310.pyc
running install_data
creating /home/josh/igris_c_ws/install/teleoperator/share/ament_index
creating /home/josh/igris_c_ws/install/teleoperator/share/ament_index/resource_index
creating /home/josh/igris_c_ws/install/teleoperator/share/ament_index/resource_index/packages
copying resource/teleoperator -> /home/josh/igris_c_ws/install/teleoperator/share/ament_index/resource_index/packages
copying package.xml -> /home/josh/igris_c_ws/install/teleoperator/share/teleoperator
running install_egg_info
Copying ../../build/teleoperator/teleoperator.egg-info to /home/josh/igris_c_ws/install/teleoperator/lib/python3.10/site-packages/teleoperator-0.0.0-py3.10.egg-info
running install_scripts
Installing joint script to /home/josh/igris_c_ws/install/teleoperator/lib/teleoperator
writing list of installed files to '/home/josh/igris_c_ws/build/teleoperator/install.log'
