[0.522s] Invoking command in '/home/josh/igris_c_ws/src/teleoperator': PYTHONPATH=/home/josh/igris_c_ws/build/teleoperator/prefix_override:/usr/lib/python3/dist-packages/colcon_core/task/python/colcon_distutils_commands:/home/josh/igris_c_ws/install/teleoperator/lib/python3.10/site-packages:${PYTHONPATH} /usr/bin/python3 -W ignore:setup.py install is deprecated -W ignore:easy_install command is deprecated setup.py egg_info --egg-base ../../build/teleoperator build --build-base /home/josh/igris_c_ws/build/teleoperator/build install --record /home/josh/igris_c_ws/build/teleoperator/install.log --single-version-externally-managed install_data
[0.726s] running egg_info
[0.726s] creating ../../build/teleoperator/teleoperator.egg-info
[0.726s] writing ../../build/teleoperator/teleoperator.egg-info/PKG-INFO
[0.726s] writing dependency_links to ../../build/teleoperator/teleoperator.egg-info/dependency_links.txt
[0.726s] writing entry points to ../../build/teleoperator/teleoperator.egg-info/entry_points.txt
[0.726s] writing requirements to ../../build/teleoperator/teleoperator.egg-info/requires.txt
[0.726s] writing top-level names to ../../build/teleoperator/teleoperator.egg-info/top_level.txt
[0.726s] writing manifest file '../../build/teleoperator/teleoperator.egg-info/SOURCES.txt'
[0.763s] listing git files failed - pretending there aren't any
[0.838s] reading manifest file '../../build/teleoperator/teleoperator.egg-info/SOURCES.txt'
[0.838s] adding license file 'LICENSE'
[0.839s] writing manifest file '../../build/teleoperator/teleoperator.egg-info/SOURCES.txt'
[0.839s] running build
[0.839s] running build_py
[0.839s] creating /home/josh/igris_c_ws/build/teleoperator/build
[0.839s] creating /home/josh/igris_c_ws/build/teleoperator/build/lib
[0.839s] creating /home/josh/igris_c_ws/build/teleoperator/build/lib/teleoperator
[0.839s] copying teleoperator/teleop.py -> /home/josh/igris_c_ws/build/teleoperator/build/lib/teleoperator
[0.839s] copying teleoperator/__init__.py -> /home/josh/igris_c_ws/build/teleoperator/build/lib/teleoperator
[0.839s] running install
[0.840s] running install_lib
[0.840s] creating /home/josh/igris_c_ws/install/teleoperator/lib/python3.10/site-packages/teleoperator
[0.840s] copying /home/josh/igris_c_ws/build/teleoperator/build/lib/teleoperator/teleop.py -> /home/josh/igris_c_ws/install/teleoperator/lib/python3.10/site-packages/teleoperator
[0.840s] copying /home/josh/igris_c_ws/build/teleoperator/build/lib/teleoperator/__init__.py -> /home/josh/igris_c_ws/install/teleoperator/lib/python3.10/site-packages/teleoperator
[0.841s] byte-compiling /home/josh/igris_c_ws/install/teleoperator/lib/python3.10/site-packages/teleoperator/teleop.py to teleop.cpython-310.pyc
[0.842s] byte-compiling /home/josh/igris_c_ws/install/teleoperator/lib/python3.10/site-packages/teleoperator/__init__.py to __init__.cpython-310.pyc
[0.842s] running install_data
[0.842s] creating /home/josh/igris_c_ws/install/teleoperator/share/ament_index
[0.842s] creating /home/josh/igris_c_ws/install/teleoperator/share/ament_index/resource_index
[0.842s] creating /home/josh/igris_c_ws/install/teleoperator/share/ament_index/resource_index/packages
[0.842s] copying resource/teleoperator -> /home/josh/igris_c_ws/install/teleoperator/share/ament_index/resource_index/packages
[0.842s] copying package.xml -> /home/josh/igris_c_ws/install/teleoperator/share/teleoperator
[0.843s] running install_egg_info
[0.843s] Copying ../../build/teleoperator/teleoperator.egg-info to /home/josh/igris_c_ws/install/teleoperator/lib/python3.10/site-packages/teleoperator-0.0.0-py3.10.egg-info
[0.844s] running install_scripts
[0.855s] Installing joint script to /home/josh/igris_c_ws/install/teleoperator/lib/teleoperator
[0.855s] writing list of installed files to '/home/josh/igris_c_ws/build/teleoperator/install.log'
[0.872s] Invoked command in '/home/josh/igris_c_ws/src/teleoperator' returned '0': PYTHONPATH=/home/josh/igris_c_ws/build/teleoperator/prefix_override:/usr/lib/python3/dist-packages/colcon_core/task/python/colcon_distutils_commands:/home/josh/igris_c_ws/install/teleoperator/lib/python3.10/site-packages:${PYTHONPATH} /usr/bin/python3 -W ignore:setup.py install is deprecated -W ignore:easy_install command is deprecated setup.py egg_info --egg-base ../../build/teleoperator build --build-base /home/josh/igris_c_ws/build/teleoperator/build install --record /home/josh/igris_c_ws/build/teleoperator/install.log --single-version-externally-managed install_data
